<?xml version="1.0" encoding="UTF-8"?>
<!-- Generated by org.testng.reporters.JUnitXMLReporter -->
<testsuite ignored="2" hostname="DESKTOP-BGPMGNP" failures="11" tests="13" name="Surefire test" time="66.792" errors="0" timestamp="25 May 2023 10:46:44 GMT">
  <testcase classname="testClasses.LoginTest" name="NoUser_Login" time="6.077"/>
  <testcase classname="testClasses.LoginTest" name="valid_Login" time="24.866"/>
  <testcase classname="testClasses.LoginTest" name="launchApp_already_LoggedIn_User" time="2.054">
    <failure type="org.openqa.selenium.NoSuchElementException" message="An element could not be located on the page using the given search parameters.
For documentation on this error, please visit: http://seleniumhq.org/exceptions/no_such_element.html
Build info: version: &amp;apos;3.5.3&amp;apos;, revision: &amp;apos;a88d25fe6b&amp;apos;, time: &amp;apos;2017-08-29T12:42:44.417Z&amp;apos;
System info: host: &amp;apos;DESKTOP-BGPMGNP&amp;apos;, ip: &amp;apos;192.168.1.5&amp;apos;, os.name: &amp;apos;Windows 11&amp;apos;, os.arch: &amp;apos;amd64&amp;apos;, os.version: &amp;apos;10.0&amp;apos;, java.version: &amp;apos;20.0.1&amp;apos;
Driver info: io.appium.java_client.android.AndroidDriver
Capabilities [{app=C:\Users\Itsqe\eclipse-workspace\AppiumRiverComics\RiverComicsAPK\base.apk, appPackage=com.river.comics.us, deviceScreenSize=1080x2220, networkConnectionEnabled=true, statBarHeight=66, warnings={}, viewportRect={top=66, left=0, width=1080, height=2022}, databaseEnabled=false, deviceName=emulator-5554, platform=LINUX, deviceUDID=emulator-5554, desired={app=C:\Users\Itsqe\eclipse-workspace\AppiumRiverComics\RiverComicsAPK\base.apk, platformVersion=11.0, automationName=Appium, platformName=Android, deviceName=Pixel 3a API 30}, platformVersion=11, pixelRatio=2.75, webStorageEnabled=false, locationContextEnabled=false, automationName=Appium, takesScreenshot=true, javascriptEnabled=true, deviceScreenDensity=440, deviceModel=sdk_gphone_x86, deviceApiLevel=30, deviceManufacturer=Google, platformName=LINUX}]
Session ID: eb6d38c7-4f44-4f92-9ca2-02ef9ba75bc8
*** Element info: {Using=id, value=com.river.comics.us:id/etEmail}">
      <![CDATA[org.openqa.selenium.NoSuchElementException: An element could not be located on the page using the given search parameters.
For documentation on this error, please visit: http://seleniumhq.org/exceptions/no_such_element.html
Build info: version: '3.5.3', revision: 'a88d25fe6b', time: '2017-08-29T12:42:44.417Z'
System info: host: 'DESKTOP-BGPMGNP', ip: '192.168.1.5', os.name: 'Windows 11', os.arch: 'amd64', os.version: '10.0', java.version: '20.0.1'
Driver info: io.appium.java_client.android.AndroidDriver
Capabilities [{app=C:\Users\Itsqe\eclipse-workspace\AppiumRiverComics\RiverComicsAPK\base.apk, appPackage=com.river.comics.us, deviceScreenSize=1080x2220, networkConnectionEnabled=true, statBarHeight=66, warnings={}, viewportRect={top=66, left=0, width=1080, height=2022}, databaseEnabled=false, deviceName=emulator-5554, platform=LINUX, deviceUDID=emulator-5554, desired={app=C:\Users\Itsqe\eclipse-workspace\AppiumRiverComics\RiverComicsAPK\base.apk, platformVersion=11.0, automationName=Appium, platformName=Android, deviceName=Pixel 3a API 30}, platformVersion=11, pixelRatio=2.75, webStorageEnabled=false, locationContextEnabled=false, automationName=Appium, takesScreenshot=true, javascriptEnabled=true, deviceScreenDensity=440, deviceModel=sdk_gphone_x86, deviceApiLevel=30, deviceManufacturer=Google, platformName=LINUX}]
Session ID: eb6d38c7-4f44-4f92-9ca2-02ef9ba75bc8
*** Element info: {Using=id, value=com.river.comics.us:id/etEmail}
	at org.openqa.selenium.remote.http.W3CHttpResponseCodec.createException(W3CHttpResponseCodec.java:185)
	at org.openqa.selenium.remote.http.W3CHttpResponseCodec.decode(W3CHttpResponseCodec.java:120)
	at org.openqa.selenium.remote.http.W3CHttpResponseCodec.decode(W3CHttpResponseCodec.java:49)
	at org.openqa.selenium.remote.HttpCommandExecutor.execute(HttpCommandExecutor.java:164)
	at io.appium.java_client.remote.AppiumCommandExecutor.execute(AppiumCommandExecutor.java:52)
	at org.openqa.selenium.remote.RemoteWebDriver.execute(RemoteWebDriver.java:646)
	at io.appium.java_client.DefaultGenericMobileDriver.execute(DefaultGenericMobileDriver.java:42)
	at io.appium.java_client.AppiumDriver.execute(AppiumDriver.java:1)
	at io.appium.java_client.android.AndroidDriver.execute(AndroidDriver.java:1)
	at org.openqa.selenium.remote.RemoteWebDriver.findElement(RemoteWebDriver.java:416)
	at org.openqa.selenium.remote.RemoteWebDriver.findElementById(RemoteWebDriver.java:462)
	at io.appium.java_client.DefaultGenericMobileDriver.findElementById(DefaultGenericMobileDriver.java:62)
	at io.appium.java_client.AppiumDriver.findElementById(AppiumDriver.java:1)
	at io.appium.java_client.android.AndroidDriver.findElementById(AndroidDriver.java:1)
	at org.openqa.selenium.By$ById.findElement(By.java:218)
	at org.openqa.selenium.remote.RemoteWebDriver.findElement(RemoteWebDriver.java:408)
	at io.appium.java_client.DefaultGenericMobileDriver.findElement(DefaultGenericMobileDriver.java:52)
	at io.appium.java_client.AppiumDriver.findElement(AppiumDriver.java:1)
	at io.appium.java_client.android.AndroidDriver.findElement(AndroidDriver.java:1)
	at base.BasePage.sendKeys(BasePage.java:64)
	at pageObjects.Login.enterUserName(Login.java:41)
	at testClasses.LoginTest.launchApp_already_LoggedIn_User(LoginTest.java:39)
... Removed 31 stack frames]]>
    </failure>
  </testcase> <!-- launchApp_already_LoggedIn_User -->
  <testcase classname="testClasses.LoginTest" name="userName_Field_Blank" time="2.029">
    <failure type="org.openqa.selenium.NoSuchElementException" message="An element could not be located on the page using the given search parameters.
For documentation on this error, please visit: http://seleniumhq.org/exceptions/no_such_element.html
Build info: version: &amp;apos;3.5.3&amp;apos;, revision: &amp;apos;a88d25fe6b&amp;apos;, time: &amp;apos;2017-08-29T12:42:44.417Z&amp;apos;
System info: host: &amp;apos;DESKTOP-BGPMGNP&amp;apos;, ip: &amp;apos;192.168.1.5&amp;apos;, os.name: &amp;apos;Windows 11&amp;apos;, os.arch: &amp;apos;amd64&amp;apos;, os.version: &amp;apos;10.0&amp;apos;, java.version: &amp;apos;20.0.1&amp;apos;
Driver info: io.appium.java_client.android.AndroidDriver
Capabilities [{app=C:\Users\Itsqe\eclipse-workspace\AppiumRiverComics\RiverComicsAPK\base.apk, appPackage=com.river.comics.us, deviceScreenSize=1080x2220, networkConnectionEnabled=true, statBarHeight=66, warnings={}, viewportRect={top=66, left=0, width=1080, height=2022}, databaseEnabled=false, deviceName=emulator-5554, platform=LINUX, deviceUDID=emulator-5554, desired={app=C:\Users\Itsqe\eclipse-workspace\AppiumRiverComics\RiverComicsAPK\base.apk, platformVersion=11.0, automationName=Appium, platformName=Android, deviceName=Pixel 3a API 30}, platformVersion=11, pixelRatio=2.75, webStorageEnabled=false, locationContextEnabled=false, automationName=Appium, takesScreenshot=true, javascriptEnabled=true, deviceScreenDensity=440, deviceModel=sdk_gphone_x86, deviceApiLevel=30, deviceManufacturer=Google, platformName=LINUX}]
Session ID: eb6d38c7-4f44-4f92-9ca2-02ef9ba75bc8
*** Element info: {Using=id, value=com.river.comics.us:id/etPassword}">
      <![CDATA[org.openqa.selenium.NoSuchElementException: An element could not be located on the page using the given search parameters.
For documentation on this error, please visit: http://seleniumhq.org/exceptions/no_such_element.html
Build info: version: '3.5.3', revision: 'a88d25fe6b', time: '2017-08-29T12:42:44.417Z'
System info: host: 'DESKTOP-BGPMGNP', ip: '192.168.1.5', os.name: 'Windows 11', os.arch: 'amd64', os.version: '10.0', java.version: '20.0.1'
Driver info: io.appium.java_client.android.AndroidDriver
Capabilities [{app=C:\Users\Itsqe\eclipse-workspace\AppiumRiverComics\RiverComicsAPK\base.apk, appPackage=com.river.comics.us, deviceScreenSize=1080x2220, networkConnectionEnabled=true, statBarHeight=66, warnings={}, viewportRect={top=66, left=0, width=1080, height=2022}, databaseEnabled=false, deviceName=emulator-5554, platform=LINUX, deviceUDID=emulator-5554, desired={app=C:\Users\Itsqe\eclipse-workspace\AppiumRiverComics\RiverComicsAPK\base.apk, platformVersion=11.0, automationName=Appium, platformName=Android, deviceName=Pixel 3a API 30}, platformVersion=11, pixelRatio=2.75, webStorageEnabled=false, locationContextEnabled=false, automationName=Appium, takesScreenshot=true, javascriptEnabled=true, deviceScreenDensity=440, deviceModel=sdk_gphone_x86, deviceApiLevel=30, deviceManufacturer=Google, platformName=LINUX}]
Session ID: eb6d38c7-4f44-4f92-9ca2-02ef9ba75bc8
*** Element info: {Using=id, value=com.river.comics.us:id/etPassword}
	at org.openqa.selenium.remote.http.W3CHttpResponseCodec.createException(W3CHttpResponseCodec.java:185)
	at org.openqa.selenium.remote.http.W3CHttpResponseCodec.decode(W3CHttpResponseCodec.java:120)
	at org.openqa.selenium.remote.http.W3CHttpResponseCodec.decode(W3CHttpResponseCodec.java:49)
	at org.openqa.selenium.remote.HttpCommandExecutor.execute(HttpCommandExecutor.java:164)
	at io.appium.java_client.remote.AppiumCommandExecutor.execute(AppiumCommandExecutor.java:52)
	at org.openqa.selenium.remote.RemoteWebDriver.execute(RemoteWebDriver.java:646)
	at io.appium.java_client.DefaultGenericMobileDriver.execute(DefaultGenericMobileDriver.java:42)
	at io.appium.java_client.AppiumDriver.execute(AppiumDriver.java:1)
	at io.appium.java_client.android.AndroidDriver.execute(AndroidDriver.java:1)
	at org.openqa.selenium.remote.RemoteWebDriver.findElement(RemoteWebDriver.java:416)
	at org.openqa.selenium.remote.RemoteWebDriver.findElementById(RemoteWebDriver.java:462)
	at io.appium.java_client.DefaultGenericMobileDriver.findElementById(DefaultGenericMobileDriver.java:62)
	at io.appium.java_client.AppiumDriver.findElementById(AppiumDriver.java:1)
	at io.appium.java_client.android.AndroidDriver.findElementById(AndroidDriver.java:1)
	at org.openqa.selenium.By$ById.findElement(By.java:218)
	at org.openqa.selenium.remote.RemoteWebDriver.findElement(RemoteWebDriver.java:408)
	at io.appium.java_client.DefaultGenericMobileDriver.findElement(DefaultGenericMobileDriver.java:52)
	at io.appium.java_client.AppiumDriver.findElement(AppiumDriver.java:1)
	at io.appium.java_client.android.AndroidDriver.findElement(AndroidDriver.java:1)
	at base.BasePage.sendKeys(BasePage.java:64)
	at pageObjects.Login.enterPassword(Login.java:46)
	at testClasses.LoginTest.userName_Field_Blank(LoginTest.java:56)
... Removed 31 stack frames]]>
    </failure>
  </testcase> <!-- userName_Field_Blank -->
  <testcase classname="testClasses.LoginTest" name="password_Field_Blank" time="2.039">
    <failure type="org.openqa.selenium.NoSuchElementException" message="An element could not be located on the page using the given search parameters.
For documentation on this error, please visit: http://seleniumhq.org/exceptions/no_such_element.html
Build info: version: &amp;apos;3.5.3&amp;apos;, revision: &amp;apos;a88d25fe6b&amp;apos;, time: &amp;apos;2017-08-29T12:42:44.417Z&amp;apos;
System info: host: &amp;apos;DESKTOP-BGPMGNP&amp;apos;, ip: &amp;apos;192.168.1.5&amp;apos;, os.name: &amp;apos;Windows 11&amp;apos;, os.arch: &amp;apos;amd64&amp;apos;, os.version: &amp;apos;10.0&amp;apos;, java.version: &amp;apos;20.0.1&amp;apos;
Driver info: io.appium.java_client.android.AndroidDriver
Capabilities [{app=C:\Users\Itsqe\eclipse-workspace\AppiumRiverComics\RiverComicsAPK\base.apk, appPackage=com.river.comics.us, deviceScreenSize=1080x2220, networkConnectionEnabled=true, statBarHeight=66, warnings={}, viewportRect={top=66, left=0, width=1080, height=2022}, databaseEnabled=false, deviceName=emulator-5554, platform=LINUX, deviceUDID=emulator-5554, desired={app=C:\Users\Itsqe\eclipse-workspace\AppiumRiverComics\RiverComicsAPK\base.apk, platformVersion=11.0, automationName=Appium, platformName=Android, deviceName=Pixel 3a API 30}, platformVersion=11, pixelRatio=2.75, webStorageEnabled=false, locationContextEnabled=false, automationName=Appium, takesScreenshot=true, javascriptEnabled=true, deviceScreenDensity=440, deviceModel=sdk_gphone_x86, deviceApiLevel=30, deviceManufacturer=Google, platformName=LINUX}]
Session ID: eb6d38c7-4f44-4f92-9ca2-02ef9ba75bc8
*** Element info: {Using=id, value=com.river.comics.us:id/etEmail}">
      <![CDATA[org.openqa.selenium.NoSuchElementException: An element could not be located on the page using the given search parameters.
For documentation on this error, please visit: http://seleniumhq.org/exceptions/no_such_element.html
Build info: version: '3.5.3', revision: 'a88d25fe6b', time: '2017-08-29T12:42:44.417Z'
System info: host: 'DESKTOP-BGPMGNP', ip: '192.168.1.5', os.name: 'Windows 11', os.arch: 'amd64', os.version: '10.0', java.version: '20.0.1'
Driver info: io.appium.java_client.android.AndroidDriver
Capabilities [{app=C:\Users\Itsqe\eclipse-workspace\AppiumRiverComics\RiverComicsAPK\base.apk, appPackage=com.river.comics.us, deviceScreenSize=1080x2220, networkConnectionEnabled=true, statBarHeight=66, warnings={}, viewportRect={top=66, left=0, width=1080, height=2022}, databaseEnabled=false, deviceName=emulator-5554, platform=LINUX, deviceUDID=emulator-5554, desired={app=C:\Users\Itsqe\eclipse-workspace\AppiumRiverComics\RiverComicsAPK\base.apk, platformVersion=11.0, automationName=Appium, platformName=Android, deviceName=Pixel 3a API 30}, platformVersion=11, pixelRatio=2.75, webStorageEnabled=false, locationContextEnabled=false, automationName=Appium, takesScreenshot=true, javascriptEnabled=true, deviceScreenDensity=440, deviceModel=sdk_gphone_x86, deviceApiLevel=30, deviceManufacturer=Google, platformName=LINUX}]
Session ID: eb6d38c7-4f44-4f92-9ca2-02ef9ba75bc8
*** Element info: {Using=id, value=com.river.comics.us:id/etEmail}
	at org.openqa.selenium.remote.http.W3CHttpResponseCodec.createException(W3CHttpResponseCodec.java:185)
	at org.openqa.selenium.remote.http.W3CHttpResponseCodec.decode(W3CHttpResponseCodec.java:120)
	at org.openqa.selenium.remote.http.W3CHttpResponseCodec.decode(W3CHttpResponseCodec.java:49)
	at org.openqa.selenium.remote.HttpCommandExecutor.execute(HttpCommandExecutor.java:164)
	at io.appium.java_client.remote.AppiumCommandExecutor.execute(AppiumCommandExecutor.java:52)
	at org.openqa.selenium.remote.RemoteWebDriver.execute(RemoteWebDriver.java:646)
	at io.appium.java_client.DefaultGenericMobileDriver.execute(DefaultGenericMobileDriver.java:42)
	at io.appium.java_client.AppiumDriver.execute(AppiumDriver.java:1)
	at io.appium.java_client.android.AndroidDriver.execute(AndroidDriver.java:1)
	at org.openqa.selenium.remote.RemoteWebDriver.findElement(RemoteWebDriver.java:416)
	at org.openqa.selenium.remote.RemoteWebDriver.findElementById(RemoteWebDriver.java:462)
	at io.appium.java_client.DefaultGenericMobileDriver.findElementById(DefaultGenericMobileDriver.java:62)
	at io.appium.java_client.AppiumDriver.findElementById(AppiumDriver.java:1)
	at io.appium.java_client.android.AndroidDriver.findElementById(AndroidDriver.java:1)
	at org.openqa.selenium.By$ById.findElement(By.java:218)
	at org.openqa.selenium.remote.RemoteWebDriver.findElement(RemoteWebDriver.java:408)
	at io.appium.java_client.DefaultGenericMobileDriver.findElement(DefaultGenericMobileDriver.java:52)
	at io.appium.java_client.AppiumDriver.findElement(AppiumDriver.java:1)
	at io.appium.java_client.android.AndroidDriver.findElement(AndroidDriver.java:1)
	at base.BasePage.sendKeys(BasePage.java:64)
	at pageObjects.Login.enterUserName(Login.java:41)
	at testClasses.LoginTest.password_Field_Blank(LoginTest.java:66)
... Removed 31 stack frames]]>
    </failure>
  </testcase> <!-- password_Field_Blank -->
  <testcase classname="testClasses.LoginTest" name="invalid_Username_Login" time="2.028">
    <failure type="org.openqa.selenium.NoSuchElementException" message="An element could not be located on the page using the given search parameters.
For documentation on this error, please visit: http://seleniumhq.org/exceptions/no_such_element.html
Build info: version: &amp;apos;3.5.3&amp;apos;, revision: &amp;apos;a88d25fe6b&amp;apos;, time: &amp;apos;2017-08-29T12:42:44.417Z&amp;apos;
System info: host: &amp;apos;DESKTOP-BGPMGNP&amp;apos;, ip: &amp;apos;192.168.1.5&amp;apos;, os.name: &amp;apos;Windows 11&amp;apos;, os.arch: &amp;apos;amd64&amp;apos;, os.version: &amp;apos;10.0&amp;apos;, java.version: &amp;apos;20.0.1&amp;apos;
Driver info: io.appium.java_client.android.AndroidDriver
Capabilities [{app=C:\Users\Itsqe\eclipse-workspace\AppiumRiverComics\RiverComicsAPK\base.apk, appPackage=com.river.comics.us, deviceScreenSize=1080x2220, networkConnectionEnabled=true, statBarHeight=66, warnings={}, viewportRect={top=66, left=0, width=1080, height=2022}, databaseEnabled=false, deviceName=emulator-5554, platform=LINUX, deviceUDID=emulator-5554, desired={app=C:\Users\Itsqe\eclipse-workspace\AppiumRiverComics\RiverComicsAPK\base.apk, platformVersion=11.0, automationName=Appium, platformName=Android, deviceName=Pixel 3a API 30}, platformVersion=11, pixelRatio=2.75, webStorageEnabled=false, locationContextEnabled=false, automationName=Appium, takesScreenshot=true, javascriptEnabled=true, deviceScreenDensity=440, deviceModel=sdk_gphone_x86, deviceApiLevel=30, deviceManufacturer=Google, platformName=LINUX}]
Session ID: eb6d38c7-4f44-4f92-9ca2-02ef9ba75bc8
*** Element info: {Using=id, value=com.river.comics.us:id/etEmail}">
      <![CDATA[org.openqa.selenium.NoSuchElementException: An element could not be located on the page using the given search parameters.
For documentation on this error, please visit: http://seleniumhq.org/exceptions/no_such_element.html
Build info: version: '3.5.3', revision: 'a88d25fe6b', time: '2017-08-29T12:42:44.417Z'
System info: host: 'DESKTOP-BGPMGNP', ip: '192.168.1.5', os.name: 'Windows 11', os.arch: 'amd64', os.version: '10.0', java.version: '20.0.1'
Driver info: io.appium.java_client.android.AndroidDriver
Capabilities [{app=C:\Users\Itsqe\eclipse-workspace\AppiumRiverComics\RiverComicsAPK\base.apk, appPackage=com.river.comics.us, deviceScreenSize=1080x2220, networkConnectionEnabled=true, statBarHeight=66, warnings={}, viewportRect={top=66, left=0, width=1080, height=2022}, databaseEnabled=false, deviceName=emulator-5554, platform=LINUX, deviceUDID=emulator-5554, desired={app=C:\Users\Itsqe\eclipse-workspace\AppiumRiverComics\RiverComicsAPK\base.apk, platformVersion=11.0, automationName=Appium, platformName=Android, deviceName=Pixel 3a API 30}, platformVersion=11, pixelRatio=2.75, webStorageEnabled=false, locationContextEnabled=false, automationName=Appium, takesScreenshot=true, javascriptEnabled=true, deviceScreenDensity=440, deviceModel=sdk_gphone_x86, deviceApiLevel=30, deviceManufacturer=Google, platformName=LINUX}]
Session ID: eb6d38c7-4f44-4f92-9ca2-02ef9ba75bc8
*** Element info: {Using=id, value=com.river.comics.us:id/etEmail}
	at org.openqa.selenium.remote.http.W3CHttpResponseCodec.createException(W3CHttpResponseCodec.java:185)
	at org.openqa.selenium.remote.http.W3CHttpResponseCodec.decode(W3CHttpResponseCodec.java:120)
	at org.openqa.selenium.remote.http.W3CHttpResponseCodec.decode(W3CHttpResponseCodec.java:49)
	at org.openqa.selenium.remote.HttpCommandExecutor.execute(HttpCommandExecutor.java:164)
	at io.appium.java_client.remote.AppiumCommandExecutor.execute(AppiumCommandExecutor.java:52)
	at org.openqa.selenium.remote.RemoteWebDriver.execute(RemoteWebDriver.java:646)
	at io.appium.java_client.DefaultGenericMobileDriver.execute(DefaultGenericMobileDriver.java:42)
	at io.appium.java_client.AppiumDriver.execute(AppiumDriver.java:1)
	at io.appium.java_client.android.AndroidDriver.execute(AndroidDriver.java:1)
	at org.openqa.selenium.remote.RemoteWebDriver.findElement(RemoteWebDriver.java:416)
	at org.openqa.selenium.remote.RemoteWebDriver.findElementById(RemoteWebDriver.java:462)
	at io.appium.java_client.DefaultGenericMobileDriver.findElementById(DefaultGenericMobileDriver.java:62)
	at io.appium.java_client.AppiumDriver.findElementById(AppiumDriver.java:1)
	at io.appium.java_client.android.AndroidDriver.findElementById(AndroidDriver.java:1)
	at org.openqa.selenium.By$ById.findElement(By.java:218)
	at org.openqa.selenium.remote.RemoteWebDriver.findElement(RemoteWebDriver.java:408)
	at io.appium.java_client.DefaultGenericMobileDriver.findElement(DefaultGenericMobileDriver.java:52)
	at io.appium.java_client.AppiumDriver.findElement(AppiumDriver.java:1)
	at io.appium.java_client.android.AndroidDriver.findElement(AndroidDriver.java:1)
	at base.BasePage.sendKeys(BasePage.java:64)
	at pageObjects.Login.enterUserName(Login.java:41)
	at testClasses.LoginTest.invalid_Username_Login(LoginTest.java:76)
... Removed 31 stack frames]]>
    </failure>
  </testcase> <!-- invalid_Username_Login -->
  <testcase classname="testClasses.LoginTest" name="invalid_Password_Login" time="2.145">
    <failure type="org.openqa.selenium.NoSuchElementException" message="An element could not be located on the page using the given search parameters.
For documentation on this error, please visit: http://seleniumhq.org/exceptions/no_such_element.html
Build info: version: &amp;apos;3.5.3&amp;apos;, revision: &amp;apos;a88d25fe6b&amp;apos;, time: &amp;apos;2017-08-29T12:42:44.417Z&amp;apos;
System info: host: &amp;apos;DESKTOP-BGPMGNP&amp;apos;, ip: &amp;apos;192.168.1.5&amp;apos;, os.name: &amp;apos;Windows 11&amp;apos;, os.arch: &amp;apos;amd64&amp;apos;, os.version: &amp;apos;10.0&amp;apos;, java.version: &amp;apos;20.0.1&amp;apos;
Driver info: io.appium.java_client.android.AndroidDriver
Capabilities [{app=C:\Users\Itsqe\eclipse-workspace\AppiumRiverComics\RiverComicsAPK\base.apk, appPackage=com.river.comics.us, deviceScreenSize=1080x2220, networkConnectionEnabled=true, statBarHeight=66, warnings={}, viewportRect={top=66, left=0, width=1080, height=2022}, databaseEnabled=false, deviceName=emulator-5554, platform=LINUX, deviceUDID=emulator-5554, desired={app=C:\Users\Itsqe\eclipse-workspace\AppiumRiverComics\RiverComicsAPK\base.apk, platformVersion=11.0, automationName=Appium, platformName=Android, deviceName=Pixel 3a API 30}, platformVersion=11, pixelRatio=2.75, webStorageEnabled=false, locationContextEnabled=false, automationName=Appium, takesScreenshot=true, javascriptEnabled=true, deviceScreenDensity=440, deviceModel=sdk_gphone_x86, deviceApiLevel=30, deviceManufacturer=Google, platformName=LINUX}]
Session ID: eb6d38c7-4f44-4f92-9ca2-02ef9ba75bc8
*** Element info: {Using=id, value=com.river.comics.us:id/etEmail}">
      <![CDATA[org.openqa.selenium.NoSuchElementException: An element could not be located on the page using the given search parameters.
For documentation on this error, please visit: http://seleniumhq.org/exceptions/no_such_element.html
Build info: version: '3.5.3', revision: 'a88d25fe6b', time: '2017-08-29T12:42:44.417Z'
System info: host: 'DESKTOP-BGPMGNP', ip: '192.168.1.5', os.name: 'Windows 11', os.arch: 'amd64', os.version: '10.0', java.version: '20.0.1'
Driver info: io.appium.java_client.android.AndroidDriver
Capabilities [{app=C:\Users\Itsqe\eclipse-workspace\AppiumRiverComics\RiverComicsAPK\base.apk, appPackage=com.river.comics.us, deviceScreenSize=1080x2220, networkConnectionEnabled=true, statBarHeight=66, warnings={}, viewportRect={top=66, left=0, width=1080, height=2022}, databaseEnabled=false, deviceName=emulator-5554, platform=LINUX, deviceUDID=emulator-5554, desired={app=C:\Users\Itsqe\eclipse-workspace\AppiumRiverComics\RiverComicsAPK\base.apk, platformVersion=11.0, automationName=Appium, platformName=Android, deviceName=Pixel 3a API 30}, platformVersion=11, pixelRatio=2.75, webStorageEnabled=false, locationContextEnabled=false, automationName=Appium, takesScreenshot=true, javascriptEnabled=true, deviceScreenDensity=440, deviceModel=sdk_gphone_x86, deviceApiLevel=30, deviceManufacturer=Google, platformName=LINUX}]
Session ID: eb6d38c7-4f44-4f92-9ca2-02ef9ba75bc8
*** Element info: {Using=id, value=com.river.comics.us:id/etEmail}
	at org.openqa.selenium.remote.http.W3CHttpResponseCodec.createException(W3CHttpResponseCodec.java:185)
	at org.openqa.selenium.remote.http.W3CHttpResponseCodec.decode(W3CHttpResponseCodec.java:120)
	at org.openqa.selenium.remote.http.W3CHttpResponseCodec.decode(W3CHttpResponseCodec.java:49)
	at org.openqa.selenium.remote.HttpCommandExecutor.execute(HttpCommandExecutor.java:164)
	at io.appium.java_client.remote.AppiumCommandExecutor.execute(AppiumCommandExecutor.java:52)
	at org.openqa.selenium.remote.RemoteWebDriver.execute(RemoteWebDriver.java:646)
	at io.appium.java_client.DefaultGenericMobileDriver.execute(DefaultGenericMobileDriver.java:42)
	at io.appium.java_client.AppiumDriver.execute(AppiumDriver.java:1)
	at io.appium.java_client.android.AndroidDriver.execute(AndroidDriver.java:1)
	at org.openqa.selenium.remote.RemoteWebDriver.findElement(RemoteWebDriver.java:416)
	at org.openqa.selenium.remote.RemoteWebDriver.findElementById(RemoteWebDriver.java:462)
	at io.appium.java_client.DefaultGenericMobileDriver.findElementById(DefaultGenericMobileDriver.java:62)
	at io.appium.java_client.AppiumDriver.findElementById(AppiumDriver.java:1)
	at io.appium.java_client.android.AndroidDriver.findElementById(AndroidDriver.java:1)
	at org.openqa.selenium.By$ById.findElement(By.java:218)
	at org.openqa.selenium.remote.RemoteWebDriver.findElement(RemoteWebDriver.java:408)
	at io.appium.java_client.DefaultGenericMobileDriver.findElement(DefaultGenericMobileDriver.java:52)
	at io.appium.java_client.AppiumDriver.findElement(AppiumDriver.java:1)
	at io.appium.java_client.android.AndroidDriver.findElement(AndroidDriver.java:1)
	at base.BasePage.sendKeys(BasePage.java:64)
	at pageObjects.Login.enterUserName(Login.java:41)
	at testClasses.LoginTest.invalid_Password_Login(LoginTest.java:86)
... Removed 31 stack frames]]>
    </failure>
  </testcase> <!-- invalid_Password_Login -->
  <testcase classname="testClasses.UnsubscribedUserTest" name="UnsubscribedUser" time="2.031">
    <failure type="org.openqa.selenium.NoSuchElementException" message="An element could not be located on the page using the given search parameters.
For documentation on this error, please visit: http://seleniumhq.org/exceptions/no_such_element.html
Build info: version: &amp;apos;3.5.3&amp;apos;, revision: &amp;apos;a88d25fe6b&amp;apos;, time: &amp;apos;2017-08-29T12:42:44.417Z&amp;apos;
System info: host: &amp;apos;DESKTOP-BGPMGNP&amp;apos;, ip: &amp;apos;192.168.1.5&amp;apos;, os.name: &amp;apos;Windows 11&amp;apos;, os.arch: &amp;apos;amd64&amp;apos;, os.version: &amp;apos;10.0&amp;apos;, java.version: &amp;apos;20.0.1&amp;apos;
Driver info: io.appium.java_client.android.AndroidDriver
Capabilities [{app=C:\Users\Itsqe\eclipse-workspace\AppiumRiverComics\RiverComicsAPK\base.apk, appPackage=com.river.comics.us, deviceScreenSize=1080x2220, networkConnectionEnabled=true, statBarHeight=66, warnings={}, viewportRect={top=66, left=0, width=1080, height=2022}, databaseEnabled=false, deviceName=emulator-5554, platform=LINUX, deviceUDID=emulator-5554, desired={app=C:\Users\Itsqe\eclipse-workspace\AppiumRiverComics\RiverComicsAPK\base.apk, platformVersion=11.0, automationName=Appium, platformName=Android, deviceName=Pixel 3a API 30}, platformVersion=11, pixelRatio=2.75, webStorageEnabled=false, locationContextEnabled=false, automationName=Appium, takesScreenshot=true, javascriptEnabled=true, deviceScreenDensity=440, deviceModel=sdk_gphone_x86, deviceApiLevel=30, deviceManufacturer=Google, platformName=LINUX}]
Session ID: eb6d38c7-4f44-4f92-9ca2-02ef9ba75bc8
*** Element info: {Using=id, value=com.river.comics.us:id/etEmail}">
      <![CDATA[org.openqa.selenium.NoSuchElementException: An element could not be located on the page using the given search parameters.
For documentation on this error, please visit: http://seleniumhq.org/exceptions/no_such_element.html
Build info: version: '3.5.3', revision: 'a88d25fe6b', time: '2017-08-29T12:42:44.417Z'
System info: host: 'DESKTOP-BGPMGNP', ip: '192.168.1.5', os.name: 'Windows 11', os.arch: 'amd64', os.version: '10.0', java.version: '20.0.1'
Driver info: io.appium.java_client.android.AndroidDriver
Capabilities [{app=C:\Users\Itsqe\eclipse-workspace\AppiumRiverComics\RiverComicsAPK\base.apk, appPackage=com.river.comics.us, deviceScreenSize=1080x2220, networkConnectionEnabled=true, statBarHeight=66, warnings={}, viewportRect={top=66, left=0, width=1080, height=2022}, databaseEnabled=false, deviceName=emulator-5554, platform=LINUX, deviceUDID=emulator-5554, desired={app=C:\Users\Itsqe\eclipse-workspace\AppiumRiverComics\RiverComicsAPK\base.apk, platformVersion=11.0, automationName=Appium, platformName=Android, deviceName=Pixel 3a API 30}, platformVersion=11, pixelRatio=2.75, webStorageEnabled=false, locationContextEnabled=false, automationName=Appium, takesScreenshot=true, javascriptEnabled=true, deviceScreenDensity=440, deviceModel=sdk_gphone_x86, deviceApiLevel=30, deviceManufacturer=Google, platformName=LINUX}]
Session ID: eb6d38c7-4f44-4f92-9ca2-02ef9ba75bc8
*** Element info: {Using=id, value=com.river.comics.us:id/etEmail}
	at org.openqa.selenium.remote.http.W3CHttpResponseCodec.createException(W3CHttpResponseCodec.java:185)
	at org.openqa.selenium.remote.http.W3CHttpResponseCodec.decode(W3CHttpResponseCodec.java:120)
	at org.openqa.selenium.remote.http.W3CHttpResponseCodec.decode(W3CHttpResponseCodec.java:49)
	at org.openqa.selenium.remote.HttpCommandExecutor.execute(HttpCommandExecutor.java:164)
	at io.appium.java_client.remote.AppiumCommandExecutor.execute(AppiumCommandExecutor.java:52)
	at org.openqa.selenium.remote.RemoteWebDriver.execute(RemoteWebDriver.java:646)
	at io.appium.java_client.DefaultGenericMobileDriver.execute(DefaultGenericMobileDriver.java:42)
	at io.appium.java_client.AppiumDriver.execute(AppiumDriver.java:1)
	at io.appium.java_client.android.AndroidDriver.execute(AndroidDriver.java:1)
	at org.openqa.selenium.remote.RemoteWebDriver.findElement(RemoteWebDriver.java:416)
	at org.openqa.selenium.remote.RemoteWebDriver.findElementById(RemoteWebDriver.java:462)
	at io.appium.java_client.DefaultGenericMobileDriver.findElementById(DefaultGenericMobileDriver.java:62)
	at io.appium.java_client.AppiumDriver.findElementById(AppiumDriver.java:1)
	at io.appium.java_client.android.AndroidDriver.findElementById(AndroidDriver.java:1)
	at org.openqa.selenium.By$ById.findElement(By.java:218)
	at org.openqa.selenium.remote.RemoteWebDriver.findElement(RemoteWebDriver.java:408)
	at io.appium.java_client.DefaultGenericMobileDriver.findElement(DefaultGenericMobileDriver.java:52)
	at io.appium.java_client.AppiumDriver.findElement(AppiumDriver.java:1)
	at io.appium.java_client.android.AndroidDriver.findElement(AndroidDriver.java:1)
	at base.BasePage.sendKeys(BasePage.java:64)
	at pageObjects.Login.enterUserName(Login.java:41)
	at pageObjects.Login.validate_Login(Login.java:62)
	at testClasses.UnsubscribedUserTest.UnsubscribedUser(UnsubscribedUserTest.java:21)
... Removed 31 stack frames]]>
    </failure>
  </testcase> <!-- UnsubscribedUser -->
  <testcase classname="testClasses.LoginTest" name="decrypted_Password" time="2.051">
    <failure type="org.openqa.selenium.NoSuchElementException" message="An element could not be located on the page using the given search parameters.
For documentation on this error, please visit: http://seleniumhq.org/exceptions/no_such_element.html
Build info: version: &amp;apos;3.5.3&amp;apos;, revision: &amp;apos;a88d25fe6b&amp;apos;, time: &amp;apos;2017-08-29T12:42:44.417Z&amp;apos;
System info: host: &amp;apos;DESKTOP-BGPMGNP&amp;apos;, ip: &amp;apos;192.168.1.5&amp;apos;, os.name: &amp;apos;Windows 11&amp;apos;, os.arch: &amp;apos;amd64&amp;apos;, os.version: &amp;apos;10.0&amp;apos;, java.version: &amp;apos;20.0.1&amp;apos;
Driver info: io.appium.java_client.android.AndroidDriver
Capabilities [{app=C:\Users\Itsqe\eclipse-workspace\AppiumRiverComics\RiverComicsAPK\base.apk, appPackage=com.river.comics.us, deviceScreenSize=1080x2220, networkConnectionEnabled=true, statBarHeight=66, warnings={}, viewportRect={top=66, left=0, width=1080, height=2022}, databaseEnabled=false, deviceName=emulator-5554, platform=LINUX, deviceUDID=emulator-5554, desired={app=C:\Users\Itsqe\eclipse-workspace\AppiumRiverComics\RiverComicsAPK\base.apk, platformVersion=11.0, automationName=Appium, platformName=Android, deviceName=Pixel 3a API 30}, platformVersion=11, pixelRatio=2.75, webStorageEnabled=false, locationContextEnabled=false, automationName=Appium, takesScreenshot=true, javascriptEnabled=true, deviceScreenDensity=440, deviceModel=sdk_gphone_x86, deviceApiLevel=30, deviceManufacturer=Google, platformName=LINUX}]
Session ID: eb6d38c7-4f44-4f92-9ca2-02ef9ba75bc8
*** Element info: {Using=id, value=com.river.comics.us:id/etEmail}">
      <![CDATA[org.openqa.selenium.NoSuchElementException: An element could not be located on the page using the given search parameters.
For documentation on this error, please visit: http://seleniumhq.org/exceptions/no_such_element.html
Build info: version: '3.5.3', revision: 'a88d25fe6b', time: '2017-08-29T12:42:44.417Z'
System info: host: 'DESKTOP-BGPMGNP', ip: '192.168.1.5', os.name: 'Windows 11', os.arch: 'amd64', os.version: '10.0', java.version: '20.0.1'
Driver info: io.appium.java_client.android.AndroidDriver
Capabilities [{app=C:\Users\Itsqe\eclipse-workspace\AppiumRiverComics\RiverComicsAPK\base.apk, appPackage=com.river.comics.us, deviceScreenSize=1080x2220, networkConnectionEnabled=true, statBarHeight=66, warnings={}, viewportRect={top=66, left=0, width=1080, height=2022}, databaseEnabled=false, deviceName=emulator-5554, platform=LINUX, deviceUDID=emulator-5554, desired={app=C:\Users\Itsqe\eclipse-workspace\AppiumRiverComics\RiverComicsAPK\base.apk, platformVersion=11.0, automationName=Appium, platformName=Android, deviceName=Pixel 3a API 30}, platformVersion=11, pixelRatio=2.75, webStorageEnabled=false, locationContextEnabled=false, automationName=Appium, takesScreenshot=true, javascriptEnabled=true, deviceScreenDensity=440, deviceModel=sdk_gphone_x86, deviceApiLevel=30, deviceManufacturer=Google, platformName=LINUX}]
Session ID: eb6d38c7-4f44-4f92-9ca2-02ef9ba75bc8
*** Element info: {Using=id, value=com.river.comics.us:id/etEmail}
	at org.openqa.selenium.remote.http.W3CHttpResponseCodec.createException(W3CHttpResponseCodec.java:185)
	at org.openqa.selenium.remote.http.W3CHttpResponseCodec.decode(W3CHttpResponseCodec.java:120)
	at org.openqa.selenium.remote.http.W3CHttpResponseCodec.decode(W3CHttpResponseCodec.java:49)
	at org.openqa.selenium.remote.HttpCommandExecutor.execute(HttpCommandExecutor.java:164)
	at io.appium.java_client.remote.AppiumCommandExecutor.execute(AppiumCommandExecutor.java:52)
	at org.openqa.selenium.remote.RemoteWebDriver.execute(RemoteWebDriver.java:646)
	at io.appium.java_client.DefaultGenericMobileDriver.execute(DefaultGenericMobileDriver.java:42)
	at io.appium.java_client.AppiumDriver.execute(AppiumDriver.java:1)
	at io.appium.java_client.android.AndroidDriver.execute(AndroidDriver.java:1)
	at org.openqa.selenium.remote.RemoteWebDriver.findElement(RemoteWebDriver.java:416)
	at org.openqa.selenium.remote.RemoteWebDriver.findElementById(RemoteWebDriver.java:462)
	at io.appium.java_client.DefaultGenericMobileDriver.findElementById(DefaultGenericMobileDriver.java:62)
	at io.appium.java_client.AppiumDriver.findElementById(AppiumDriver.java:1)
	at io.appium.java_client.android.AndroidDriver.findElementById(AndroidDriver.java:1)
	at org.openqa.selenium.By$ById.findElement(By.java:218)
	at org.openqa.selenium.remote.RemoteWebDriver.findElement(RemoteWebDriver.java:408)
	at io.appium.java_client.DefaultGenericMobileDriver.findElement(DefaultGenericMobileDriver.java:52)
	at io.appium.java_client.AppiumDriver.findElement(AppiumDriver.java:1)
	at io.appium.java_client.android.AndroidDriver.findElement(AndroidDriver.java:1)
	at base.BasePage.sendKeys(BasePage.java:64)
	at pageObjects.Login.enterUserName(Login.java:41)
	at testClasses.LoginTest.decrypted_Password(LoginTest.java:96)
... Removed 31 stack frames]]>
    </failure>
  </testcase> <!-- decrypted_Password -->
  <testcase classname="testClasses.SubscribedUserTest" name="subscribedUser" time="2.102">
    <failure type="org.openqa.selenium.NoSuchElementException" message="An element could not be located on the page using the given search parameters.
For documentation on this error, please visit: http://seleniumhq.org/exceptions/no_such_element.html
Build info: version: &amp;apos;3.5.3&amp;apos;, revision: &amp;apos;a88d25fe6b&amp;apos;, time: &amp;apos;2017-08-29T12:42:44.417Z&amp;apos;
System info: host: &amp;apos;DESKTOP-BGPMGNP&amp;apos;, ip: &amp;apos;192.168.1.5&amp;apos;, os.name: &amp;apos;Windows 11&amp;apos;, os.arch: &amp;apos;amd64&amp;apos;, os.version: &amp;apos;10.0&amp;apos;, java.version: &amp;apos;20.0.1&amp;apos;
Driver info: io.appium.java_client.android.AndroidDriver
Capabilities [{app=C:\Users\Itsqe\eclipse-workspace\AppiumRiverComics\RiverComicsAPK\base.apk, appPackage=com.river.comics.us, deviceScreenSize=1080x2220, networkConnectionEnabled=true, statBarHeight=66, warnings={}, viewportRect={top=66, left=0, width=1080, height=2022}, databaseEnabled=false, deviceName=emulator-5554, platform=LINUX, deviceUDID=emulator-5554, desired={app=C:\Users\Itsqe\eclipse-workspace\AppiumRiverComics\RiverComicsAPK\base.apk, platformVersion=11.0, automationName=Appium, platformName=Android, deviceName=Pixel 3a API 30}, platformVersion=11, pixelRatio=2.75, webStorageEnabled=false, locationContextEnabled=false, automationName=Appium, takesScreenshot=true, javascriptEnabled=true, deviceScreenDensity=440, deviceModel=sdk_gphone_x86, deviceApiLevel=30, deviceManufacturer=Google, platformName=LINUX}]
Session ID: eb6d38c7-4f44-4f92-9ca2-02ef9ba75bc8
*** Element info: {Using=id, value=com.river.comics.us:id/etEmail}">
      <![CDATA[org.openqa.selenium.NoSuchElementException: An element could not be located on the page using the given search parameters.
For documentation on this error, please visit: http://seleniumhq.org/exceptions/no_such_element.html
Build info: version: '3.5.3', revision: 'a88d25fe6b', time: '2017-08-29T12:42:44.417Z'
System info: host: 'DESKTOP-BGPMGNP', ip: '192.168.1.5', os.name: 'Windows 11', os.arch: 'amd64', os.version: '10.0', java.version: '20.0.1'
Driver info: io.appium.java_client.android.AndroidDriver
Capabilities [{app=C:\Users\Itsqe\eclipse-workspace\AppiumRiverComics\RiverComicsAPK\base.apk, appPackage=com.river.comics.us, deviceScreenSize=1080x2220, networkConnectionEnabled=true, statBarHeight=66, warnings={}, viewportRect={top=66, left=0, width=1080, height=2022}, databaseEnabled=false, deviceName=emulator-5554, platform=LINUX, deviceUDID=emulator-5554, desired={app=C:\Users\Itsqe\eclipse-workspace\AppiumRiverComics\RiverComicsAPK\base.apk, platformVersion=11.0, automationName=Appium, platformName=Android, deviceName=Pixel 3a API 30}, platformVersion=11, pixelRatio=2.75, webStorageEnabled=false, locationContextEnabled=false, automationName=Appium, takesScreenshot=true, javascriptEnabled=true, deviceScreenDensity=440, deviceModel=sdk_gphone_x86, deviceApiLevel=30, deviceManufacturer=Google, platformName=LINUX}]
Session ID: eb6d38c7-4f44-4f92-9ca2-02ef9ba75bc8
*** Element info: {Using=id, value=com.river.comics.us:id/etEmail}
	at org.openqa.selenium.remote.http.W3CHttpResponseCodec.createException(W3CHttpResponseCodec.java:185)
	at org.openqa.selenium.remote.http.W3CHttpResponseCodec.decode(W3CHttpResponseCodec.java:120)
	at org.openqa.selenium.remote.http.W3CHttpResponseCodec.decode(W3CHttpResponseCodec.java:49)
	at org.openqa.selenium.remote.HttpCommandExecutor.execute(HttpCommandExecutor.java:164)
	at io.appium.java_client.remote.AppiumCommandExecutor.execute(AppiumCommandExecutor.java:52)
	at org.openqa.selenium.remote.RemoteWebDriver.execute(RemoteWebDriver.java:646)
	at io.appium.java_client.DefaultGenericMobileDriver.execute(DefaultGenericMobileDriver.java:42)
	at io.appium.java_client.AppiumDriver.execute(AppiumDriver.java:1)
	at io.appium.java_client.android.AndroidDriver.execute(AndroidDriver.java:1)
	at org.openqa.selenium.remote.RemoteWebDriver.findElement(RemoteWebDriver.java:416)
	at org.openqa.selenium.remote.RemoteWebDriver.findElementById(RemoteWebDriver.java:462)
	at io.appium.java_client.DefaultGenericMobileDriver.findElementById(DefaultGenericMobileDriver.java:62)
	at io.appium.java_client.AppiumDriver.findElementById(AppiumDriver.java:1)
	at io.appium.java_client.android.AndroidDriver.findElementById(AndroidDriver.java:1)
	at org.openqa.selenium.By$ById.findElement(By.java:218)
	at org.openqa.selenium.remote.RemoteWebDriver.findElement(RemoteWebDriver.java:408)
	at io.appium.java_client.DefaultGenericMobileDriver.findElement(DefaultGenericMobileDriver.java:52)
	at io.appium.java_client.AppiumDriver.findElement(AppiumDriver.java:1)
	at io.appium.java_client.android.AndroidDriver.findElement(AndroidDriver.java:1)
	at base.BasePage.sendKeys(BasePage.java:64)
	at pageObjects.Login.enterUserName(Login.java:41)
	at pageObjects.Login.validate_Login(Login.java:62)
	at testClasses.SubscribedUserTest.subscribedUser(SubscribedUserTest.java:20)
... Removed 31 stack frames]]>
    </failure>
  </testcase> <!-- subscribedUser -->
  <testcase classname="testClasses.LoginTest" name="encrypted_Password" time="2.062">
    <failure type="org.openqa.selenium.NoSuchElementException" message="An element could not be located on the page using the given search parameters.
For documentation on this error, please visit: http://seleniumhq.org/exceptions/no_such_element.html
Build info: version: &amp;apos;3.5.3&amp;apos;, revision: &amp;apos;a88d25fe6b&amp;apos;, time: &amp;apos;2017-08-29T12:42:44.417Z&amp;apos;
System info: host: &amp;apos;DESKTOP-BGPMGNP&amp;apos;, ip: &amp;apos;192.168.1.5&amp;apos;, os.name: &amp;apos;Windows 11&amp;apos;, os.arch: &amp;apos;amd64&amp;apos;, os.version: &amp;apos;10.0&amp;apos;, java.version: &amp;apos;20.0.1&amp;apos;
Driver info: io.appium.java_client.android.AndroidDriver
Capabilities [{app=C:\Users\Itsqe\eclipse-workspace\AppiumRiverComics\RiverComicsAPK\base.apk, appPackage=com.river.comics.us, deviceScreenSize=1080x2220, networkConnectionEnabled=true, statBarHeight=66, warnings={}, viewportRect={top=66, left=0, width=1080, height=2022}, databaseEnabled=false, deviceName=emulator-5554, platform=LINUX, deviceUDID=emulator-5554, desired={app=C:\Users\Itsqe\eclipse-workspace\AppiumRiverComics\RiverComicsAPK\base.apk, platformVersion=11.0, automationName=Appium, platformName=Android, deviceName=Pixel 3a API 30}, platformVersion=11, pixelRatio=2.75, webStorageEnabled=false, locationContextEnabled=false, automationName=Appium, takesScreenshot=true, javascriptEnabled=true, deviceScreenDensity=440, deviceModel=sdk_gphone_x86, deviceApiLevel=30, deviceManufacturer=Google, platformName=LINUX}]
Session ID: eb6d38c7-4f44-4f92-9ca2-02ef9ba75bc8
*** Element info: {Using=id, value=com.river.comics.us:id/etEmail}">
      <![CDATA[org.openqa.selenium.NoSuchElementException: An element could not be located on the page using the given search parameters.
For documentation on this error, please visit: http://seleniumhq.org/exceptions/no_such_element.html
Build info: version: '3.5.3', revision: 'a88d25fe6b', time: '2017-08-29T12:42:44.417Z'
System info: host: 'DESKTOP-BGPMGNP', ip: '192.168.1.5', os.name: 'Windows 11', os.arch: 'amd64', os.version: '10.0', java.version: '20.0.1'
Driver info: io.appium.java_client.android.AndroidDriver
Capabilities [{app=C:\Users\Itsqe\eclipse-workspace\AppiumRiverComics\RiverComicsAPK\base.apk, appPackage=com.river.comics.us, deviceScreenSize=1080x2220, networkConnectionEnabled=true, statBarHeight=66, warnings={}, viewportRect={top=66, left=0, width=1080, height=2022}, databaseEnabled=false, deviceName=emulator-5554, platform=LINUX, deviceUDID=emulator-5554, desired={app=C:\Users\Itsqe\eclipse-workspace\AppiumRiverComics\RiverComicsAPK\base.apk, platformVersion=11.0, automationName=Appium, platformName=Android, deviceName=Pixel 3a API 30}, platformVersion=11, pixelRatio=2.75, webStorageEnabled=false, locationContextEnabled=false, automationName=Appium, takesScreenshot=true, javascriptEnabled=true, deviceScreenDensity=440, deviceModel=sdk_gphone_x86, deviceApiLevel=30, deviceManufacturer=Google, platformName=LINUX}]
Session ID: eb6d38c7-4f44-4f92-9ca2-02ef9ba75bc8
*** Element info: {Using=id, value=com.river.comics.us:id/etEmail}
	at org.openqa.selenium.remote.http.W3CHttpResponseCodec.createException(W3CHttpResponseCodec.java:185)
	at org.openqa.selenium.remote.http.W3CHttpResponseCodec.decode(W3CHttpResponseCodec.java:120)
	at org.openqa.selenium.remote.http.W3CHttpResponseCodec.decode(W3CHttpResponseCodec.java:49)
	at org.openqa.selenium.remote.HttpCommandExecutor.execute(HttpCommandExecutor.java:164)
	at io.appium.java_client.remote.AppiumCommandExecutor.execute(AppiumCommandExecutor.java:52)
	at org.openqa.selenium.remote.RemoteWebDriver.execute(RemoteWebDriver.java:646)
	at io.appium.java_client.DefaultGenericMobileDriver.execute(DefaultGenericMobileDriver.java:42)
	at io.appium.java_client.AppiumDriver.execute(AppiumDriver.java:1)
	at io.appium.java_client.android.AndroidDriver.execute(AndroidDriver.java:1)
	at org.openqa.selenium.remote.RemoteWebDriver.findElement(RemoteWebDriver.java:416)
	at org.openqa.selenium.remote.RemoteWebDriver.findElementById(RemoteWebDriver.java:462)
	at io.appium.java_client.DefaultGenericMobileDriver.findElementById(DefaultGenericMobileDriver.java:62)
	at io.appium.java_client.AppiumDriver.findElementById(AppiumDriver.java:1)
	at io.appium.java_client.android.AndroidDriver.findElementById(AndroidDriver.java:1)
	at org.openqa.selenium.By$ById.findElement(By.java:218)
	at org.openqa.selenium.remote.RemoteWebDriver.findElement(RemoteWebDriver.java:408)
	at io.appium.java_client.DefaultGenericMobileDriver.findElement(DefaultGenericMobileDriver.java:52)
	at io.appium.java_client.AppiumDriver.findElement(AppiumDriver.java:1)
	at io.appium.java_client.android.AndroidDriver.findElement(AndroidDriver.java:1)
	at base.BasePage.sendKeys(BasePage.java:64)
	at pageObjects.Login.enterUserName(Login.java:41)
	at testClasses.LoginTest.encrypted_Password(LoginTest.java:108)
... Removed 31 stack frames]]>
    </failure>
  </testcase> <!-- encrypted_Password -->
  <testcase classname="testClasses.LoginTest" name="non_Registered_Email" time="2.106">
    <failure type="org.openqa.selenium.NoSuchElementException" message="An element could not be located on the page using the given search parameters.
For documentation on this error, please visit: http://seleniumhq.org/exceptions/no_such_element.html
Build info: version: &amp;apos;3.5.3&amp;apos;, revision: &amp;apos;a88d25fe6b&amp;apos;, time: &amp;apos;2017-08-29T12:42:44.417Z&amp;apos;
System info: host: &amp;apos;DESKTOP-BGPMGNP&amp;apos;, ip: &amp;apos;192.168.1.5&amp;apos;, os.name: &amp;apos;Windows 11&amp;apos;, os.arch: &amp;apos;amd64&amp;apos;, os.version: &amp;apos;10.0&amp;apos;, java.version: &amp;apos;20.0.1&amp;apos;
Driver info: io.appium.java_client.android.AndroidDriver
Capabilities [{app=C:\Users\Itsqe\eclipse-workspace\AppiumRiverComics\RiverComicsAPK\base.apk, appPackage=com.river.comics.us, deviceScreenSize=1080x2220, networkConnectionEnabled=true, statBarHeight=66, warnings={}, viewportRect={top=66, left=0, width=1080, height=2022}, databaseEnabled=false, deviceName=emulator-5554, platform=LINUX, deviceUDID=emulator-5554, desired={app=C:\Users\Itsqe\eclipse-workspace\AppiumRiverComics\RiverComicsAPK\base.apk, platformVersion=11.0, automationName=Appium, platformName=Android, deviceName=Pixel 3a API 30}, platformVersion=11, pixelRatio=2.75, webStorageEnabled=false, locationContextEnabled=false, automationName=Appium, takesScreenshot=true, javascriptEnabled=true, deviceScreenDensity=440, deviceModel=sdk_gphone_x86, deviceApiLevel=30, deviceManufacturer=Google, platformName=LINUX}]
Session ID: eb6d38c7-4f44-4f92-9ca2-02ef9ba75bc8
*** Element info: {Using=id, value=com.river.comics.us:id/etEmail}">
      <![CDATA[org.openqa.selenium.NoSuchElementException: An element could not be located on the page using the given search parameters.
For documentation on this error, please visit: http://seleniumhq.org/exceptions/no_such_element.html
Build info: version: '3.5.3', revision: 'a88d25fe6b', time: '2017-08-29T12:42:44.417Z'
System info: host: 'DESKTOP-BGPMGNP', ip: '192.168.1.5', os.name: 'Windows 11', os.arch: 'amd64', os.version: '10.0', java.version: '20.0.1'
Driver info: io.appium.java_client.android.AndroidDriver
Capabilities [{app=C:\Users\Itsqe\eclipse-workspace\AppiumRiverComics\RiverComicsAPK\base.apk, appPackage=com.river.comics.us, deviceScreenSize=1080x2220, networkConnectionEnabled=true, statBarHeight=66, warnings={}, viewportRect={top=66, left=0, width=1080, height=2022}, databaseEnabled=false, deviceName=emulator-5554, platform=LINUX, deviceUDID=emulator-5554, desired={app=C:\Users\Itsqe\eclipse-workspace\AppiumRiverComics\RiverComicsAPK\base.apk, platformVersion=11.0, automationName=Appium, platformName=Android, deviceName=Pixel 3a API 30}, platformVersion=11, pixelRatio=2.75, webStorageEnabled=false, locationContextEnabled=false, automationName=Appium, takesScreenshot=true, javascriptEnabled=true, deviceScreenDensity=440, deviceModel=sdk_gphone_x86, deviceApiLevel=30, deviceManufacturer=Google, platformName=LINUX}]
Session ID: eb6d38c7-4f44-4f92-9ca2-02ef9ba75bc8
*** Element info: {Using=id, value=com.river.comics.us:id/etEmail}
	at org.openqa.selenium.remote.http.W3CHttpResponseCodec.createException(W3CHttpResponseCodec.java:185)
	at org.openqa.selenium.remote.http.W3CHttpResponseCodec.decode(W3CHttpResponseCodec.java:120)
	at org.openqa.selenium.remote.http.W3CHttpResponseCodec.decode(W3CHttpResponseCodec.java:49)
	at org.openqa.selenium.remote.HttpCommandExecutor.execute(HttpCommandExecutor.java:164)
	at io.appium.java_client.remote.AppiumCommandExecutor.execute(AppiumCommandExecutor.java:52)
	at org.openqa.selenium.remote.RemoteWebDriver.execute(RemoteWebDriver.java:646)
	at io.appium.java_client.DefaultGenericMobileDriver.execute(DefaultGenericMobileDriver.java:42)
	at io.appium.java_client.AppiumDriver.execute(AppiumDriver.java:1)
	at io.appium.java_client.android.AndroidDriver.execute(AndroidDriver.java:1)
	at org.openqa.selenium.remote.RemoteWebDriver.findElement(RemoteWebDriver.java:416)
	at org.openqa.selenium.remote.RemoteWebDriver.findElementById(RemoteWebDriver.java:462)
	at io.appium.java_client.DefaultGenericMobileDriver.findElementById(DefaultGenericMobileDriver.java:62)
	at io.appium.java_client.AppiumDriver.findElementById(AppiumDriver.java:1)
	at io.appium.java_client.android.AndroidDriver.findElementById(AndroidDriver.java:1)
	at org.openqa.selenium.By$ById.findElement(By.java:218)
	at org.openqa.selenium.remote.RemoteWebDriver.findElement(RemoteWebDriver.java:408)
	at io.appium.java_client.DefaultGenericMobileDriver.findElement(DefaultGenericMobileDriver.java:52)
	at io.appium.java_client.AppiumDriver.findElement(AppiumDriver.java:1)
	at io.appium.java_client.android.AndroidDriver.findElement(AndroidDriver.java:1)
	at base.BasePage.sendKeys(BasePage.java:64)
	at pageObjects.Login.enterUserName(Login.java:41)
	at testClasses.LoginTest.non_Registered_Email(LoginTest.java:122)
... Removed 31 stack frames]]>
    </failure>
  </testcase> <!-- non_Registered_Email -->
  <testcase classname="testClasses.LoginTest" name="deleted_Account_Login" time="2.051">
    <failure type="org.openqa.selenium.NoSuchElementException" message="An element could not be located on the page using the given search parameters.
For documentation on this error, please visit: http://seleniumhq.org/exceptions/no_such_element.html
Build info: version: &amp;apos;3.5.3&amp;apos;, revision: &amp;apos;a88d25fe6b&amp;apos;, time: &amp;apos;2017-08-29T12:42:44.417Z&amp;apos;
System info: host: &amp;apos;DESKTOP-BGPMGNP&amp;apos;, ip: &amp;apos;192.168.1.5&amp;apos;, os.name: &amp;apos;Windows 11&amp;apos;, os.arch: &amp;apos;amd64&amp;apos;, os.version: &amp;apos;10.0&amp;apos;, java.version: &amp;apos;20.0.1&amp;apos;
Driver info: io.appium.java_client.android.AndroidDriver
Capabilities [{app=C:\Users\Itsqe\eclipse-workspace\AppiumRiverComics\RiverComicsAPK\base.apk, appPackage=com.river.comics.us, deviceScreenSize=1080x2220, networkConnectionEnabled=true, statBarHeight=66, warnings={}, viewportRect={top=66, left=0, width=1080, height=2022}, databaseEnabled=false, deviceName=emulator-5554, platform=LINUX, deviceUDID=emulator-5554, desired={app=C:\Users\Itsqe\eclipse-workspace\AppiumRiverComics\RiverComicsAPK\base.apk, platformVersion=11.0, automationName=Appium, platformName=Android, deviceName=Pixel 3a API 30}, platformVersion=11, pixelRatio=2.75, webStorageEnabled=false, locationContextEnabled=false, automationName=Appium, takesScreenshot=true, javascriptEnabled=true, deviceScreenDensity=440, deviceModel=sdk_gphone_x86, deviceApiLevel=30, deviceManufacturer=Google, platformName=LINUX}]
Session ID: eb6d38c7-4f44-4f92-9ca2-02ef9ba75bc8
*** Element info: {Using=id, value=com.river.comics.us:id/etEmail}">
      <![CDATA[org.openqa.selenium.NoSuchElementException: An element could not be located on the page using the given search parameters.
For documentation on this error, please visit: http://seleniumhq.org/exceptions/no_such_element.html
Build info: version: '3.5.3', revision: 'a88d25fe6b', time: '2017-08-29T12:42:44.417Z'
System info: host: 'DESKTOP-BGPMGNP', ip: '192.168.1.5', os.name: 'Windows 11', os.arch: 'amd64', os.version: '10.0', java.version: '20.0.1'
Driver info: io.appium.java_client.android.AndroidDriver
Capabilities [{app=C:\Users\Itsqe\eclipse-workspace\AppiumRiverComics\RiverComicsAPK\base.apk, appPackage=com.river.comics.us, deviceScreenSize=1080x2220, networkConnectionEnabled=true, statBarHeight=66, warnings={}, viewportRect={top=66, left=0, width=1080, height=2022}, databaseEnabled=false, deviceName=emulator-5554, platform=LINUX, deviceUDID=emulator-5554, desired={app=C:\Users\Itsqe\eclipse-workspace\AppiumRiverComics\RiverComicsAPK\base.apk, platformVersion=11.0, automationName=Appium, platformName=Android, deviceName=Pixel 3a API 30}, platformVersion=11, pixelRatio=2.75, webStorageEnabled=false, locationContextEnabled=false, automationName=Appium, takesScreenshot=true, javascriptEnabled=true, deviceScreenDensity=440, deviceModel=sdk_gphone_x86, deviceApiLevel=30, deviceManufacturer=Google, platformName=LINUX}]
Session ID: eb6d38c7-4f44-4f92-9ca2-02ef9ba75bc8
*** Element info: {Using=id, value=com.river.comics.us:id/etEmail}
	at org.openqa.selenium.remote.http.W3CHttpResponseCodec.createException(W3CHttpResponseCodec.java:185)
	at org.openqa.selenium.remote.http.W3CHttpResponseCodec.decode(W3CHttpResponseCodec.java:120)
	at org.openqa.selenium.remote.http.W3CHttpResponseCodec.decode(W3CHttpResponseCodec.java:49)
	at org.openqa.selenium.remote.HttpCommandExecutor.execute(HttpCommandExecutor.java:164)
	at io.appium.java_client.remote.AppiumCommandExecutor.execute(AppiumCommandExecutor.java:52)
	at org.openqa.selenium.remote.RemoteWebDriver.execute(RemoteWebDriver.java:646)
	at io.appium.java_client.DefaultGenericMobileDriver.execute(DefaultGenericMobileDriver.java:42)
	at io.appium.java_client.AppiumDriver.execute(AppiumDriver.java:1)
	at io.appium.java_client.android.AndroidDriver.execute(AndroidDriver.java:1)
	at org.openqa.selenium.remote.RemoteWebDriver.findElement(RemoteWebDriver.java:416)
	at org.openqa.selenium.remote.RemoteWebDriver.findElementById(RemoteWebDriver.java:462)
	at io.appium.java_client.DefaultGenericMobileDriver.findElementById(DefaultGenericMobileDriver.java:62)
	at io.appium.java_client.AppiumDriver.findElementById(AppiumDriver.java:1)
	at io.appium.java_client.android.AndroidDriver.findElementById(AndroidDriver.java:1)
	at org.openqa.selenium.By$ById.findElement(By.java:218)
	at org.openqa.selenium.remote.RemoteWebDriver.findElement(RemoteWebDriver.java:408)
	at io.appium.java_client.DefaultGenericMobileDriver.findElement(DefaultGenericMobileDriver.java:52)
	at io.appium.java_client.AppiumDriver.findElement(AppiumDriver.java:1)
	at io.appium.java_client.android.AndroidDriver.findElement(AndroidDriver.java:1)
	at base.BasePage.sendKeys(BasePage.java:64)
	at pageObjects.Login.enterUserName(Login.java:41)
	at testClasses.LoginTest.deleted_Account_Login(LoginTest.java:132)
... Removed 31 stack frames]]>
    </failure>
  </testcase> <!-- deleted_Account_Login -->
  <testcase classname="base.BaseTest" name="@BeforeTest initialize" time="0.0">
    <ignored/>
  </testcase> <!-- @BeforeTest initialize -->
  <testcase classname="base.BaseTest" name="@AfterTest quit" time="0.0">
    <ignored/>
  </testcase> <!-- @AfterTest quit -->
</testsuite> <!-- Surefire test -->
