<?xml version="1.0" encoding="UTF-8"?>
<!-- Generated by org.testng.reporters.JUnitXMLReporter -->
<testsuite ignored="8" hostname="DESKTOP-BGPMGNP" failures="0" tests="64" name="Surefire test" time="0.137" errors="0" timestamp="07 Jun 2023 10:44:27 GMT">
  <testcase classname="base.BaseTest" name="@BeforeSuite initialize" time="3.811">
    <failure type="org.openqa.selenium.WebDriverException" message="An unknown server-side error occurred while processing the command. Original error: Could not proxy command to the remote server. Original error: socket hang up
Build info: version: &amp;apos;3.5.3&amp;apos;, revision: &amp;apos;a88d25fe6b&amp;apos;, time: &amp;apos;2017-08-29T12:42:44.417Z&amp;apos;
System info: host: &amp;apos;DESKTOP-BGPMGNP&amp;apos;, ip: &amp;apos;192.168.1.23&amp;apos;, os.name: &amp;apos;Windows 11&amp;apos;, os.arch: &amp;apos;amd64&amp;apos;, os.version: &amp;apos;10.0&amp;apos;, java.version: &amp;apos;20.0.1&amp;apos;
Driver info: driver.version: AndroidDriver
remote stacktrace: UnknownError: An unknown server-side error occurred while processing the command. Original error: Could not proxy command to the remote server. Original error: socket hang up
    at UIA2Proxy.command (C:\Users\Itsqe\AppData\Local\Programs\Appium Server GUI\resources\app\node_modules\appium\node_modules\appium-base-driver\lib\jsonwp-proxy\proxy.js:274:13)
    at processTicksAndRejections (internal/process/task_queues.js:85:5)">
      <![CDATA[org.openqa.selenium.WebDriverException: An unknown server-side error occurred while processing the command. Original error: Could not proxy command to the remote server. Original error: socket hang up
Build info: version: '3.5.3', revision: 'a88d25fe6b', time: '2017-08-29T12:42:44.417Z'
System info: host: 'DESKTOP-BGPMGNP', ip: '192.168.1.23', os.name: 'Windows 11', os.arch: 'amd64', os.version: '10.0', java.version: '20.0.1'
Driver info: driver.version: AndroidDriver
remote stacktrace: UnknownError: An unknown server-side error occurred while processing the command. Original error: Could not proxy command to the remote server. Original error: socket hang up
    at UIA2Proxy.command (C:\Users\Itsqe\AppData\Local\Programs\Appium Server GUI\resources\app\node_modules\appium\node_modules\appium-base-driver\lib\jsonwp-proxy\proxy.js:274:13)
    at processTicksAndRejections (internal/process/task_queues.js:85:5)
	at org.openqa.selenium.remote.W3CHandshakeResponse.lambda$new$0(W3CHandshakeResponse.java:57)
	at org.openqa.selenium.remote.W3CHandshakeResponse.lambda$getResponseFunction$2(W3CHandshakeResponse.java:104)
	at org.openqa.selenium.remote.ProtocolHandshake.lambda$createSession$24(ProtocolHandshake.java:359)
	at java.base/java.util.stream.ReferencePipeline$3$1.accept(ReferencePipeline.java:197)
	at java.base/java.util.Spliterators$ArraySpliterator.tryAdvance(Spliterators.java:1016)
	at java.base/java.util.stream.ReferencePipeline.forEachWithCancel(ReferencePipeline.java:129)
	at java.base/java.util.stream.AbstractPipeline.copyIntoWithCancel(AbstractPipeline.java:527)
	at java.base/java.util.stream.AbstractPipeline.copyInto(AbstractPipeline.java:513)
	at java.base/java.util.stream.AbstractPipeline.wrapAndCopyInto(AbstractPipeline.java:499)
	at java.base/java.util.stream.FindOps$FindOp.evaluateSequential(FindOps.java:150)
	at java.base/java.util.stream.AbstractPipeline.evaluate(AbstractPipeline.java:234)
	at java.base/java.util.stream.ReferencePipeline.findFirst(ReferencePipeline.java:647)
	at org.openqa.selenium.remote.ProtocolHandshake.createSession(ProtocolHandshake.java:362)
	at org.openqa.selenium.remote.ProtocolHandshake.createSession(ProtocolHandshake.java:136)
	at org.openqa.selenium.remote.HttpCommandExecutor.execute(HttpCommandExecutor.java:142)
	at io.appium.java_client.remote.AppiumCommandExecutor.execute(AppiumCommandExecutor.java:52)
	at org.openqa.selenium.remote.RemoteWebDriver.execute(RemoteWebDriver.java:646)
	at io.appium.java_client.DefaultGenericMobileDriver.execute(DefaultGenericMobileDriver.java:42)
	at io.appium.java_client.AppiumDriver.execute(AppiumDriver.java:1)
	at io.appium.java_client.android.AndroidDriver.execute(AndroidDriver.java:1)
	at org.openqa.selenium.remote.RemoteWebDriver.startSession(RemoteWebDriver.java:255)
	at org.openqa.selenium.remote.RemoteWebDriver.startSession(RemoteWebDriver.java:237)
	at org.openqa.selenium.remote.RemoteWebDriver.<init>(RemoteWebDriver.java:138)
	at io.appium.java_client.DefaultGenericMobileDriver.<init>(DefaultGenericMobileDriver.java:37)
	at io.appium.java_client.AppiumDriver.<init>(AppiumDriver.java:160)
	at io.appium.java_client.AppiumDriver.<init>(AppiumDriver.java:168)
	at io.appium.java_client.android.AndroidDriver.<init>(AndroidDriver.java:69)
	at utilities.DriverManager.initializeDriver(DriverManager.java:56)
	at base.BaseTest.initialize(BaseTest.java:35)
... Removed 25 stack frames]]>
    </failure>
  </testcase> <!-- @BeforeSuite initialize -->
  <testcase classname="base.BaseTest" name="@BeforeMethod beforeMethod" time="0.0">
    <skipped/>
  </testcase> <!-- @BeforeMethod beforeMethod -->
  <testcase classname="base.BaseTest" name="@BeforeMethod beforeMethod" time="0.0">
    <skipped/>
  </testcase> <!-- @BeforeMethod beforeMethod -->
  <testcase classname="base.BaseTest" name="@BeforeMethod beforeMethod" time="0.0">
    <skipped/>
  </testcase> <!-- @BeforeMethod beforeMethod -->
  <testcase classname="base.BaseTest" name="@BeforeMethod beforeMethod" time="0.0">
    <skipped/>
  </testcase> <!-- @BeforeMethod beforeMethod -->
  <testcase classname="base.BaseTest" name="@BeforeMethod beforeMethod" time="0.0">
    <skipped/>
  </testcase> <!-- @BeforeMethod beforeMethod -->
  <testcase classname="base.BaseTest" name="@BeforeMethod beforeMethod" time="0.0">
    <skipped/>
  </testcase> <!-- @BeforeMethod beforeMethod -->
  <testcase classname="base.BaseTest" name="@BeforeMethod beforeMethod" time="0.0">
    <skipped/>
  </testcase> <!-- @BeforeMethod beforeMethod -->
  <testcase classname="base.BaseTest" name="@BeforeMethod beforeMethod" time="0.0">
    <skipped/>
  </testcase> <!-- @BeforeMethod beforeMethod -->
  <testcase classname="base.BaseTest" name="@BeforeMethod beforeMethod" time="0.0">
    <skipped/>
  </testcase> <!-- @BeforeMethod beforeMethod -->
  <testcase classname="base.BaseTest" name="@BeforeMethod beforeMethod" time="0.0">
    <skipped/>
  </testcase> <!-- @BeforeMethod beforeMethod -->
  <testcase classname="base.BaseTest" name="@BeforeMethod beforeMethod" time="0.0">
    <skipped/>
  </testcase> <!-- @BeforeMethod beforeMethod -->
  <testcase classname="base.BaseTest" name="@BeforeMethod beforeMethod" time="0.0">
    <skipped/>
  </testcase> <!-- @BeforeMethod beforeMethod -->
  <testcase classname="base.BaseTest" name="@BeforeMethod beforeMethod" time="0.0">
    <skipped/>
  </testcase> <!-- @BeforeMethod beforeMethod -->
  <testcase classname="base.BaseTest" name="@BeforeMethod beforeMethod" time="0.0">
    <skipped/>
  </testcase> <!-- @BeforeMethod beforeMethod -->
  <testcase classname="base.BaseTest" name="@BeforeMethod beforeMethod" time="0.0">
    <skipped/>
  </testcase> <!-- @BeforeMethod beforeMethod -->
  <testcase classname="base.BaseTest" name="@BeforeMethod beforeMethod" time="0.0">
    <skipped/>
  </testcase> <!-- @BeforeMethod beforeMethod -->
  <testcase classname="base.BaseTest" name="@BeforeMethod beforeMethod" time="0.0">
    <skipped/>
  </testcase> <!-- @BeforeMethod beforeMethod -->
  <testcase classname="base.BaseTest" name="@BeforeMethod beforeMethod" time="0.0">
    <skipped/>
  </testcase> <!-- @BeforeMethod beforeMethod -->
  <testcase classname="base.BaseTest" name="@BeforeMethod beforeMethod" time="0.0">
    <skipped/>
  </testcase> <!-- @BeforeMethod beforeMethod -->
  <testcase classname="base.BaseTest" name="@BeforeMethod beforeMethod" time="0.0">
    <skipped/>
  </testcase> <!-- @BeforeMethod beforeMethod -->
  <testcase classname="base.BaseTest" name="@BeforeMethod beforeMethod" time="0.0">
    <skipped/>
  </testcase> <!-- @BeforeMethod beforeMethod -->
  <testcase classname="base.BaseTest" name="@BeforeMethod beforeMethod" time="0.0">
    <skipped/>
  </testcase> <!-- @BeforeMethod beforeMethod -->
  <testcase classname="base.BaseTest" name="@BeforeMethod beforeMethod" time="0.0">
    <skipped/>
  </testcase> <!-- @BeforeMethod beforeMethod -->
  <testcase classname="base.BaseTest" name="@BeforeMethod beforeMethod" time="0.0">
    <skipped/>
  </testcase> <!-- @BeforeMethod beforeMethod -->
  <testcase classname="base.BaseTest" name="@BeforeMethod beforeMethod" time="0.0">
    <skipped/>
  </testcase> <!-- @BeforeMethod beforeMethod -->
  <testcase classname="base.BaseTest" name="@BeforeMethod beforeMethod" time="0.0">
    <skipped/>
  </testcase> <!-- @BeforeMethod beforeMethod -->
  <testcase classname="base.BaseTest" name="@BeforeMethod beforeMethod" time="0.0">
    <skipped/>
  </testcase> <!-- @BeforeMethod beforeMethod -->
  <testcase classname="base.BaseTest" name="@BeforeMethod beforeMethod" time="0.0">
    <skipped/>
  </testcase> <!-- @BeforeMethod beforeMethod -->
  <testcase classname="base.BaseTest" name="@BeforeMethod beforeMethod" time="0.0">
    <skipped/>
  </testcase> <!-- @BeforeMethod beforeMethod -->
  <testcase classname="base.BaseTest" name="@BeforeMethod beforeMethod" time="0.0">
    <skipped/>
  </testcase> <!-- @BeforeMethod beforeMethod -->
  <testcase classname="base.BaseTest" name="@BeforeMethod beforeMethod" time="0.0">
    <skipped/>
  </testcase> <!-- @BeforeMethod beforeMethod -->
  <testcase classname="base.BaseTest" name="@BeforeMethod beforeMethod" time="0.0">
    <skipped/>
  </testcase> <!-- @BeforeMethod beforeMethod -->
  <testcase classname="base.BaseTest" name="@BeforeMethod beforeMethod" time="0.0">
    <skipped/>
  </testcase> <!-- @BeforeMethod beforeMethod -->
  <testcase classname="base.BaseTest" name="@BeforeMethod beforeMethod" time="0.0">
    <skipped/>
  </testcase> <!-- @BeforeMethod beforeMethod -->
  <testcase classname="base.BaseTest" name="@BeforeMethod beforeMethod" time="0.0">
    <skipped/>
  </testcase> <!-- @BeforeMethod beforeMethod -->
  <testcase classname="base.BaseTest" name="@BeforeMethod beforeMethod" time="0.0">
    <skipped/>
  </testcase> <!-- @BeforeMethod beforeMethod -->
  <testcase classname="base.BaseTest" name="@BeforeMethod beforeMethod" time="0.0">
    <skipped/>
  </testcase> <!-- @BeforeMethod beforeMethod -->
  <testcase classname="base.BaseTest" name="@BeforeMethod beforeMethod" time="0.0">
    <skipped/>
  </testcase> <!-- @BeforeMethod beforeMethod -->
  <testcase classname="base.BaseTest" name="@BeforeMethod beforeMethod" time="0.0">
    <skipped/>
  </testcase> <!-- @BeforeMethod beforeMethod -->
  <testcase classname="base.BaseTest" name="@BeforeMethod beforeMethod" time="0.0">
    <skipped/>
  </testcase> <!-- @BeforeMethod beforeMethod -->
  <testcase classname="base.BaseTest" name="@BeforeMethod beforeMethod" time="0.0">
    <skipped/>
  </testcase> <!-- @BeforeMethod beforeMethod -->
  <testcase classname="base.BaseTest" name="@BeforeMethod beforeMethod" time="0.0">
    <skipped/>
  </testcase> <!-- @BeforeMethod beforeMethod -->
  <testcase classname="base.BaseTest" name="@BeforeMethod beforeMethod" time="0.0">
    <skipped/>
  </testcase> <!-- @BeforeMethod beforeMethod -->
  <testcase classname="base.BaseTest" name="@BeforeMethod beforeMethod" time="0.0">
    <skipped/>
  </testcase> <!-- @BeforeMethod beforeMethod -->
  <testcase classname="base.BaseTest" name="@BeforeMethod beforeMethod" time="0.0">
    <skipped/>
  </testcase> <!-- @BeforeMethod beforeMethod -->
  <testcase classname="base.BaseTest" name="@BeforeMethod beforeMethod" time="0.0">
    <skipped/>
  </testcase> <!-- @BeforeMethod beforeMethod -->
  <testcase classname="base.BaseTest" name="@BeforeMethod beforeMethod" time="0.0">
    <skipped/>
  </testcase> <!-- @BeforeMethod beforeMethod -->
  <testcase classname="base.BaseTest" name="@BeforeMethod beforeMethod" time="0.0">
    <skipped/>
  </testcase> <!-- @BeforeMethod beforeMethod -->
  <testcase classname="base.BaseTest" name="@BeforeMethod beforeMethod" time="0.0">
    <skipped/>
  </testcase> <!-- @BeforeMethod beforeMethod -->
  <testcase classname="base.BaseTest" name="@BeforeMethod beforeMethod" time="0.0">
    <skipped/>
  </testcase> <!-- @BeforeMethod beforeMethod -->
  <testcase classname="base.BaseTest" name="@BeforeMethod beforeMethod" time="0.0">
    <skipped/>
  </testcase> <!-- @BeforeMethod beforeMethod -->
  <testcase classname="base.BaseTest" name="@BeforeMethod beforeMethod" time="0.0">
    <skipped/>
  </testcase> <!-- @BeforeMethod beforeMethod -->
  <testcase classname="base.BaseTest" name="@BeforeMethod beforeMethod" time="0.0">
    <skipped/>
  </testcase> <!-- @BeforeMethod beforeMethod -->
  <testcase classname="base.BaseTest" name="@BeforeMethod beforeMethod" time="0.0">
    <skipped/>
  </testcase> <!-- @BeforeMethod beforeMethod -->
  <testcase classname="base.BaseTest" name="@BeforeMethod beforeMethod" time="0.0">
    <skipped/>
  </testcase> <!-- @BeforeMethod beforeMethod -->
  <testcase classname="base.BaseTest" name="@BeforeMethod beforeMethod" time="0.0">
    <skipped/>
  </testcase> <!-- @BeforeMethod beforeMethod -->
  <testcase classname="base.BaseTest" name="@BeforeMethod beforeMethod" time="0.0">
    <skipped/>
  </testcase> <!-- @BeforeMethod beforeMethod -->
  <testcase classname="base.BaseTest" name="@BeforeMethod beforeMethod" time="0.0">
    <skipped/>
  </testcase> <!-- @BeforeMethod beforeMethod -->
  <testcase classname="base.BaseTest" name="@BeforeMethod beforeMethod" time="0.0">
    <skipped/>
  </testcase> <!-- @BeforeMethod beforeMethod -->
  <testcase classname="base.BaseTest" name="@BeforeMethod beforeMethod" time="0.0">
    <skipped/>
  </testcase> <!-- @BeforeMethod beforeMethod -->
  <testcase classname="base.BaseTest" name="@BeforeMethod beforeMethod" time="0.0">
    <skipped/>
  </testcase> <!-- @BeforeMethod beforeMethod -->
  <testcase classname="base.BaseTest" name="@BeforeMethod beforeMethod" time="0.0">
    <skipped/>
  </testcase> <!-- @BeforeMethod beforeMethod -->
  <testcase classname="base.BaseTest" name="@BeforeMethod beforeMethod" time="0.0">
    <skipped/>
  </testcase> <!-- @BeforeMethod beforeMethod -->
  <testcase classname="testClasses.LoginTest" name="NoUser_Login" time="0.0">
    <skipped/>
  </testcase> <!-- NoUser_Login -->
  <testcase classname="testClasses.LoginTest" name="valid_Login" time="0.0">
    <skipped/>
  </testcase> <!-- valid_Login -->
  <testcase classname="testClasses.LoginTest" name="launchApp_already_LoggedIn_User" time="0.0">
    <skipped/>
  </testcase> <!-- launchApp_already_LoggedIn_User -->
  <testcase classname="testClasses.LoginTest" name="userName_Field_Blank" time="0.0">
    <skipped/>
  </testcase> <!-- userName_Field_Blank -->
  <testcase classname="testClasses.LoginTest" name="password_Field_Blank" time="0.0">
    <skipped/>
  </testcase> <!-- password_Field_Blank -->
  <testcase classname="testClasses.LoginTest" name="invalid_Username_Login" time="0.0">
    <skipped/>
  </testcase> <!-- invalid_Username_Login -->
  <testcase classname="testClasses.UnsubscribedUserTest" name="UnsubscribedUser" time="0.0">
    <skipped/>
  </testcase> <!-- UnsubscribedUser -->
  <testcase classname="testClasses.LoginTest" name="invalid_Password_Login" time="0.0">
    <skipped/>
  </testcase> <!-- invalid_Password_Login -->
  <testcase classname="testClasses.LoginTest" name="decrypted_Password" time="0.0">
    <skipped/>
  </testcase> <!-- decrypted_Password -->
  <testcase classname="testClasses.SubscribedUserTest" name="subscribedUser" time="0.0">
    <skipped/>
  </testcase> <!-- subscribedUser -->
  <testcase classname="testClasses.LoginTest" name="encrypted_Password" time="0.0">
    <skipped/>
  </testcase> <!-- encrypted_Password -->
  <testcase classname="testClasses.LoginTest" name="non_Registered_Email" time="0.0">
    <skipped/>
  </testcase> <!-- non_Registered_Email -->
  <testcase classname="testClasses.LoginTest" name="deleted_Account_Login" time="0.0">
    <skipped/>
  </testcase> <!-- deleted_Account_Login -->
  <testcase classname="testClasses.ForgotPasswordTest" name="forgetPasswordPageOpensUp" time="0.0">
    <skipped/>
  </testcase> <!-- forgetPasswordPageOpensUp -->
  <testcase classname="testClasses.ForgotPasswordTest" name="EmailField_Blank" time="0.0">
    <skipped/>
  </testcase> <!-- EmailField_Blank -->
  <testcase classname="testClasses.ForgotPasswordTest" name="enterspaces_EmailField" time="0.0">
    <skipped/>
  </testcase> <!-- enterspaces_EmailField -->
  <testcase classname="testClasses.ForgotPasswordTest" name="invalidEmail" time="0.0">
    <skipped/>
  </testcase> <!-- invalidEmail -->
  <testcase classname="testClasses.ForgotPasswordTest" name="unregisteredEmail" time="0.0">
    <skipped/>
  </testcase> <!-- unregisteredEmail -->
  <testcase classname="testClasses.ForgotPasswordTest" name="registeredEmail" time="0.0">
    <skipped/>
  </testcase> <!-- registeredEmail -->
  <testcase classname="testClasses.ForgotPasswordTest" name="validateEmailReceived" time="0.0">
    <skipped/>
  </testcase> <!-- validateEmailReceived -->
  <testcase classname="testClasses.HumburgerMenuTest" name="validateUnsubscribe_UsernameLogo" time="0.0">
    <skipped/>
  </testcase> <!-- validateUnsubscribe_UsernameLogo -->
  <testcase classname="testClasses.HumburgerMenuTest" name="validateSubscribe_UsernameLogo" time="0.001">
    <skipped/>
  </testcase> <!-- validateSubscribe_UsernameLogo -->
  <testcase classname="testClasses.HumburgerMenuTest" name="refreshPageOnTap" time="0.0">
    <skipped/>
  </testcase> <!-- refreshPageOnTap -->
  <testcase classname="testClasses.HumburgerMenuTest" name="validateTabs_SubscribeSearchFavourite" time="0.0">
    <skipped/>
  </testcase> <!-- validateTabs_SubscribeSearchFavourite -->
  <testcase classname="testClasses.HumburgerMenuTest" name="planDetailPage_OpensUp" time="0.0">
    <skipped/>
  </testcase> <!-- planDetailPage_OpensUp -->
  <testcase classname="testClasses.HumburgerMenuTest" name="searchTab_OpensUp" time="0.0">
    <skipped/>
  </testcase> <!-- searchTab_OpensUp -->
  <testcase classname="testClasses.HumburgerMenuTest" name="nonExistingDataEnteredIn_HamburgerMenu" time="0.0">
    <skipped/>
  </testcase> <!-- nonExistingDataEnteredIn_HamburgerMenu -->
  <testcase classname="testClasses.HumburgerMenuTest" name="SeriesEpisodeTabOpensUp" time="0.0">
    <skipped/>
  </testcase> <!-- SeriesEpisodeTabOpensUp -->
  <testcase classname="testClasses.HumburgerMenuTest" name="sharePage_PopUpOpensUp" time="0.0">
    <skipped/>
  </testcase> <!-- sharePage_PopUpOpensUp -->
  <testcase classname="testClasses.HumburgerMenuTest" name="settingPage_OpensUp" time="0.0">
    <skipped/>
  </testcase> <!-- settingPage_OpensUp -->
  <testcase classname="testClasses.HumburgerMenuTest" name="selectLanugauge_OpensUp" time="0.0">
    <skipped/>
  </testcase> <!-- selectLanugauge_OpensUp -->
  <testcase classname="testClasses.HumburgerMenuTest" name="selectedLanguage_Appears" time="0.0">
    <skipped/>
  </testcase> <!-- selectedLanguage_Appears -->
  <testcase classname="testClasses.HumburgerMenuTest" name="updateEmail_OpensUp" time="0.0">
    <skipped/>
  </testcase> <!-- updateEmail_OpensUp -->
  <testcase classname="testClasses.HumburgerMenuTest" name="currentEmailBlank_InUpdatedEmail" time="0.0">
    <skipped/>
  </testcase> <!-- currentEmailBlank_InUpdatedEmail -->
  <testcase classname="testClasses.HumburgerMenuTest" name="NonExistingOrInvalidEmail_InUpdatedEmail" time="0.0">
    <skipped/>
  </testcase> <!-- NonExistingOrInvalidEmail_InUpdatedEmail -->
  <testcase classname="testClasses.HumburgerMenuTest" name="updateEmailWith_AlreadyRegisteredEmail" time="0.0">
    <skipped/>
  </testcase> <!-- updateEmailWith_AlreadyRegisteredEmail -->
  <testcase classname="testClasses.HumburgerMenuTest" name="updateEmailWith_NewEmailBlank" time="0.0">
    <skipped/>
  </testcase> <!-- updateEmailWith_NewEmailBlank -->
  <testcase classname="testClasses.HumburgerMenuTest" name="AlreadyRegistered_InAllFields" time="0.0">
    <skipped/>
  </testcase> <!-- AlreadyRegistered_InAllFields -->
  <testcase classname="testClasses.HumburgerMenuTest" name="sameEmailEntered_InCurrentNewEmail" time="0.0">
    <skipped/>
  </testcase> <!-- sameEmailEntered_InCurrentNewEmail -->
  <testcase classname="testClasses.HumburgerMenuTest" name="confirmEmailBlank_InUpdatedEmail" time="0.0">
    <skipped/>
  </testcase> <!-- confirmEmailBlank_InUpdatedEmail -->
  <testcase classname="testClasses.HumburgerMenuTest" name="differentEmail_InNewEmailConfirmEmail" time="0.0">
    <skipped/>
  </testcase> <!-- differentEmail_InNewEmailConfirmEmail -->
  <testcase classname="testClasses.HumburgerMenuTest" name="validateLink_OnRegisteredEmail" time="0.0">
    <skipped/>
  </testcase> <!-- validateLink_OnRegisteredEmail -->
  <testcase classname="testClasses.HumburgerMenuTest" name="enterValidDetailsIn_AllUpdateEmail" time="0.0">
    <skipped/>
  </testcase> <!-- enterValidDetailsIn_AllUpdateEmail -->
  <testcase classname="testClasses.HumburgerMenuTest" name="loginWith_UpdatedEmail" time="0.0">
    <skipped/>
  </testcase> <!-- loginWith_UpdatedEmail -->
  <testcase classname="testClasses.HumburgerMenuTest" name="updatedEmail_UnderLOGO" time="0.0">
    <skipped/>
  </testcase> <!-- updatedEmail_UnderLOGO -->
  <testcase classname="testClasses.HumburgerMenuTest" name="updatePasswordSubtab_OpensUp" time="0.0">
    <skipped/>
  </testcase> <!-- updatePasswordSubtab_OpensUp -->
  <testcase classname="testClasses.HumburgerMenuTest" name="currentPasswordBlank_InUpdatePasswordSubtab" time="0.0">
    <skipped/>
  </testcase> <!-- currentPasswordBlank_InUpdatePasswordSubtab -->
  <testcase classname="testClasses.HumburgerMenuTest" name="invalidPassword_InCurrentPassword" time="0.0">
    <skipped/>
  </testcase> <!-- invalidPassword_InCurrentPassword -->
  <testcase classname="testClasses.HumburgerMenuTest" name="invalidPassword_InNewPassword" time="0.0">
    <skipped/>
  </testcase> <!-- invalidPassword_InNewPassword -->
  <testcase classname="testClasses.HumburgerMenuTest" name="samePassword_InCurrentandNewPassword" time="0.0">
    <skipped/>
  </testcase> <!-- samePassword_InCurrentandNewPassword -->
  <testcase classname="testClasses.HumburgerMenuTest" name="lessThan6_Character_InUpdatePassword" time="0.0">
    <skipped/>
  </testcase> <!-- lessThan6_Character_InUpdatePassword -->
  <testcase classname="testClasses.HumburgerMenuTest" name="diferentPasswords_InNewConfirmField" time="0.0">
    <skipped/>
  </testcase> <!-- diferentPasswords_InNewConfirmField -->
  <testcase classname="testClasses.HumburgerMenuTest" name="confirmNewPassword_Blank" time="0.0">
    <skipped/>
  </testcase> <!-- confirmNewPassword_Blank -->
  <testcase classname="testClasses.HumburgerMenuTest" name="validData_InAllPasswordFields" time="0.0">
    <skipped/>
  </testcase> <!-- validData_InAllPasswordFields -->
  <testcase classname="testClasses.HumburgerMenuTest" name="login_WithUpdatedPassword" time="0.0">
    <skipped/>
  </testcase> <!-- login_WithUpdatedPassword -->
  <testcase classname="testClasses.HumburgerMenuTest" name="validateDeviceList" time="0.0">
    <skipped/>
  </testcase> <!-- validateDeviceList -->
  <testcase classname="testClasses.HumburgerMenuTest" name="validateDeleteAccount" time="0.0">
    <skipped/>
  </testcase> <!-- validateDeleteAccount -->
  <testcase classname="testClasses.HumburgerMenuTest" name="selectLanguagePopUpOpensUp" time="0.0">
    <skipped/>
  </testcase> <!-- selectLanguagePopUpOpensUp -->
  <testcase classname="testClasses.HumburgerMenuTest" name="contactUsOpensUp" time="0.0">
    <skipped/>
  </testcase> <!-- contactUsOpensUp -->
  <testcase classname="testClasses.HumburgerMenuTest" name="FAQs" time="0.0">
    <skipped/>
  </testcase> <!-- FAQs -->
  <testcase classname="testClasses.HumburgerMenuTest" name="log_OuT_pageOpensUp" time="0.0">
    <skipped/>
  </testcase> <!-- log_OuT_pageOpensUp -->
  <testcase classname="testClasses.HumburgerMenuTest" name="log_OuT_Success" time="0.0">
    <skipped/>
  </testcase> <!-- log_OuT_Success -->
  <testcase classname="testClasses.HumburgerMenuTest" name="privacy_PoLicy" time="0.0">
    <skipped/>
  </testcase> <!-- privacy_PoLicy -->
  <testcase classname="testClasses.HumburgerMenuTest" name="termsAndConditioN" time="0.0">
    <skipped/>
  </testcase> <!-- termsAndConditioN -->
  <testcase classname="testClasses.HumburgerMenuTest" name="delete_Success" time="0.0">
    <ignored/>
  </testcase> <!-- delete_Success -->
  <testcase classname="base.BaseTest" name="@BeforeSuite initialize" time="0.0">
    <ignored/>
  </testcase> <!-- @BeforeSuite initialize -->
  <testcase classname="base.BaseTest" name="@BeforeSuite initialize" time="0.0">
    <ignored/>
  </testcase> <!-- @BeforeSuite initialize -->
  <testcase classname="base.BaseTest" name="@BeforeSuite initialize" time="0.0">
    <ignored/>
  </testcase> <!-- @BeforeSuite initialize -->
  <testcase classname="testClasses.HumburgerMenuTest" name="deleted_Account_Login" time="0.0">
    <ignored/>
  </testcase> <!-- deleted_Account_Login -->
  <testcase classname="base.BaseTest" name="@AfterSuite quit" time="0.0">
    <ignored/>
  </testcase> <!-- @AfterSuite quit -->
  <testcase classname="base.BaseTest" name="@AfterSuite quit" time="0.0">
    <ignored/>
  </testcase> <!-- @AfterSuite quit -->
  <testcase classname="base.BaseTest" name="@AfterSuite quit" time="0.0">
    <ignored/>
  </testcase> <!-- @AfterSuite quit -->
</testsuite> <!-- Surefire test -->
