<?xml version="1.0" encoding="UTF-8"?>
<testng-results ignored="15" total="93" passed="0" failed="0" skipped="78">
  <reporter-output>
  </reporter-output>
  <suite started-at="2023-08-31T10:31:40Z" name="Surefire suite" finished-at="2023-08-31T10:31:40Z" duration-ms="84">
    <groups>
    </groups>
    <test started-at="2023-08-31T10:31:40Z" name="Surefire test" finished-at="2023-08-31T10:31:40Z" duration-ms="84">
      <class name="testClasses.ForgotPasswordTest">
        <test-method is-config="true" signature="beforeMethod(java.lang.reflect.Method)[pri:0, instance:testClasses.ForgotPasswordTest@4988d8b8]" started-at="2023-08-31T16:01:40Z" name="beforeMethod" finished-at="2023-08-31T16:01:40Z" duration-ms="0" status="SKIP">
          <reporter-output>
          </reporter-output>
        </test-method> <!-- beforeMethod -->
        <test-method signature="forgetPasswordPageOpensUp()[pri:12, instance:testClasses.ForgotPasswordTest@4988d8b8]" started-at="2023-08-31T16:01:40Z" name="forgetPasswordPageOpensUp" description="Verify that forget password page opens up" finished-at="2023-08-31T16:01:40Z" duration-ms="0" status="SKIP">
          <exception class="org.openqa.selenium.InvalidArgumentException">
            <message>
              <![CDATA['automationName' can't be blank
Build info: version: '3.5.3', revision: 'a88d25fe6b', time: '2017-08-29T12:42:44.417Z'
System info: host: 'ankit-gupta', ip: '192.168.1.31', os.name: 'Windows 11', os.arch: 'amd64', os.version: '10.0', java.version: '17.0.5'
Driver info: driver.version: AndroidDriver
remote stacktrace: InvalidArgumentError: 'automationName' can't be blank
    at processCapabilities (C:\Users\SQE Labs\AppData\Roaming\npm\node_modules\appium\node_modules\@appium\base-driver\lib\basedriver\capabilities.js:345:13)
    at parseCapsForInnerDriver (C:\Users\SQE Labs\AppData\Roaming\npm\node_modules\appium\lib\utils.js:151:40)
    at AppiumDriver.createSession (C:\Users\SQE Labs\AppData\Roaming\npm\node_modules\appium\lib\appium.js:279:49)
    at commandExecutor (C:\Users\SQE Labs\AppData\Roaming\npm\node_modules\appium\node_modules\@appium\base-driver\lib\basedriver\driver.ts:107:18)
    at AppiumDriver.executeCommand (C:\Users\SQE Labs\AppData\Roaming\npm\node_modules\appium\node_modules\@appium\base-driver\lib\basedriver\driver.ts:124:15)
    at processTicksAndRejections (node:internal/process/task_queues:95:5)
    at defaultBehavior (C:\Users\SQE Labs\AppData\Roaming\npm\node_modules\appium\lib\appium.js:718:16)
    at AppiumDriver.executeWrappedCommand (C:\Users\SQE Labs\AppData\Roaming\npm\node_modules\appium\lib\appium.js:828:16)
    at AppiumDriver.executeCommand (C:\Users\SQE Labs\AppData\Roaming\npm\node_modules\appium\lib\appium.js:734:17)
    at asyncHandler (C:\Users\SQE Labs\AppData\Roaming\npm\node_modules\appium\node_modules\@appium\base-driver\lib\protocol\protocol.js:393:19)]]>
            </message>
            <full-stacktrace>
              <![CDATA[org.openqa.selenium.InvalidArgumentException: 'automationName' can't be blank
Build info: version: '3.5.3', revision: 'a88d25fe6b', time: '2017-08-29T12:42:44.417Z'
System info: host: 'ankit-gupta', ip: '192.168.1.31', os.name: 'Windows 11', os.arch: 'amd64', os.version: '10.0', java.version: '17.0.5'
Driver info: driver.version: AndroidDriver
remote stacktrace: InvalidArgumentError: 'automationName' can't be blank
    at processCapabilities (C:\Users\SQE Labs\AppData\Roaming\npm\node_modules\appium\node_modules\@appium\base-driver\lib\basedriver\capabilities.js:345:13)
    at parseCapsForInnerDriver (C:\Users\SQE Labs\AppData\Roaming\npm\node_modules\appium\lib\utils.js:151:40)
    at AppiumDriver.createSession (C:\Users\SQE Labs\AppData\Roaming\npm\node_modules\appium\lib\appium.js:279:49)
    at commandExecutor (C:\Users\SQE Labs\AppData\Roaming\npm\node_modules\appium\node_modules\@appium\base-driver\lib\basedriver\driver.ts:107:18)
    at AppiumDriver.executeCommand (C:\Users\SQE Labs\AppData\Roaming\npm\node_modules\appium\node_modules\@appium\base-driver\lib\basedriver\driver.ts:124:15)
    at processTicksAndRejections (node:internal/process/task_queues:95:5)
    at defaultBehavior (C:\Users\SQE Labs\AppData\Roaming\npm\node_modules\appium\lib\appium.js:718:16)
    at AppiumDriver.executeWrappedCommand (C:\Users\SQE Labs\AppData\Roaming\npm\node_modules\appium\lib\appium.js:828:16)
    at AppiumDriver.executeCommand (C:\Users\SQE Labs\AppData\Roaming\npm\node_modules\appium\lib\appium.js:734:17)
    at asyncHandler (C:\Users\SQE Labs\AppData\Roaming\npm\node_modules\appium\node_modules\@appium\base-driver\lib\protocol\protocol.js:393:19)
	at java.base/jdk.internal.reflect.NativeConstructorAccessorImpl.newInstance0(Native Method)
	at java.base/jdk.internal.reflect.NativeConstructorAccessorImpl.newInstance(NativeConstructorAccessorImpl.java:77)
	at java.base/jdk.internal.reflect.DelegatingConstructorAccessorImpl.newInstance(DelegatingConstructorAccessorImpl.java:45)
	at java.base/java.lang.reflect.Constructor.newInstanceWithCaller(Constructor.java:499)
	at java.base/java.lang.reflect.Constructor.newInstance(Constructor.java:480)
	at org.openqa.selenium.remote.W3CHandshakeResponse.lambda$new$0(W3CHandshakeResponse.java:57)
	at org.openqa.selenium.remote.W3CHandshakeResponse.lambda$getResponseFunction$2(W3CHandshakeResponse.java:104)
	at org.openqa.selenium.remote.ProtocolHandshake.lambda$createSession$24(ProtocolHandshake.java:359)
	at java.base/java.util.stream.ReferencePipeline$3$1.accept(ReferencePipeline.java:197)
	at java.base/java.util.Spliterators$ArraySpliterator.tryAdvance(Spliterators.java:1002)
	at java.base/java.util.stream.ReferencePipeline.forEachWithCancel(ReferencePipeline.java:129)
	at java.base/java.util.stream.AbstractPipeline.copyIntoWithCancel(AbstractPipeline.java:527)
	at java.base/java.util.stream.AbstractPipeline.copyInto(AbstractPipeline.java:513)
	at java.base/java.util.stream.AbstractPipeline.wrapAndCopyInto(AbstractPipeline.java:499)
	at java.base/java.util.stream.FindOps$FindOp.evaluateSequential(FindOps.java:150)
	at java.base/java.util.stream.AbstractPipeline.evaluate(AbstractPipeline.java:234)
	at java.base/java.util.stream.ReferencePipeline.findFirst(ReferencePipeline.java:647)
	at org.openqa.selenium.remote.ProtocolHandshake.createSession(ProtocolHandshake.java:362)
	at org.openqa.selenium.remote.ProtocolHandshake.createSession(ProtocolHandshake.java:136)
	at org.openqa.selenium.remote.HttpCommandExecutor.execute(HttpCommandExecutor.java:142)
	at io.appium.java_client.remote.AppiumCommandExecutor.execute(AppiumCommandExecutor.java:52)
	at org.openqa.selenium.remote.RemoteWebDriver.execute(RemoteWebDriver.java:646)
	at io.appium.java_client.DefaultGenericMobileDriver.execute(DefaultGenericMobileDriver.java:42)
	at io.appium.java_client.AppiumDriver.execute(AppiumDriver.java:1)
	at io.appium.java_client.android.AndroidDriver.execute(AndroidDriver.java:1)
	at org.openqa.selenium.remote.RemoteWebDriver.startSession(RemoteWebDriver.java:255)
	at org.openqa.selenium.remote.RemoteWebDriver.startSession(RemoteWebDriver.java:237)
	at org.openqa.selenium.remote.RemoteWebDriver.<init>(RemoteWebDriver.java:138)
	at io.appium.java_client.DefaultGenericMobileDriver.<init>(DefaultGenericMobileDriver.java:37)
	at io.appium.java_client.AppiumDriver.<init>(AppiumDriver.java:160)
	at io.appium.java_client.AppiumDriver.<init>(AppiumDriver.java:168)
	at io.appium.java_client.android.AndroidDriver.<init>(AndroidDriver.java:69)
	at utilities.DriverManager.initializeDriver(DriverManager.java:56)
	at base.BaseTest.initialize(BaseTest.java:35)
	at java.base/jdk.internal.reflect.NativeMethodAccessorImpl.invoke0(Native Method)
	at java.base/jdk.internal.reflect.NativeMethodAccessorImpl.invoke(NativeMethodAccessorImpl.java:77)
	at java.base/jdk.internal.reflect.DelegatingMethodAccessorImpl.invoke(DelegatingMethodAccessorImpl.java:43)
	at java.base/java.lang.reflect.Method.invoke(Method.java:568)
	at org.testng.internal.MethodInvocationHelper.invokeMethod(MethodInvocationHelper.java:108)
	at org.testng.internal.Invoker.invokeConfigurationMethod(Invoker.java:523)
	at org.testng.internal.Invoker.invokeConfigurations(Invoker.java:224)
	at org.testng.internal.Invoker.invokeConfigurations(Invoker.java:146)
	at org.testng.SuiteRunner.privateRun(SuiteRunner.java:326)
	at org.testng.SuiteRunner.run(SuiteRunner.java:289)
	at org.testng.SuiteRunnerWorker.runSuite(SuiteRunnerWorker.java:52)
	at org.testng.SuiteRunnerWorker.run(SuiteRunnerWorker.java:86)
	at org.testng.TestNG.runSuitesSequentially(TestNG.java:1301)
	at org.testng.TestNG.runSuitesLocally(TestNG.java:1226)
	at org.testng.TestNG.runSuites(TestNG.java:1144)
	at org.testng.TestNG.run(TestNG.java:1115)
	at org.apache.maven.surefire.testng.TestNGExecutor.run(TestNGExecutor.java:136)
	at org.apache.maven.surefire.testng.TestNGDirectoryTestSuite.executeMulti(TestNGDirectoryTestSuite.java:193)
	at org.apache.maven.surefire.testng.TestNGDirectoryTestSuite.execute(TestNGDirectoryTestSuite.java:94)
	at org.apache.maven.surefire.testng.TestNGProvider.invoke(TestNGProvider.java:145)
	at org.apache.maven.surefire.booter.ForkedBooter.runSuitesInProcess(ForkedBooter.java:428)
	at org.apache.maven.surefire.booter.ForkedBooter.execute(ForkedBooter.java:162)
	at org.apache.maven.surefire.booter.ForkedBooter.run(ForkedBooter.java:562)
	at org.apache.maven.surefire.booter.ForkedBooter.main(ForkedBooter.java:548)
]]>
            </full-stacktrace>
          </exception> <!-- org.openqa.selenium.InvalidArgumentException -->
          <reporter-output>
          </reporter-output>
        </test-method> <!-- forgetPasswordPageOpensUp -->
        <test-method signature="EmailField_Blank()[pri:13, instance:testClasses.ForgotPasswordTest@4988d8b8]" started-at="2023-08-31T16:01:40Z" name="EmailField_Blank" description="Verify that when user left email field blank" finished-at="2023-08-31T16:01:40Z" duration-ms="0" status="SKIP">
          <exception class="org.openqa.selenium.InvalidArgumentException">
            <message>
              <![CDATA['automationName' can't be blank
Build info: version: '3.5.3', revision: 'a88d25fe6b', time: '2017-08-29T12:42:44.417Z'
System info: host: 'ankit-gupta', ip: '192.168.1.31', os.name: 'Windows 11', os.arch: 'amd64', os.version: '10.0', java.version: '17.0.5'
Driver info: driver.version: AndroidDriver
remote stacktrace: InvalidArgumentError: 'automationName' can't be blank
    at processCapabilities (C:\Users\SQE Labs\AppData\Roaming\npm\node_modules\appium\node_modules\@appium\base-driver\lib\basedriver\capabilities.js:345:13)
    at parseCapsForInnerDriver (C:\Users\SQE Labs\AppData\Roaming\npm\node_modules\appium\lib\utils.js:151:40)
    at AppiumDriver.createSession (C:\Users\SQE Labs\AppData\Roaming\npm\node_modules\appium\lib\appium.js:279:49)
    at commandExecutor (C:\Users\SQE Labs\AppData\Roaming\npm\node_modules\appium\node_modules\@appium\base-driver\lib\basedriver\driver.ts:107:18)
    at AppiumDriver.executeCommand (C:\Users\SQE Labs\AppData\Roaming\npm\node_modules\appium\node_modules\@appium\base-driver\lib\basedriver\driver.ts:124:15)
    at processTicksAndRejections (node:internal/process/task_queues:95:5)
    at defaultBehavior (C:\Users\SQE Labs\AppData\Roaming\npm\node_modules\appium\lib\appium.js:718:16)
    at AppiumDriver.executeWrappedCommand (C:\Users\SQE Labs\AppData\Roaming\npm\node_modules\appium\lib\appium.js:828:16)
    at AppiumDriver.executeCommand (C:\Users\SQE Labs\AppData\Roaming\npm\node_modules\appium\lib\appium.js:734:17)
    at asyncHandler (C:\Users\SQE Labs\AppData\Roaming\npm\node_modules\appium\node_modules\@appium\base-driver\lib\protocol\protocol.js:393:19)]]>
            </message>
            <full-stacktrace>
              <![CDATA[org.openqa.selenium.InvalidArgumentException: 'automationName' can't be blank
Build info: version: '3.5.3', revision: 'a88d25fe6b', time: '2017-08-29T12:42:44.417Z'
System info: host: 'ankit-gupta', ip: '192.168.1.31', os.name: 'Windows 11', os.arch: 'amd64', os.version: '10.0', java.version: '17.0.5'
Driver info: driver.version: AndroidDriver
remote stacktrace: InvalidArgumentError: 'automationName' can't be blank
    at processCapabilities (C:\Users\SQE Labs\AppData\Roaming\npm\node_modules\appium\node_modules\@appium\base-driver\lib\basedriver\capabilities.js:345:13)
    at parseCapsForInnerDriver (C:\Users\SQE Labs\AppData\Roaming\npm\node_modules\appium\lib\utils.js:151:40)
    at AppiumDriver.createSession (C:\Users\SQE Labs\AppData\Roaming\npm\node_modules\appium\lib\appium.js:279:49)
    at commandExecutor (C:\Users\SQE Labs\AppData\Roaming\npm\node_modules\appium\node_modules\@appium\base-driver\lib\basedriver\driver.ts:107:18)
    at AppiumDriver.executeCommand (C:\Users\SQE Labs\AppData\Roaming\npm\node_modules\appium\node_modules\@appium\base-driver\lib\basedriver\driver.ts:124:15)
    at processTicksAndRejections (node:internal/process/task_queues:95:5)
    at defaultBehavior (C:\Users\SQE Labs\AppData\Roaming\npm\node_modules\appium\lib\appium.js:718:16)
    at AppiumDriver.executeWrappedCommand (C:\Users\SQE Labs\AppData\Roaming\npm\node_modules\appium\lib\appium.js:828:16)
    at AppiumDriver.executeCommand (C:\Users\SQE Labs\AppData\Roaming\npm\node_modules\appium\lib\appium.js:734:17)
    at asyncHandler (C:\Users\SQE Labs\AppData\Roaming\npm\node_modules\appium\node_modules\@appium\base-driver\lib\protocol\protocol.js:393:19)
	at java.base/jdk.internal.reflect.NativeConstructorAccessorImpl.newInstance0(Native Method)
	at java.base/jdk.internal.reflect.NativeConstructorAccessorImpl.newInstance(NativeConstructorAccessorImpl.java:77)
	at java.base/jdk.internal.reflect.DelegatingConstructorAccessorImpl.newInstance(DelegatingConstructorAccessorImpl.java:45)
	at java.base/java.lang.reflect.Constructor.newInstanceWithCaller(Constructor.java:499)
	at java.base/java.lang.reflect.Constructor.newInstance(Constructor.java:480)
	at org.openqa.selenium.remote.W3CHandshakeResponse.lambda$new$0(W3CHandshakeResponse.java:57)
	at org.openqa.selenium.remote.W3CHandshakeResponse.lambda$getResponseFunction$2(W3CHandshakeResponse.java:104)
	at org.openqa.selenium.remote.ProtocolHandshake.lambda$createSession$24(ProtocolHandshake.java:359)
	at java.base/java.util.stream.ReferencePipeline$3$1.accept(ReferencePipeline.java:197)
	at java.base/java.util.Spliterators$ArraySpliterator.tryAdvance(Spliterators.java:1002)
	at java.base/java.util.stream.ReferencePipeline.forEachWithCancel(ReferencePipeline.java:129)
	at java.base/java.util.stream.AbstractPipeline.copyIntoWithCancel(AbstractPipeline.java:527)
	at java.base/java.util.stream.AbstractPipeline.copyInto(AbstractPipeline.java:513)
	at java.base/java.util.stream.AbstractPipeline.wrapAndCopyInto(AbstractPipeline.java:499)
	at java.base/java.util.stream.FindOps$FindOp.evaluateSequential(FindOps.java:150)
	at java.base/java.util.stream.AbstractPipeline.evaluate(AbstractPipeline.java:234)
	at java.base/java.util.stream.ReferencePipeline.findFirst(ReferencePipeline.java:647)
	at org.openqa.selenium.remote.ProtocolHandshake.createSession(ProtocolHandshake.java:362)
	at org.openqa.selenium.remote.ProtocolHandshake.createSession(ProtocolHandshake.java:136)
	at org.openqa.selenium.remote.HttpCommandExecutor.execute(HttpCommandExecutor.java:142)
	at io.appium.java_client.remote.AppiumCommandExecutor.execute(AppiumCommandExecutor.java:52)
	at org.openqa.selenium.remote.RemoteWebDriver.execute(RemoteWebDriver.java:646)
	at io.appium.java_client.DefaultGenericMobileDriver.execute(DefaultGenericMobileDriver.java:42)
	at io.appium.java_client.AppiumDriver.execute(AppiumDriver.java:1)
	at io.appium.java_client.android.AndroidDriver.execute(AndroidDriver.java:1)
	at org.openqa.selenium.remote.RemoteWebDriver.startSession(RemoteWebDriver.java:255)
	at org.openqa.selenium.remote.RemoteWebDriver.startSession(RemoteWebDriver.java:237)
	at org.openqa.selenium.remote.RemoteWebDriver.<init>(RemoteWebDriver.java:138)
	at io.appium.java_client.DefaultGenericMobileDriver.<init>(DefaultGenericMobileDriver.java:37)
	at io.appium.java_client.AppiumDriver.<init>(AppiumDriver.java:160)
	at io.appium.java_client.AppiumDriver.<init>(AppiumDriver.java:168)
	at io.appium.java_client.android.AndroidDriver.<init>(AndroidDriver.java:69)
	at utilities.DriverManager.initializeDriver(DriverManager.java:56)
	at base.BaseTest.initialize(BaseTest.java:35)
	at java.base/jdk.internal.reflect.NativeMethodAccessorImpl.invoke0(Native Method)
	at java.base/jdk.internal.reflect.NativeMethodAccessorImpl.invoke(NativeMethodAccessorImpl.java:77)
	at java.base/jdk.internal.reflect.DelegatingMethodAccessorImpl.invoke(DelegatingMethodAccessorImpl.java:43)
	at java.base/java.lang.reflect.Method.invoke(Method.java:568)
	at org.testng.internal.MethodInvocationHelper.invokeMethod(MethodInvocationHelper.java:108)
	at org.testng.internal.Invoker.invokeConfigurationMethod(Invoker.java:523)
	at org.testng.internal.Invoker.invokeConfigurations(Invoker.java:224)
	at org.testng.internal.Invoker.invokeConfigurations(Invoker.java:146)
	at org.testng.SuiteRunner.privateRun(SuiteRunner.java:326)
	at org.testng.SuiteRunner.run(SuiteRunner.java:289)
	at org.testng.SuiteRunnerWorker.runSuite(SuiteRunnerWorker.java:52)
	at org.testng.SuiteRunnerWorker.run(SuiteRunnerWorker.java:86)
	at org.testng.TestNG.runSuitesSequentially(TestNG.java:1301)
	at org.testng.TestNG.runSuitesLocally(TestNG.java:1226)
	at org.testng.TestNG.runSuites(TestNG.java:1144)
	at org.testng.TestNG.run(TestNG.java:1115)
	at org.apache.maven.surefire.testng.TestNGExecutor.run(TestNGExecutor.java:136)
	at org.apache.maven.surefire.testng.TestNGDirectoryTestSuite.executeMulti(TestNGDirectoryTestSuite.java:193)
	at org.apache.maven.surefire.testng.TestNGDirectoryTestSuite.execute(TestNGDirectoryTestSuite.java:94)
	at org.apache.maven.surefire.testng.TestNGProvider.invoke(TestNGProvider.java:145)
	at org.apache.maven.surefire.booter.ForkedBooter.runSuitesInProcess(ForkedBooter.java:428)
	at org.apache.maven.surefire.booter.ForkedBooter.execute(ForkedBooter.java:162)
	at org.apache.maven.surefire.booter.ForkedBooter.run(ForkedBooter.java:562)
	at org.apache.maven.surefire.booter.ForkedBooter.main(ForkedBooter.java:548)
]]>
            </full-stacktrace>
          </exception> <!-- org.openqa.selenium.InvalidArgumentException -->
          <reporter-output>
          </reporter-output>
        </test-method> <!-- EmailField_Blank -->
        <test-method is-config="true" signature="beforeMethod(java.lang.reflect.Method)[pri:0, instance:testClasses.ForgotPasswordTest@4988d8b8]" started-at="2023-08-31T16:01:40Z" name="beforeMethod" finished-at="2023-08-31T16:01:40Z" duration-ms="0" status="SKIP">
          <reporter-output>
          </reporter-output>
        </test-method> <!-- beforeMethod -->
        <test-method is-config="true" signature="beforeMethod(java.lang.reflect.Method)[pri:0, instance:testClasses.ForgotPasswordTest@4988d8b8]" started-at="2023-08-31T16:01:40Z" name="beforeMethod" finished-at="2023-08-31T16:01:40Z" duration-ms="0" status="SKIP">
          <reporter-output>
          </reporter-output>
        </test-method> <!-- beforeMethod -->
        <test-method is-config="true" signature="beforeMethod(java.lang.reflect.Method)[pri:0, instance:testClasses.ForgotPasswordTest@4988d8b8]" started-at="2023-08-31T16:01:40Z" name="beforeMethod" finished-at="2023-08-31T16:01:40Z" duration-ms="0" status="SKIP">
          <reporter-output>
          </reporter-output>
        </test-method> <!-- beforeMethod -->
        <test-method signature="invalidEmail()[pri:15, instance:testClasses.ForgotPasswordTest@4988d8b8]" started-at="2023-08-31T16:01:40Z" name="invalidEmail" description="Verify that when user enters invalid email" finished-at="2023-08-31T16:01:40Z" duration-ms="0" status="SKIP">
          <exception class="org.openqa.selenium.InvalidArgumentException">
            <message>
              <![CDATA['automationName' can't be blank
Build info: version: '3.5.3', revision: 'a88d25fe6b', time: '2017-08-29T12:42:44.417Z'
System info: host: 'ankit-gupta', ip: '192.168.1.31', os.name: 'Windows 11', os.arch: 'amd64', os.version: '10.0', java.version: '17.0.5'
Driver info: driver.version: AndroidDriver
remote stacktrace: InvalidArgumentError: 'automationName' can't be blank
    at processCapabilities (C:\Users\SQE Labs\AppData\Roaming\npm\node_modules\appium\node_modules\@appium\base-driver\lib\basedriver\capabilities.js:345:13)
    at parseCapsForInnerDriver (C:\Users\SQE Labs\AppData\Roaming\npm\node_modules\appium\lib\utils.js:151:40)
    at AppiumDriver.createSession (C:\Users\SQE Labs\AppData\Roaming\npm\node_modules\appium\lib\appium.js:279:49)
    at commandExecutor (C:\Users\SQE Labs\AppData\Roaming\npm\node_modules\appium\node_modules\@appium\base-driver\lib\basedriver\driver.ts:107:18)
    at AppiumDriver.executeCommand (C:\Users\SQE Labs\AppData\Roaming\npm\node_modules\appium\node_modules\@appium\base-driver\lib\basedriver\driver.ts:124:15)
    at processTicksAndRejections (node:internal/process/task_queues:95:5)
    at defaultBehavior (C:\Users\SQE Labs\AppData\Roaming\npm\node_modules\appium\lib\appium.js:718:16)
    at AppiumDriver.executeWrappedCommand (C:\Users\SQE Labs\AppData\Roaming\npm\node_modules\appium\lib\appium.js:828:16)
    at AppiumDriver.executeCommand (C:\Users\SQE Labs\AppData\Roaming\npm\node_modules\appium\lib\appium.js:734:17)
    at asyncHandler (C:\Users\SQE Labs\AppData\Roaming\npm\node_modules\appium\node_modules\@appium\base-driver\lib\protocol\protocol.js:393:19)]]>
            </message>
            <full-stacktrace>
              <![CDATA[org.openqa.selenium.InvalidArgumentException: 'automationName' can't be blank
Build info: version: '3.5.3', revision: 'a88d25fe6b', time: '2017-08-29T12:42:44.417Z'
System info: host: 'ankit-gupta', ip: '192.168.1.31', os.name: 'Windows 11', os.arch: 'amd64', os.version: '10.0', java.version: '17.0.5'
Driver info: driver.version: AndroidDriver
remote stacktrace: InvalidArgumentError: 'automationName' can't be blank
    at processCapabilities (C:\Users\SQE Labs\AppData\Roaming\npm\node_modules\appium\node_modules\@appium\base-driver\lib\basedriver\capabilities.js:345:13)
    at parseCapsForInnerDriver (C:\Users\SQE Labs\AppData\Roaming\npm\node_modules\appium\lib\utils.js:151:40)
    at AppiumDriver.createSession (C:\Users\SQE Labs\AppData\Roaming\npm\node_modules\appium\lib\appium.js:279:49)
    at commandExecutor (C:\Users\SQE Labs\AppData\Roaming\npm\node_modules\appium\node_modules\@appium\base-driver\lib\basedriver\driver.ts:107:18)
    at AppiumDriver.executeCommand (C:\Users\SQE Labs\AppData\Roaming\npm\node_modules\appium\node_modules\@appium\base-driver\lib\basedriver\driver.ts:124:15)
    at processTicksAndRejections (node:internal/process/task_queues:95:5)
    at defaultBehavior (C:\Users\SQE Labs\AppData\Roaming\npm\node_modules\appium\lib\appium.js:718:16)
    at AppiumDriver.executeWrappedCommand (C:\Users\SQE Labs\AppData\Roaming\npm\node_modules\appium\lib\appium.js:828:16)
    at AppiumDriver.executeCommand (C:\Users\SQE Labs\AppData\Roaming\npm\node_modules\appium\lib\appium.js:734:17)
    at asyncHandler (C:\Users\SQE Labs\AppData\Roaming\npm\node_modules\appium\node_modules\@appium\base-driver\lib\protocol\protocol.js:393:19)
	at java.base/jdk.internal.reflect.NativeConstructorAccessorImpl.newInstance0(Native Method)
	at java.base/jdk.internal.reflect.NativeConstructorAccessorImpl.newInstance(NativeConstructorAccessorImpl.java:77)
	at java.base/jdk.internal.reflect.DelegatingConstructorAccessorImpl.newInstance(DelegatingConstructorAccessorImpl.java:45)
	at java.base/java.lang.reflect.Constructor.newInstanceWithCaller(Constructor.java:499)
	at java.base/java.lang.reflect.Constructor.newInstance(Constructor.java:480)
	at org.openqa.selenium.remote.W3CHandshakeResponse.lambda$new$0(W3CHandshakeResponse.java:57)
	at org.openqa.selenium.remote.W3CHandshakeResponse.lambda$getResponseFunction$2(W3CHandshakeResponse.java:104)
	at org.openqa.selenium.remote.ProtocolHandshake.lambda$createSession$24(ProtocolHandshake.java:359)
	at java.base/java.util.stream.ReferencePipeline$3$1.accept(ReferencePipeline.java:197)
	at java.base/java.util.Spliterators$ArraySpliterator.tryAdvance(Spliterators.java:1002)
	at java.base/java.util.stream.ReferencePipeline.forEachWithCancel(ReferencePipeline.java:129)
	at java.base/java.util.stream.AbstractPipeline.copyIntoWithCancel(AbstractPipeline.java:527)
	at java.base/java.util.stream.AbstractPipeline.copyInto(AbstractPipeline.java:513)
	at java.base/java.util.stream.AbstractPipeline.wrapAndCopyInto(AbstractPipeline.java:499)
	at java.base/java.util.stream.FindOps$FindOp.evaluateSequential(FindOps.java:150)
	at java.base/java.util.stream.AbstractPipeline.evaluate(AbstractPipeline.java:234)
	at java.base/java.util.stream.ReferencePipeline.findFirst(ReferencePipeline.java:647)
	at org.openqa.selenium.remote.ProtocolHandshake.createSession(ProtocolHandshake.java:362)
	at org.openqa.selenium.remote.ProtocolHandshake.createSession(ProtocolHandshake.java:136)
	at org.openqa.selenium.remote.HttpCommandExecutor.execute(HttpCommandExecutor.java:142)
	at io.appium.java_client.remote.AppiumCommandExecutor.execute(AppiumCommandExecutor.java:52)
	at org.openqa.selenium.remote.RemoteWebDriver.execute(RemoteWebDriver.java:646)
	at io.appium.java_client.DefaultGenericMobileDriver.execute(DefaultGenericMobileDriver.java:42)
	at io.appium.java_client.AppiumDriver.execute(AppiumDriver.java:1)
	at io.appium.java_client.android.AndroidDriver.execute(AndroidDriver.java:1)
	at org.openqa.selenium.remote.RemoteWebDriver.startSession(RemoteWebDriver.java:255)
	at org.openqa.selenium.remote.RemoteWebDriver.startSession(RemoteWebDriver.java:237)
	at org.openqa.selenium.remote.RemoteWebDriver.<init>(RemoteWebDriver.java:138)
	at io.appium.java_client.DefaultGenericMobileDriver.<init>(DefaultGenericMobileDriver.java:37)
	at io.appium.java_client.AppiumDriver.<init>(AppiumDriver.java:160)
	at io.appium.java_client.AppiumDriver.<init>(AppiumDriver.java:168)
	at io.appium.java_client.android.AndroidDriver.<init>(AndroidDriver.java:69)
	at utilities.DriverManager.initializeDriver(DriverManager.java:56)
	at base.BaseTest.initialize(BaseTest.java:35)
	at java.base/jdk.internal.reflect.NativeMethodAccessorImpl.invoke0(Native Method)
	at java.base/jdk.internal.reflect.NativeMethodAccessorImpl.invoke(NativeMethodAccessorImpl.java:77)
	at java.base/jdk.internal.reflect.DelegatingMethodAccessorImpl.invoke(DelegatingMethodAccessorImpl.java:43)
	at java.base/java.lang.reflect.Method.invoke(Method.java:568)
	at org.testng.internal.MethodInvocationHelper.invokeMethod(MethodInvocationHelper.java:108)
	at org.testng.internal.Invoker.invokeConfigurationMethod(Invoker.java:523)
	at org.testng.internal.Invoker.invokeConfigurations(Invoker.java:224)
	at org.testng.internal.Invoker.invokeConfigurations(Invoker.java:146)
	at org.testng.SuiteRunner.privateRun(SuiteRunner.java:326)
	at org.testng.SuiteRunner.run(SuiteRunner.java:289)
	at org.testng.SuiteRunnerWorker.runSuite(SuiteRunnerWorker.java:52)
	at org.testng.SuiteRunnerWorker.run(SuiteRunnerWorker.java:86)
	at org.testng.TestNG.runSuitesSequentially(TestNG.java:1301)
	at org.testng.TestNG.runSuitesLocally(TestNG.java:1226)
	at org.testng.TestNG.runSuites(TestNG.java:1144)
	at org.testng.TestNG.run(TestNG.java:1115)
	at org.apache.maven.surefire.testng.TestNGExecutor.run(TestNGExecutor.java:136)
	at org.apache.maven.surefire.testng.TestNGDirectoryTestSuite.executeMulti(TestNGDirectoryTestSuite.java:193)
	at org.apache.maven.surefire.testng.TestNGDirectoryTestSuite.execute(TestNGDirectoryTestSuite.java:94)
	at org.apache.maven.surefire.testng.TestNGProvider.invoke(TestNGProvider.java:145)
	at org.apache.maven.surefire.booter.ForkedBooter.runSuitesInProcess(ForkedBooter.java:428)
	at org.apache.maven.surefire.booter.ForkedBooter.execute(ForkedBooter.java:162)
	at org.apache.maven.surefire.booter.ForkedBooter.run(ForkedBooter.java:562)
	at org.apache.maven.surefire.booter.ForkedBooter.main(ForkedBooter.java:548)
]]>
            </full-stacktrace>
          </exception> <!-- org.openqa.selenium.InvalidArgumentException -->
          <reporter-output>
          </reporter-output>
        </test-method> <!-- invalidEmail -->
        <test-method signature="enterspaces_EmailField()[pri:14, instance:testClasses.ForgotPasswordTest@4988d8b8]" started-at="2023-08-31T16:01:40Z" name="enterspaces_EmailField" description="Verify that when user enter spaces in email field" finished-at="2023-08-31T16:01:40Z" duration-ms="0" status="SKIP">
          <exception class="org.openqa.selenium.InvalidArgumentException">
            <message>
              <![CDATA['automationName' can't be blank
Build info: version: '3.5.3', revision: 'a88d25fe6b', time: '2017-08-29T12:42:44.417Z'
System info: host: 'ankit-gupta', ip: '192.168.1.31', os.name: 'Windows 11', os.arch: 'amd64', os.version: '10.0', java.version: '17.0.5'
Driver info: driver.version: AndroidDriver
remote stacktrace: InvalidArgumentError: 'automationName' can't be blank
    at processCapabilities (C:\Users\SQE Labs\AppData\Roaming\npm\node_modules\appium\node_modules\@appium\base-driver\lib\basedriver\capabilities.js:345:13)
    at parseCapsForInnerDriver (C:\Users\SQE Labs\AppData\Roaming\npm\node_modules\appium\lib\utils.js:151:40)
    at AppiumDriver.createSession (C:\Users\SQE Labs\AppData\Roaming\npm\node_modules\appium\lib\appium.js:279:49)
    at commandExecutor (C:\Users\SQE Labs\AppData\Roaming\npm\node_modules\appium\node_modules\@appium\base-driver\lib\basedriver\driver.ts:107:18)
    at AppiumDriver.executeCommand (C:\Users\SQE Labs\AppData\Roaming\npm\node_modules\appium\node_modules\@appium\base-driver\lib\basedriver\driver.ts:124:15)
    at processTicksAndRejections (node:internal/process/task_queues:95:5)
    at defaultBehavior (C:\Users\SQE Labs\AppData\Roaming\npm\node_modules\appium\lib\appium.js:718:16)
    at AppiumDriver.executeWrappedCommand (C:\Users\SQE Labs\AppData\Roaming\npm\node_modules\appium\lib\appium.js:828:16)
    at AppiumDriver.executeCommand (C:\Users\SQE Labs\AppData\Roaming\npm\node_modules\appium\lib\appium.js:734:17)
    at asyncHandler (C:\Users\SQE Labs\AppData\Roaming\npm\node_modules\appium\node_modules\@appium\base-driver\lib\protocol\protocol.js:393:19)]]>
            </message>
            <full-stacktrace>
              <![CDATA[org.openqa.selenium.InvalidArgumentException: 'automationName' can't be blank
Build info: version: '3.5.3', revision: 'a88d25fe6b', time: '2017-08-29T12:42:44.417Z'
System info: host: 'ankit-gupta', ip: '192.168.1.31', os.name: 'Windows 11', os.arch: 'amd64', os.version: '10.0', java.version: '17.0.5'
Driver info: driver.version: AndroidDriver
remote stacktrace: InvalidArgumentError: 'automationName' can't be blank
    at processCapabilities (C:\Users\SQE Labs\AppData\Roaming\npm\node_modules\appium\node_modules\@appium\base-driver\lib\basedriver\capabilities.js:345:13)
    at parseCapsForInnerDriver (C:\Users\SQE Labs\AppData\Roaming\npm\node_modules\appium\lib\utils.js:151:40)
    at AppiumDriver.createSession (C:\Users\SQE Labs\AppData\Roaming\npm\node_modules\appium\lib\appium.js:279:49)
    at commandExecutor (C:\Users\SQE Labs\AppData\Roaming\npm\node_modules\appium\node_modules\@appium\base-driver\lib\basedriver\driver.ts:107:18)
    at AppiumDriver.executeCommand (C:\Users\SQE Labs\AppData\Roaming\npm\node_modules\appium\node_modules\@appium\base-driver\lib\basedriver\driver.ts:124:15)
    at processTicksAndRejections (node:internal/process/task_queues:95:5)
    at defaultBehavior (C:\Users\SQE Labs\AppData\Roaming\npm\node_modules\appium\lib\appium.js:718:16)
    at AppiumDriver.executeWrappedCommand (C:\Users\SQE Labs\AppData\Roaming\npm\node_modules\appium\lib\appium.js:828:16)
    at AppiumDriver.executeCommand (C:\Users\SQE Labs\AppData\Roaming\npm\node_modules\appium\lib\appium.js:734:17)
    at asyncHandler (C:\Users\SQE Labs\AppData\Roaming\npm\node_modules\appium\node_modules\@appium\base-driver\lib\protocol\protocol.js:393:19)
	at java.base/jdk.internal.reflect.NativeConstructorAccessorImpl.newInstance0(Native Method)
	at java.base/jdk.internal.reflect.NativeConstructorAccessorImpl.newInstance(NativeConstructorAccessorImpl.java:77)
	at java.base/jdk.internal.reflect.DelegatingConstructorAccessorImpl.newInstance(DelegatingConstructorAccessorImpl.java:45)
	at java.base/java.lang.reflect.Constructor.newInstanceWithCaller(Constructor.java:499)
	at java.base/java.lang.reflect.Constructor.newInstance(Constructor.java:480)
	at org.openqa.selenium.remote.W3CHandshakeResponse.lambda$new$0(W3CHandshakeResponse.java:57)
	at org.openqa.selenium.remote.W3CHandshakeResponse.lambda$getResponseFunction$2(W3CHandshakeResponse.java:104)
	at org.openqa.selenium.remote.ProtocolHandshake.lambda$createSession$24(ProtocolHandshake.java:359)
	at java.base/java.util.stream.ReferencePipeline$3$1.accept(ReferencePipeline.java:197)
	at java.base/java.util.Spliterators$ArraySpliterator.tryAdvance(Spliterators.java:1002)
	at java.base/java.util.stream.ReferencePipeline.forEachWithCancel(ReferencePipeline.java:129)
	at java.base/java.util.stream.AbstractPipeline.copyIntoWithCancel(AbstractPipeline.java:527)
	at java.base/java.util.stream.AbstractPipeline.copyInto(AbstractPipeline.java:513)
	at java.base/java.util.stream.AbstractPipeline.wrapAndCopyInto(AbstractPipeline.java:499)
	at java.base/java.util.stream.FindOps$FindOp.evaluateSequential(FindOps.java:150)
	at java.base/java.util.stream.AbstractPipeline.evaluate(AbstractPipeline.java:234)
	at java.base/java.util.stream.ReferencePipeline.findFirst(ReferencePipeline.java:647)
	at org.openqa.selenium.remote.ProtocolHandshake.createSession(ProtocolHandshake.java:362)
	at org.openqa.selenium.remote.ProtocolHandshake.createSession(ProtocolHandshake.java:136)
	at org.openqa.selenium.remote.HttpCommandExecutor.execute(HttpCommandExecutor.java:142)
	at io.appium.java_client.remote.AppiumCommandExecutor.execute(AppiumCommandExecutor.java:52)
	at org.openqa.selenium.remote.RemoteWebDriver.execute(RemoteWebDriver.java:646)
	at io.appium.java_client.DefaultGenericMobileDriver.execute(DefaultGenericMobileDriver.java:42)
	at io.appium.java_client.AppiumDriver.execute(AppiumDriver.java:1)
	at io.appium.java_client.android.AndroidDriver.execute(AndroidDriver.java:1)
	at org.openqa.selenium.remote.RemoteWebDriver.startSession(RemoteWebDriver.java:255)
	at org.openqa.selenium.remote.RemoteWebDriver.startSession(RemoteWebDriver.java:237)
	at org.openqa.selenium.remote.RemoteWebDriver.<init>(RemoteWebDriver.java:138)
	at io.appium.java_client.DefaultGenericMobileDriver.<init>(DefaultGenericMobileDriver.java:37)
	at io.appium.java_client.AppiumDriver.<init>(AppiumDriver.java:160)
	at io.appium.java_client.AppiumDriver.<init>(AppiumDriver.java:168)
	at io.appium.java_client.android.AndroidDriver.<init>(AndroidDriver.java:69)
	at utilities.DriverManager.initializeDriver(DriverManager.java:56)
	at base.BaseTest.initialize(BaseTest.java:35)
	at java.base/jdk.internal.reflect.NativeMethodAccessorImpl.invoke0(Native Method)
	at java.base/jdk.internal.reflect.NativeMethodAccessorImpl.invoke(NativeMethodAccessorImpl.java:77)
	at java.base/jdk.internal.reflect.DelegatingMethodAccessorImpl.invoke(DelegatingMethodAccessorImpl.java:43)
	at java.base/java.lang.reflect.Method.invoke(Method.java:568)
	at org.testng.internal.MethodInvocationHelper.invokeMethod(MethodInvocationHelper.java:108)
	at org.testng.internal.Invoker.invokeConfigurationMethod(Invoker.java:523)
	at org.testng.internal.Invoker.invokeConfigurations(Invoker.java:224)
	at org.testng.internal.Invoker.invokeConfigurations(Invoker.java:146)
	at org.testng.SuiteRunner.privateRun(SuiteRunner.java:326)
	at org.testng.SuiteRunner.run(SuiteRunner.java:289)
	at org.testng.SuiteRunnerWorker.runSuite(SuiteRunnerWorker.java:52)
	at org.testng.SuiteRunnerWorker.run(SuiteRunnerWorker.java:86)
	at org.testng.TestNG.runSuitesSequentially(TestNG.java:1301)
	at org.testng.TestNG.runSuitesLocally(TestNG.java:1226)
	at org.testng.TestNG.runSuites(TestNG.java:1144)
	at org.testng.TestNG.run(TestNG.java:1115)
	at org.apache.maven.surefire.testng.TestNGExecutor.run(TestNGExecutor.java:136)
	at org.apache.maven.surefire.testng.TestNGDirectoryTestSuite.executeMulti(TestNGDirectoryTestSuite.java:193)
	at org.apache.maven.surefire.testng.TestNGDirectoryTestSuite.execute(TestNGDirectoryTestSuite.java:94)
	at org.apache.maven.surefire.testng.TestNGProvider.invoke(TestNGProvider.java:145)
	at org.apache.maven.surefire.booter.ForkedBooter.runSuitesInProcess(ForkedBooter.java:428)
	at org.apache.maven.surefire.booter.ForkedBooter.execute(ForkedBooter.java:162)
	at org.apache.maven.surefire.booter.ForkedBooter.run(ForkedBooter.java:562)
	at org.apache.maven.surefire.booter.ForkedBooter.main(ForkedBooter.java:548)
]]>
            </full-stacktrace>
          </exception> <!-- org.openqa.selenium.InvalidArgumentException -->
          <reporter-output>
          </reporter-output>
        </test-method> <!-- enterspaces_EmailField -->
        <test-method signature="unregisteredEmail()[pri:16, instance:testClasses.ForgotPasswordTest@4988d8b8]" started-at="2023-08-31T16:01:40Z" name="unregisteredEmail" description="Verify that when user try unregistered email in email field" finished-at="2023-08-31T16:01:40Z" duration-ms="0" status="SKIP">
          <exception class="org.openqa.selenium.InvalidArgumentException">
            <message>
              <![CDATA['automationName' can't be blank
Build info: version: '3.5.3', revision: 'a88d25fe6b', time: '2017-08-29T12:42:44.417Z'
System info: host: 'ankit-gupta', ip: '192.168.1.31', os.name: 'Windows 11', os.arch: 'amd64', os.version: '10.0', java.version: '17.0.5'
Driver info: driver.version: AndroidDriver
remote stacktrace: InvalidArgumentError: 'automationName' can't be blank
    at processCapabilities (C:\Users\SQE Labs\AppData\Roaming\npm\node_modules\appium\node_modules\@appium\base-driver\lib\basedriver\capabilities.js:345:13)
    at parseCapsForInnerDriver (C:\Users\SQE Labs\AppData\Roaming\npm\node_modules\appium\lib\utils.js:151:40)
    at AppiumDriver.createSession (C:\Users\SQE Labs\AppData\Roaming\npm\node_modules\appium\lib\appium.js:279:49)
    at commandExecutor (C:\Users\SQE Labs\AppData\Roaming\npm\node_modules\appium\node_modules\@appium\base-driver\lib\basedriver\driver.ts:107:18)
    at AppiumDriver.executeCommand (C:\Users\SQE Labs\AppData\Roaming\npm\node_modules\appium\node_modules\@appium\base-driver\lib\basedriver\driver.ts:124:15)
    at processTicksAndRejections (node:internal/process/task_queues:95:5)
    at defaultBehavior (C:\Users\SQE Labs\AppData\Roaming\npm\node_modules\appium\lib\appium.js:718:16)
    at AppiumDriver.executeWrappedCommand (C:\Users\SQE Labs\AppData\Roaming\npm\node_modules\appium\lib\appium.js:828:16)
    at AppiumDriver.executeCommand (C:\Users\SQE Labs\AppData\Roaming\npm\node_modules\appium\lib\appium.js:734:17)
    at asyncHandler (C:\Users\SQE Labs\AppData\Roaming\npm\node_modules\appium\node_modules\@appium\base-driver\lib\protocol\protocol.js:393:19)]]>
            </message>
            <full-stacktrace>
              <![CDATA[org.openqa.selenium.InvalidArgumentException: 'automationName' can't be blank
Build info: version: '3.5.3', revision: 'a88d25fe6b', time: '2017-08-29T12:42:44.417Z'
System info: host: 'ankit-gupta', ip: '192.168.1.31', os.name: 'Windows 11', os.arch: 'amd64', os.version: '10.0', java.version: '17.0.5'
Driver info: driver.version: AndroidDriver
remote stacktrace: InvalidArgumentError: 'automationName' can't be blank
    at processCapabilities (C:\Users\SQE Labs\AppData\Roaming\npm\node_modules\appium\node_modules\@appium\base-driver\lib\basedriver\capabilities.js:345:13)
    at parseCapsForInnerDriver (C:\Users\SQE Labs\AppData\Roaming\npm\node_modules\appium\lib\utils.js:151:40)
    at AppiumDriver.createSession (C:\Users\SQE Labs\AppData\Roaming\npm\node_modules\appium\lib\appium.js:279:49)
    at commandExecutor (C:\Users\SQE Labs\AppData\Roaming\npm\node_modules\appium\node_modules\@appium\base-driver\lib\basedriver\driver.ts:107:18)
    at AppiumDriver.executeCommand (C:\Users\SQE Labs\AppData\Roaming\npm\node_modules\appium\node_modules\@appium\base-driver\lib\basedriver\driver.ts:124:15)
    at processTicksAndRejections (node:internal/process/task_queues:95:5)
    at defaultBehavior (C:\Users\SQE Labs\AppData\Roaming\npm\node_modules\appium\lib\appium.js:718:16)
    at AppiumDriver.executeWrappedCommand (C:\Users\SQE Labs\AppData\Roaming\npm\node_modules\appium\lib\appium.js:828:16)
    at AppiumDriver.executeCommand (C:\Users\SQE Labs\AppData\Roaming\npm\node_modules\appium\lib\appium.js:734:17)
    at asyncHandler (C:\Users\SQE Labs\AppData\Roaming\npm\node_modules\appium\node_modules\@appium\base-driver\lib\protocol\protocol.js:393:19)
	at java.base/jdk.internal.reflect.NativeConstructorAccessorImpl.newInstance0(Native Method)
	at java.base/jdk.internal.reflect.NativeConstructorAccessorImpl.newInstance(NativeConstructorAccessorImpl.java:77)
	at java.base/jdk.internal.reflect.DelegatingConstructorAccessorImpl.newInstance(DelegatingConstructorAccessorImpl.java:45)
	at java.base/java.lang.reflect.Constructor.newInstanceWithCaller(Constructor.java:499)
	at java.base/java.lang.reflect.Constructor.newInstance(Constructor.java:480)
	at org.openqa.selenium.remote.W3CHandshakeResponse.lambda$new$0(W3CHandshakeResponse.java:57)
	at org.openqa.selenium.remote.W3CHandshakeResponse.lambda$getResponseFunction$2(W3CHandshakeResponse.java:104)
	at org.openqa.selenium.remote.ProtocolHandshake.lambda$createSession$24(ProtocolHandshake.java:359)
	at java.base/java.util.stream.ReferencePipeline$3$1.accept(ReferencePipeline.java:197)
	at java.base/java.util.Spliterators$ArraySpliterator.tryAdvance(Spliterators.java:1002)
	at java.base/java.util.stream.ReferencePipeline.forEachWithCancel(ReferencePipeline.java:129)
	at java.base/java.util.stream.AbstractPipeline.copyIntoWithCancel(AbstractPipeline.java:527)
	at java.base/java.util.stream.AbstractPipeline.copyInto(AbstractPipeline.java:513)
	at java.base/java.util.stream.AbstractPipeline.wrapAndCopyInto(AbstractPipeline.java:499)
	at java.base/java.util.stream.FindOps$FindOp.evaluateSequential(FindOps.java:150)
	at java.base/java.util.stream.AbstractPipeline.evaluate(AbstractPipeline.java:234)
	at java.base/java.util.stream.ReferencePipeline.findFirst(ReferencePipeline.java:647)
	at org.openqa.selenium.remote.ProtocolHandshake.createSession(ProtocolHandshake.java:362)
	at org.openqa.selenium.remote.ProtocolHandshake.createSession(ProtocolHandshake.java:136)
	at org.openqa.selenium.remote.HttpCommandExecutor.execute(HttpCommandExecutor.java:142)
	at io.appium.java_client.remote.AppiumCommandExecutor.execute(AppiumCommandExecutor.java:52)
	at org.openqa.selenium.remote.RemoteWebDriver.execute(RemoteWebDriver.java:646)
	at io.appium.java_client.DefaultGenericMobileDriver.execute(DefaultGenericMobileDriver.java:42)
	at io.appium.java_client.AppiumDriver.execute(AppiumDriver.java:1)
	at io.appium.java_client.android.AndroidDriver.execute(AndroidDriver.java:1)
	at org.openqa.selenium.remote.RemoteWebDriver.startSession(RemoteWebDriver.java:255)
	at org.openqa.selenium.remote.RemoteWebDriver.startSession(RemoteWebDriver.java:237)
	at org.openqa.selenium.remote.RemoteWebDriver.<init>(RemoteWebDriver.java:138)
	at io.appium.java_client.DefaultGenericMobileDriver.<init>(DefaultGenericMobileDriver.java:37)
	at io.appium.java_client.AppiumDriver.<init>(AppiumDriver.java:160)
	at io.appium.java_client.AppiumDriver.<init>(AppiumDriver.java:168)
	at io.appium.java_client.android.AndroidDriver.<init>(AndroidDriver.java:69)
	at utilities.DriverManager.initializeDriver(DriverManager.java:56)
	at base.BaseTest.initialize(BaseTest.java:35)
	at java.base/jdk.internal.reflect.NativeMethodAccessorImpl.invoke0(Native Method)
	at java.base/jdk.internal.reflect.NativeMethodAccessorImpl.invoke(NativeMethodAccessorImpl.java:77)
	at java.base/jdk.internal.reflect.DelegatingMethodAccessorImpl.invoke(DelegatingMethodAccessorImpl.java:43)
	at java.base/java.lang.reflect.Method.invoke(Method.java:568)
	at org.testng.internal.MethodInvocationHelper.invokeMethod(MethodInvocationHelper.java:108)
	at org.testng.internal.Invoker.invokeConfigurationMethod(Invoker.java:523)
	at org.testng.internal.Invoker.invokeConfigurations(Invoker.java:224)
	at org.testng.internal.Invoker.invokeConfigurations(Invoker.java:146)
	at org.testng.SuiteRunner.privateRun(SuiteRunner.java:326)
	at org.testng.SuiteRunner.run(SuiteRunner.java:289)
	at org.testng.SuiteRunnerWorker.runSuite(SuiteRunnerWorker.java:52)
	at org.testng.SuiteRunnerWorker.run(SuiteRunnerWorker.java:86)
	at org.testng.TestNG.runSuitesSequentially(TestNG.java:1301)
	at org.testng.TestNG.runSuitesLocally(TestNG.java:1226)
	at org.testng.TestNG.runSuites(TestNG.java:1144)
	at org.testng.TestNG.run(TestNG.java:1115)
	at org.apache.maven.surefire.testng.TestNGExecutor.run(TestNGExecutor.java:136)
	at org.apache.maven.surefire.testng.TestNGDirectoryTestSuite.executeMulti(TestNGDirectoryTestSuite.java:193)
	at org.apache.maven.surefire.testng.TestNGDirectoryTestSuite.execute(TestNGDirectoryTestSuite.java:94)
	at org.apache.maven.surefire.testng.TestNGProvider.invoke(TestNGProvider.java:145)
	at org.apache.maven.surefire.booter.ForkedBooter.runSuitesInProcess(ForkedBooter.java:428)
	at org.apache.maven.surefire.booter.ForkedBooter.execute(ForkedBooter.java:162)
	at org.apache.maven.surefire.booter.ForkedBooter.run(ForkedBooter.java:562)
	at org.apache.maven.surefire.booter.ForkedBooter.main(ForkedBooter.java:548)
]]>
            </full-stacktrace>
          </exception> <!-- org.openqa.selenium.InvalidArgumentException -->
          <reporter-output>
          </reporter-output>
        </test-method> <!-- unregisteredEmail -->
        <test-method is-config="true" signature="beforeMethod(java.lang.reflect.Method)[pri:0, instance:testClasses.ForgotPasswordTest@4988d8b8]" started-at="2023-08-31T16:01:40Z" name="beforeMethod" finished-at="2023-08-31T16:01:40Z" duration-ms="0" status="SKIP">
          <reporter-output>
          </reporter-output>
        </test-method> <!-- beforeMethod -->
        <test-method signature="registeredEmail()[pri:17, instance:testClasses.ForgotPasswordTest@4988d8b8]" started-at="2023-08-31T16:01:40Z" name="registeredEmail" description="Verify that when user try registered email in email field" finished-at="2023-08-31T16:01:40Z" duration-ms="0" status="SKIP">
          <exception class="org.openqa.selenium.InvalidArgumentException">
            <message>
              <![CDATA['automationName' can't be blank
Build info: version: '3.5.3', revision: 'a88d25fe6b', time: '2017-08-29T12:42:44.417Z'
System info: host: 'ankit-gupta', ip: '192.168.1.31', os.name: 'Windows 11', os.arch: 'amd64', os.version: '10.0', java.version: '17.0.5'
Driver info: driver.version: AndroidDriver
remote stacktrace: InvalidArgumentError: 'automationName' can't be blank
    at processCapabilities (C:\Users\SQE Labs\AppData\Roaming\npm\node_modules\appium\node_modules\@appium\base-driver\lib\basedriver\capabilities.js:345:13)
    at parseCapsForInnerDriver (C:\Users\SQE Labs\AppData\Roaming\npm\node_modules\appium\lib\utils.js:151:40)
    at AppiumDriver.createSession (C:\Users\SQE Labs\AppData\Roaming\npm\node_modules\appium\lib\appium.js:279:49)
    at commandExecutor (C:\Users\SQE Labs\AppData\Roaming\npm\node_modules\appium\node_modules\@appium\base-driver\lib\basedriver\driver.ts:107:18)
    at AppiumDriver.executeCommand (C:\Users\SQE Labs\AppData\Roaming\npm\node_modules\appium\node_modules\@appium\base-driver\lib\basedriver\driver.ts:124:15)
    at processTicksAndRejections (node:internal/process/task_queues:95:5)
    at defaultBehavior (C:\Users\SQE Labs\AppData\Roaming\npm\node_modules\appium\lib\appium.js:718:16)
    at AppiumDriver.executeWrappedCommand (C:\Users\SQE Labs\AppData\Roaming\npm\node_modules\appium\lib\appium.js:828:16)
    at AppiumDriver.executeCommand (C:\Users\SQE Labs\AppData\Roaming\npm\node_modules\appium\lib\appium.js:734:17)
    at asyncHandler (C:\Users\SQE Labs\AppData\Roaming\npm\node_modules\appium\node_modules\@appium\base-driver\lib\protocol\protocol.js:393:19)]]>
            </message>
            <full-stacktrace>
              <![CDATA[org.openqa.selenium.InvalidArgumentException: 'automationName' can't be blank
Build info: version: '3.5.3', revision: 'a88d25fe6b', time: '2017-08-29T12:42:44.417Z'
System info: host: 'ankit-gupta', ip: '192.168.1.31', os.name: 'Windows 11', os.arch: 'amd64', os.version: '10.0', java.version: '17.0.5'
Driver info: driver.version: AndroidDriver
remote stacktrace: InvalidArgumentError: 'automationName' can't be blank
    at processCapabilities (C:\Users\SQE Labs\AppData\Roaming\npm\node_modules\appium\node_modules\@appium\base-driver\lib\basedriver\capabilities.js:345:13)
    at parseCapsForInnerDriver (C:\Users\SQE Labs\AppData\Roaming\npm\node_modules\appium\lib\utils.js:151:40)
    at AppiumDriver.createSession (C:\Users\SQE Labs\AppData\Roaming\npm\node_modules\appium\lib\appium.js:279:49)
    at commandExecutor (C:\Users\SQE Labs\AppData\Roaming\npm\node_modules\appium\node_modules\@appium\base-driver\lib\basedriver\driver.ts:107:18)
    at AppiumDriver.executeCommand (C:\Users\SQE Labs\AppData\Roaming\npm\node_modules\appium\node_modules\@appium\base-driver\lib\basedriver\driver.ts:124:15)
    at processTicksAndRejections (node:internal/process/task_queues:95:5)
    at defaultBehavior (C:\Users\SQE Labs\AppData\Roaming\npm\node_modules\appium\lib\appium.js:718:16)
    at AppiumDriver.executeWrappedCommand (C:\Users\SQE Labs\AppData\Roaming\npm\node_modules\appium\lib\appium.js:828:16)
    at AppiumDriver.executeCommand (C:\Users\SQE Labs\AppData\Roaming\npm\node_modules\appium\lib\appium.js:734:17)
    at asyncHandler (C:\Users\SQE Labs\AppData\Roaming\npm\node_modules\appium\node_modules\@appium\base-driver\lib\protocol\protocol.js:393:19)
	at java.base/jdk.internal.reflect.NativeConstructorAccessorImpl.newInstance0(Native Method)
	at java.base/jdk.internal.reflect.NativeConstructorAccessorImpl.newInstance(NativeConstructorAccessorImpl.java:77)
	at java.base/jdk.internal.reflect.DelegatingConstructorAccessorImpl.newInstance(DelegatingConstructorAccessorImpl.java:45)
	at java.base/java.lang.reflect.Constructor.newInstanceWithCaller(Constructor.java:499)
	at java.base/java.lang.reflect.Constructor.newInstance(Constructor.java:480)
	at org.openqa.selenium.remote.W3CHandshakeResponse.lambda$new$0(W3CHandshakeResponse.java:57)
	at org.openqa.selenium.remote.W3CHandshakeResponse.lambda$getResponseFunction$2(W3CHandshakeResponse.java:104)
	at org.openqa.selenium.remote.ProtocolHandshake.lambda$createSession$24(ProtocolHandshake.java:359)
	at java.base/java.util.stream.ReferencePipeline$3$1.accept(ReferencePipeline.java:197)
	at java.base/java.util.Spliterators$ArraySpliterator.tryAdvance(Spliterators.java:1002)
	at java.base/java.util.stream.ReferencePipeline.forEachWithCancel(ReferencePipeline.java:129)
	at java.base/java.util.stream.AbstractPipeline.copyIntoWithCancel(AbstractPipeline.java:527)
	at java.base/java.util.stream.AbstractPipeline.copyInto(AbstractPipeline.java:513)
	at java.base/java.util.stream.AbstractPipeline.wrapAndCopyInto(AbstractPipeline.java:499)
	at java.base/java.util.stream.FindOps$FindOp.evaluateSequential(FindOps.java:150)
	at java.base/java.util.stream.AbstractPipeline.evaluate(AbstractPipeline.java:234)
	at java.base/java.util.stream.ReferencePipeline.findFirst(ReferencePipeline.java:647)
	at org.openqa.selenium.remote.ProtocolHandshake.createSession(ProtocolHandshake.java:362)
	at org.openqa.selenium.remote.ProtocolHandshake.createSession(ProtocolHandshake.java:136)
	at org.openqa.selenium.remote.HttpCommandExecutor.execute(HttpCommandExecutor.java:142)
	at io.appium.java_client.remote.AppiumCommandExecutor.execute(AppiumCommandExecutor.java:52)
	at org.openqa.selenium.remote.RemoteWebDriver.execute(RemoteWebDriver.java:646)
	at io.appium.java_client.DefaultGenericMobileDriver.execute(DefaultGenericMobileDriver.java:42)
	at io.appium.java_client.AppiumDriver.execute(AppiumDriver.java:1)
	at io.appium.java_client.android.AndroidDriver.execute(AndroidDriver.java:1)
	at org.openqa.selenium.remote.RemoteWebDriver.startSession(RemoteWebDriver.java:255)
	at org.openqa.selenium.remote.RemoteWebDriver.startSession(RemoteWebDriver.java:237)
	at org.openqa.selenium.remote.RemoteWebDriver.<init>(RemoteWebDriver.java:138)
	at io.appium.java_client.DefaultGenericMobileDriver.<init>(DefaultGenericMobileDriver.java:37)
	at io.appium.java_client.AppiumDriver.<init>(AppiumDriver.java:160)
	at io.appium.java_client.AppiumDriver.<init>(AppiumDriver.java:168)
	at io.appium.java_client.android.AndroidDriver.<init>(AndroidDriver.java:69)
	at utilities.DriverManager.initializeDriver(DriverManager.java:56)
	at base.BaseTest.initialize(BaseTest.java:35)
	at java.base/jdk.internal.reflect.NativeMethodAccessorImpl.invoke0(Native Method)
	at java.base/jdk.internal.reflect.NativeMethodAccessorImpl.invoke(NativeMethodAccessorImpl.java:77)
	at java.base/jdk.internal.reflect.DelegatingMethodAccessorImpl.invoke(DelegatingMethodAccessorImpl.java:43)
	at java.base/java.lang.reflect.Method.invoke(Method.java:568)
	at org.testng.internal.MethodInvocationHelper.invokeMethod(MethodInvocationHelper.java:108)
	at org.testng.internal.Invoker.invokeConfigurationMethod(Invoker.java:523)
	at org.testng.internal.Invoker.invokeConfigurations(Invoker.java:224)
	at org.testng.internal.Invoker.invokeConfigurations(Invoker.java:146)
	at org.testng.SuiteRunner.privateRun(SuiteRunner.java:326)
	at org.testng.SuiteRunner.run(SuiteRunner.java:289)
	at org.testng.SuiteRunnerWorker.runSuite(SuiteRunnerWorker.java:52)
	at org.testng.SuiteRunnerWorker.run(SuiteRunnerWorker.java:86)
	at org.testng.TestNG.runSuitesSequentially(TestNG.java:1301)
	at org.testng.TestNG.runSuitesLocally(TestNG.java:1226)
	at org.testng.TestNG.runSuites(TestNG.java:1144)
	at org.testng.TestNG.run(TestNG.java:1115)
	at org.apache.maven.surefire.testng.TestNGExecutor.run(TestNGExecutor.java:136)
	at org.apache.maven.surefire.testng.TestNGDirectoryTestSuite.executeMulti(TestNGDirectoryTestSuite.java:193)
	at org.apache.maven.surefire.testng.TestNGDirectoryTestSuite.execute(TestNGDirectoryTestSuite.java:94)
	at org.apache.maven.surefire.testng.TestNGProvider.invoke(TestNGProvider.java:145)
	at org.apache.maven.surefire.booter.ForkedBooter.runSuitesInProcess(ForkedBooter.java:428)
	at org.apache.maven.surefire.booter.ForkedBooter.execute(ForkedBooter.java:162)
	at org.apache.maven.surefire.booter.ForkedBooter.run(ForkedBooter.java:562)
	at org.apache.maven.surefire.booter.ForkedBooter.main(ForkedBooter.java:548)
]]>
            </full-stacktrace>
          </exception> <!-- org.openqa.selenium.InvalidArgumentException -->
          <reporter-output>
          </reporter-output>
        </test-method> <!-- registeredEmail -->
        <test-method is-config="true" signature="beforeMethod(java.lang.reflect.Method)[pri:0, instance:testClasses.ForgotPasswordTest@4988d8b8]" started-at="2023-08-31T16:01:40Z" name="beforeMethod" finished-at="2023-08-31T16:01:40Z" duration-ms="0" status="SKIP">
          <reporter-output>
          </reporter-output>
        </test-method> <!-- beforeMethod -->
        <test-method signature="validateEmailReceived()[pri:18, instance:testClasses.ForgotPasswordTest@4988d8b8]" started-at="2023-08-31T16:01:40Z" name="validateEmailReceived" description="Verify that user has received email on registered email address" finished-at="2023-08-31T16:01:40Z" duration-ms="0" status="SKIP">
          <exception class="org.openqa.selenium.InvalidArgumentException">
            <message>
              <![CDATA['automationName' can't be blank
Build info: version: '3.5.3', revision: 'a88d25fe6b', time: '2017-08-29T12:42:44.417Z'
System info: host: 'ankit-gupta', ip: '192.168.1.31', os.name: 'Windows 11', os.arch: 'amd64', os.version: '10.0', java.version: '17.0.5'
Driver info: driver.version: AndroidDriver
remote stacktrace: InvalidArgumentError: 'automationName' can't be blank
    at processCapabilities (C:\Users\SQE Labs\AppData\Roaming\npm\node_modules\appium\node_modules\@appium\base-driver\lib\basedriver\capabilities.js:345:13)
    at parseCapsForInnerDriver (C:\Users\SQE Labs\AppData\Roaming\npm\node_modules\appium\lib\utils.js:151:40)
    at AppiumDriver.createSession (C:\Users\SQE Labs\AppData\Roaming\npm\node_modules\appium\lib\appium.js:279:49)
    at commandExecutor (C:\Users\SQE Labs\AppData\Roaming\npm\node_modules\appium\node_modules\@appium\base-driver\lib\basedriver\driver.ts:107:18)
    at AppiumDriver.executeCommand (C:\Users\SQE Labs\AppData\Roaming\npm\node_modules\appium\node_modules\@appium\base-driver\lib\basedriver\driver.ts:124:15)
    at processTicksAndRejections (node:internal/process/task_queues:95:5)
    at defaultBehavior (C:\Users\SQE Labs\AppData\Roaming\npm\node_modules\appium\lib\appium.js:718:16)
    at AppiumDriver.executeWrappedCommand (C:\Users\SQE Labs\AppData\Roaming\npm\node_modules\appium\lib\appium.js:828:16)
    at AppiumDriver.executeCommand (C:\Users\SQE Labs\AppData\Roaming\npm\node_modules\appium\lib\appium.js:734:17)
    at asyncHandler (C:\Users\SQE Labs\AppData\Roaming\npm\node_modules\appium\node_modules\@appium\base-driver\lib\protocol\protocol.js:393:19)]]>
            </message>
            <full-stacktrace>
              <![CDATA[org.openqa.selenium.InvalidArgumentException: 'automationName' can't be blank
Build info: version: '3.5.3', revision: 'a88d25fe6b', time: '2017-08-29T12:42:44.417Z'
System info: host: 'ankit-gupta', ip: '192.168.1.31', os.name: 'Windows 11', os.arch: 'amd64', os.version: '10.0', java.version: '17.0.5'
Driver info: driver.version: AndroidDriver
remote stacktrace: InvalidArgumentError: 'automationName' can't be blank
    at processCapabilities (C:\Users\SQE Labs\AppData\Roaming\npm\node_modules\appium\node_modules\@appium\base-driver\lib\basedriver\capabilities.js:345:13)
    at parseCapsForInnerDriver (C:\Users\SQE Labs\AppData\Roaming\npm\node_modules\appium\lib\utils.js:151:40)
    at AppiumDriver.createSession (C:\Users\SQE Labs\AppData\Roaming\npm\node_modules\appium\lib\appium.js:279:49)
    at commandExecutor (C:\Users\SQE Labs\AppData\Roaming\npm\node_modules\appium\node_modules\@appium\base-driver\lib\basedriver\driver.ts:107:18)
    at AppiumDriver.executeCommand (C:\Users\SQE Labs\AppData\Roaming\npm\node_modules\appium\node_modules\@appium\base-driver\lib\basedriver\driver.ts:124:15)
    at processTicksAndRejections (node:internal/process/task_queues:95:5)
    at defaultBehavior (C:\Users\SQE Labs\AppData\Roaming\npm\node_modules\appium\lib\appium.js:718:16)
    at AppiumDriver.executeWrappedCommand (C:\Users\SQE Labs\AppData\Roaming\npm\node_modules\appium\lib\appium.js:828:16)
    at AppiumDriver.executeCommand (C:\Users\SQE Labs\AppData\Roaming\npm\node_modules\appium\lib\appium.js:734:17)
    at asyncHandler (C:\Users\SQE Labs\AppData\Roaming\npm\node_modules\appium\node_modules\@appium\base-driver\lib\protocol\protocol.js:393:19)
	at java.base/jdk.internal.reflect.NativeConstructorAccessorImpl.newInstance0(Native Method)
	at java.base/jdk.internal.reflect.NativeConstructorAccessorImpl.newInstance(NativeConstructorAccessorImpl.java:77)
	at java.base/jdk.internal.reflect.DelegatingConstructorAccessorImpl.newInstance(DelegatingConstructorAccessorImpl.java:45)
	at java.base/java.lang.reflect.Constructor.newInstanceWithCaller(Constructor.java:499)
	at java.base/java.lang.reflect.Constructor.newInstance(Constructor.java:480)
	at org.openqa.selenium.remote.W3CHandshakeResponse.lambda$new$0(W3CHandshakeResponse.java:57)
	at org.openqa.selenium.remote.W3CHandshakeResponse.lambda$getResponseFunction$2(W3CHandshakeResponse.java:104)
	at org.openqa.selenium.remote.ProtocolHandshake.lambda$createSession$24(ProtocolHandshake.java:359)
	at java.base/java.util.stream.ReferencePipeline$3$1.accept(ReferencePipeline.java:197)
	at java.base/java.util.Spliterators$ArraySpliterator.tryAdvance(Spliterators.java:1002)
	at java.base/java.util.stream.ReferencePipeline.forEachWithCancel(ReferencePipeline.java:129)
	at java.base/java.util.stream.AbstractPipeline.copyIntoWithCancel(AbstractPipeline.java:527)
	at java.base/java.util.stream.AbstractPipeline.copyInto(AbstractPipeline.java:513)
	at java.base/java.util.stream.AbstractPipeline.wrapAndCopyInto(AbstractPipeline.java:499)
	at java.base/java.util.stream.FindOps$FindOp.evaluateSequential(FindOps.java:150)
	at java.base/java.util.stream.AbstractPipeline.evaluate(AbstractPipeline.java:234)
	at java.base/java.util.stream.ReferencePipeline.findFirst(ReferencePipeline.java:647)
	at org.openqa.selenium.remote.ProtocolHandshake.createSession(ProtocolHandshake.java:362)
	at org.openqa.selenium.remote.ProtocolHandshake.createSession(ProtocolHandshake.java:136)
	at org.openqa.selenium.remote.HttpCommandExecutor.execute(HttpCommandExecutor.java:142)
	at io.appium.java_client.remote.AppiumCommandExecutor.execute(AppiumCommandExecutor.java:52)
	at org.openqa.selenium.remote.RemoteWebDriver.execute(RemoteWebDriver.java:646)
	at io.appium.java_client.DefaultGenericMobileDriver.execute(DefaultGenericMobileDriver.java:42)
	at io.appium.java_client.AppiumDriver.execute(AppiumDriver.java:1)
	at io.appium.java_client.android.AndroidDriver.execute(AndroidDriver.java:1)
	at org.openqa.selenium.remote.RemoteWebDriver.startSession(RemoteWebDriver.java:255)
	at org.openqa.selenium.remote.RemoteWebDriver.startSession(RemoteWebDriver.java:237)
	at org.openqa.selenium.remote.RemoteWebDriver.<init>(RemoteWebDriver.java:138)
	at io.appium.java_client.DefaultGenericMobileDriver.<init>(DefaultGenericMobileDriver.java:37)
	at io.appium.java_client.AppiumDriver.<init>(AppiumDriver.java:160)
	at io.appium.java_client.AppiumDriver.<init>(AppiumDriver.java:168)
	at io.appium.java_client.android.AndroidDriver.<init>(AndroidDriver.java:69)
	at utilities.DriverManager.initializeDriver(DriverManager.java:56)
	at base.BaseTest.initialize(BaseTest.java:35)
	at java.base/jdk.internal.reflect.NativeMethodAccessorImpl.invoke0(Native Method)
	at java.base/jdk.internal.reflect.NativeMethodAccessorImpl.invoke(NativeMethodAccessorImpl.java:77)
	at java.base/jdk.internal.reflect.DelegatingMethodAccessorImpl.invoke(DelegatingMethodAccessorImpl.java:43)
	at java.base/java.lang.reflect.Method.invoke(Method.java:568)
	at org.testng.internal.MethodInvocationHelper.invokeMethod(MethodInvocationHelper.java:108)
	at org.testng.internal.Invoker.invokeConfigurationMethod(Invoker.java:523)
	at org.testng.internal.Invoker.invokeConfigurations(Invoker.java:224)
	at org.testng.internal.Invoker.invokeConfigurations(Invoker.java:146)
	at org.testng.SuiteRunner.privateRun(SuiteRunner.java:326)
	at org.testng.SuiteRunner.run(SuiteRunner.java:289)
	at org.testng.SuiteRunnerWorker.runSuite(SuiteRunnerWorker.java:52)
	at org.testng.SuiteRunnerWorker.run(SuiteRunnerWorker.java:86)
	at org.testng.TestNG.runSuitesSequentially(TestNG.java:1301)
	at org.testng.TestNG.runSuitesLocally(TestNG.java:1226)
	at org.testng.TestNG.runSuites(TestNG.java:1144)
	at org.testng.TestNG.run(TestNG.java:1115)
	at org.apache.maven.surefire.testng.TestNGExecutor.run(TestNGExecutor.java:136)
	at org.apache.maven.surefire.testng.TestNGDirectoryTestSuite.executeMulti(TestNGDirectoryTestSuite.java:193)
	at org.apache.maven.surefire.testng.TestNGDirectoryTestSuite.execute(TestNGDirectoryTestSuite.java:94)
	at org.apache.maven.surefire.testng.TestNGProvider.invoke(TestNGProvider.java:145)
	at org.apache.maven.surefire.booter.ForkedBooter.runSuitesInProcess(ForkedBooter.java:428)
	at org.apache.maven.surefire.booter.ForkedBooter.execute(ForkedBooter.java:162)
	at org.apache.maven.surefire.booter.ForkedBooter.run(ForkedBooter.java:562)
	at org.apache.maven.surefire.booter.ForkedBooter.main(ForkedBooter.java:548)
]]>
            </full-stacktrace>
          </exception> <!-- org.openqa.selenium.InvalidArgumentException -->
          <reporter-output>
          </reporter-output>
        </test-method> <!-- validateEmailReceived -->
        <test-method is-config="true" signature="beforeMethod(java.lang.reflect.Method)[pri:0, instance:testClasses.ForgotPasswordTest@4988d8b8]" started-at="2023-08-31T16:01:40Z" name="beforeMethod" finished-at="2023-08-31T16:01:40Z" duration-ms="0" status="SKIP">
          <reporter-output>
          </reporter-output>
        </test-method> <!-- beforeMethod -->
      </class> <!-- testClasses.ForgotPasswordTest -->
      <class name="testClasses.UnsubscribedUserTest">
        <test-method is-config="true" signature="beforeMethod(java.lang.reflect.Method)[pri:0, instance:testClasses.UnsubscribedUserTest@bccb269]" started-at="2023-08-31T16:01:40Z" name="beforeMethod" finished-at="2023-08-31T16:01:40Z" duration-ms="0" status="SKIP">
          <reporter-output>
          </reporter-output>
        </test-method> <!-- beforeMethod -->
        <test-method signature="UnsubscribedUser()[pri:7, instance:testClasses.UnsubscribedUserTest@bccb269]" started-at="2023-08-31T16:01:40Z" name="UnsubscribedUser" finished-at="2023-08-31T16:01:40Z" duration-ms="0" status="SKIP">
          <exception class="org.openqa.selenium.InvalidArgumentException">
            <message>
              <![CDATA['automationName' can't be blank
Build info: version: '3.5.3', revision: 'a88d25fe6b', time: '2017-08-29T12:42:44.417Z'
System info: host: 'ankit-gupta', ip: '192.168.1.31', os.name: 'Windows 11', os.arch: 'amd64', os.version: '10.0', java.version: '17.0.5'
Driver info: driver.version: AndroidDriver
remote stacktrace: InvalidArgumentError: 'automationName' can't be blank
    at processCapabilities (C:\Users\SQE Labs\AppData\Roaming\npm\node_modules\appium\node_modules\@appium\base-driver\lib\basedriver\capabilities.js:345:13)
    at parseCapsForInnerDriver (C:\Users\SQE Labs\AppData\Roaming\npm\node_modules\appium\lib\utils.js:151:40)
    at AppiumDriver.createSession (C:\Users\SQE Labs\AppData\Roaming\npm\node_modules\appium\lib\appium.js:279:49)
    at commandExecutor (C:\Users\SQE Labs\AppData\Roaming\npm\node_modules\appium\node_modules\@appium\base-driver\lib\basedriver\driver.ts:107:18)
    at AppiumDriver.executeCommand (C:\Users\SQE Labs\AppData\Roaming\npm\node_modules\appium\node_modules\@appium\base-driver\lib\basedriver\driver.ts:124:15)
    at processTicksAndRejections (node:internal/process/task_queues:95:5)
    at defaultBehavior (C:\Users\SQE Labs\AppData\Roaming\npm\node_modules\appium\lib\appium.js:718:16)
    at AppiumDriver.executeWrappedCommand (C:\Users\SQE Labs\AppData\Roaming\npm\node_modules\appium\lib\appium.js:828:16)
    at AppiumDriver.executeCommand (C:\Users\SQE Labs\AppData\Roaming\npm\node_modules\appium\lib\appium.js:734:17)
    at asyncHandler (C:\Users\SQE Labs\AppData\Roaming\npm\node_modules\appium\node_modules\@appium\base-driver\lib\protocol\protocol.js:393:19)]]>
            </message>
            <full-stacktrace>
              <![CDATA[org.openqa.selenium.InvalidArgumentException: 'automationName' can't be blank
Build info: version: '3.5.3', revision: 'a88d25fe6b', time: '2017-08-29T12:42:44.417Z'
System info: host: 'ankit-gupta', ip: '192.168.1.31', os.name: 'Windows 11', os.arch: 'amd64', os.version: '10.0', java.version: '17.0.5'
Driver info: driver.version: AndroidDriver
remote stacktrace: InvalidArgumentError: 'automationName' can't be blank
    at processCapabilities (C:\Users\SQE Labs\AppData\Roaming\npm\node_modules\appium\node_modules\@appium\base-driver\lib\basedriver\capabilities.js:345:13)
    at parseCapsForInnerDriver (C:\Users\SQE Labs\AppData\Roaming\npm\node_modules\appium\lib\utils.js:151:40)
    at AppiumDriver.createSession (C:\Users\SQE Labs\AppData\Roaming\npm\node_modules\appium\lib\appium.js:279:49)
    at commandExecutor (C:\Users\SQE Labs\AppData\Roaming\npm\node_modules\appium\node_modules\@appium\base-driver\lib\basedriver\driver.ts:107:18)
    at AppiumDriver.executeCommand (C:\Users\SQE Labs\AppData\Roaming\npm\node_modules\appium\node_modules\@appium\base-driver\lib\basedriver\driver.ts:124:15)
    at processTicksAndRejections (node:internal/process/task_queues:95:5)
    at defaultBehavior (C:\Users\SQE Labs\AppData\Roaming\npm\node_modules\appium\lib\appium.js:718:16)
    at AppiumDriver.executeWrappedCommand (C:\Users\SQE Labs\AppData\Roaming\npm\node_modules\appium\lib\appium.js:828:16)
    at AppiumDriver.executeCommand (C:\Users\SQE Labs\AppData\Roaming\npm\node_modules\appium\lib\appium.js:734:17)
    at asyncHandler (C:\Users\SQE Labs\AppData\Roaming\npm\node_modules\appium\node_modules\@appium\base-driver\lib\protocol\protocol.js:393:19)
	at java.base/jdk.internal.reflect.NativeConstructorAccessorImpl.newInstance0(Native Method)
	at java.base/jdk.internal.reflect.NativeConstructorAccessorImpl.newInstance(NativeConstructorAccessorImpl.java:77)
	at java.base/jdk.internal.reflect.DelegatingConstructorAccessorImpl.newInstance(DelegatingConstructorAccessorImpl.java:45)
	at java.base/java.lang.reflect.Constructor.newInstanceWithCaller(Constructor.java:499)
	at java.base/java.lang.reflect.Constructor.newInstance(Constructor.java:480)
	at org.openqa.selenium.remote.W3CHandshakeResponse.lambda$new$0(W3CHandshakeResponse.java:57)
	at org.openqa.selenium.remote.W3CHandshakeResponse.lambda$getResponseFunction$2(W3CHandshakeResponse.java:104)
	at org.openqa.selenium.remote.ProtocolHandshake.lambda$createSession$24(ProtocolHandshake.java:359)
	at java.base/java.util.stream.ReferencePipeline$3$1.accept(ReferencePipeline.java:197)
	at java.base/java.util.Spliterators$ArraySpliterator.tryAdvance(Spliterators.java:1002)
	at java.base/java.util.stream.ReferencePipeline.forEachWithCancel(ReferencePipeline.java:129)
	at java.base/java.util.stream.AbstractPipeline.copyIntoWithCancel(AbstractPipeline.java:527)
	at java.base/java.util.stream.AbstractPipeline.copyInto(AbstractPipeline.java:513)
	at java.base/java.util.stream.AbstractPipeline.wrapAndCopyInto(AbstractPipeline.java:499)
	at java.base/java.util.stream.FindOps$FindOp.evaluateSequential(FindOps.java:150)
	at java.base/java.util.stream.AbstractPipeline.evaluate(AbstractPipeline.java:234)
	at java.base/java.util.stream.ReferencePipeline.findFirst(ReferencePipeline.java:647)
	at org.openqa.selenium.remote.ProtocolHandshake.createSession(ProtocolHandshake.java:362)
	at org.openqa.selenium.remote.ProtocolHandshake.createSession(ProtocolHandshake.java:136)
	at org.openqa.selenium.remote.HttpCommandExecutor.execute(HttpCommandExecutor.java:142)
	at io.appium.java_client.remote.AppiumCommandExecutor.execute(AppiumCommandExecutor.java:52)
	at org.openqa.selenium.remote.RemoteWebDriver.execute(RemoteWebDriver.java:646)
	at io.appium.java_client.DefaultGenericMobileDriver.execute(DefaultGenericMobileDriver.java:42)
	at io.appium.java_client.AppiumDriver.execute(AppiumDriver.java:1)
	at io.appium.java_client.android.AndroidDriver.execute(AndroidDriver.java:1)
	at org.openqa.selenium.remote.RemoteWebDriver.startSession(RemoteWebDriver.java:255)
	at org.openqa.selenium.remote.RemoteWebDriver.startSession(RemoteWebDriver.java:237)
	at org.openqa.selenium.remote.RemoteWebDriver.<init>(RemoteWebDriver.java:138)
	at io.appium.java_client.DefaultGenericMobileDriver.<init>(DefaultGenericMobileDriver.java:37)
	at io.appium.java_client.AppiumDriver.<init>(AppiumDriver.java:160)
	at io.appium.java_client.AppiumDriver.<init>(AppiumDriver.java:168)
	at io.appium.java_client.android.AndroidDriver.<init>(AndroidDriver.java:69)
	at utilities.DriverManager.initializeDriver(DriverManager.java:56)
	at base.BaseTest.initialize(BaseTest.java:35)
	at java.base/jdk.internal.reflect.NativeMethodAccessorImpl.invoke0(Native Method)
	at java.base/jdk.internal.reflect.NativeMethodAccessorImpl.invoke(NativeMethodAccessorImpl.java:77)
	at java.base/jdk.internal.reflect.DelegatingMethodAccessorImpl.invoke(DelegatingMethodAccessorImpl.java:43)
	at java.base/java.lang.reflect.Method.invoke(Method.java:568)
	at org.testng.internal.MethodInvocationHelper.invokeMethod(MethodInvocationHelper.java:108)
	at org.testng.internal.Invoker.invokeConfigurationMethod(Invoker.java:523)
	at org.testng.internal.Invoker.invokeConfigurations(Invoker.java:224)
	at org.testng.internal.Invoker.invokeConfigurations(Invoker.java:146)
	at org.testng.SuiteRunner.privateRun(SuiteRunner.java:326)
	at org.testng.SuiteRunner.run(SuiteRunner.java:289)
	at org.testng.SuiteRunnerWorker.runSuite(SuiteRunnerWorker.java:52)
	at org.testng.SuiteRunnerWorker.run(SuiteRunnerWorker.java:86)
	at org.testng.TestNG.runSuitesSequentially(TestNG.java:1301)
	at org.testng.TestNG.runSuitesLocally(TestNG.java:1226)
	at org.testng.TestNG.runSuites(TestNG.java:1144)
	at org.testng.TestNG.run(TestNG.java:1115)
	at org.apache.maven.surefire.testng.TestNGExecutor.run(TestNGExecutor.java:136)
	at org.apache.maven.surefire.testng.TestNGDirectoryTestSuite.executeMulti(TestNGDirectoryTestSuite.java:193)
	at org.apache.maven.surefire.testng.TestNGDirectoryTestSuite.execute(TestNGDirectoryTestSuite.java:94)
	at org.apache.maven.surefire.testng.TestNGProvider.invoke(TestNGProvider.java:145)
	at org.apache.maven.surefire.booter.ForkedBooter.runSuitesInProcess(ForkedBooter.java:428)
	at org.apache.maven.surefire.booter.ForkedBooter.execute(ForkedBooter.java:162)
	at org.apache.maven.surefire.booter.ForkedBooter.run(ForkedBooter.java:562)
	at org.apache.maven.surefire.booter.ForkedBooter.main(ForkedBooter.java:548)
]]>
            </full-stacktrace>
          </exception> <!-- org.openqa.selenium.InvalidArgumentException -->
          <reporter-output>
          </reporter-output>
        </test-method> <!-- UnsubscribedUser -->
      </class> <!-- testClasses.UnsubscribedUserTest -->
      <class name="testClasses.LoginTest">
        <test-method is-config="true" signature="beforeMethod(java.lang.reflect.Method)[pri:0, instance:testClasses.LoginTest@305b7c14]" started-at="2023-08-31T16:01:40Z" name="beforeMethod" finished-at="2023-08-31T16:01:40Z" duration-ms="0" status="SKIP">
          <reporter-output>
          </reporter-output>
        </test-method> <!-- beforeMethod -->
        <test-method signature="NoUser_Login()[pri:1, instance:testClasses.LoginTest@305b7c14]" started-at="2023-08-31T16:01:40Z" name="NoUser_Login" description="Verify that no user is logged into the application" finished-at="2023-08-31T16:01:40Z" duration-ms="0" status="SKIP">
          <exception class="org.openqa.selenium.InvalidArgumentException">
            <message>
              <![CDATA['automationName' can't be blank
Build info: version: '3.5.3', revision: 'a88d25fe6b', time: '2017-08-29T12:42:44.417Z'
System info: host: 'ankit-gupta', ip: '192.168.1.31', os.name: 'Windows 11', os.arch: 'amd64', os.version: '10.0', java.version: '17.0.5'
Driver info: driver.version: AndroidDriver
remote stacktrace: InvalidArgumentError: 'automationName' can't be blank
    at processCapabilities (C:\Users\SQE Labs\AppData\Roaming\npm\node_modules\appium\node_modules\@appium\base-driver\lib\basedriver\capabilities.js:345:13)
    at parseCapsForInnerDriver (C:\Users\SQE Labs\AppData\Roaming\npm\node_modules\appium\lib\utils.js:151:40)
    at AppiumDriver.createSession (C:\Users\SQE Labs\AppData\Roaming\npm\node_modules\appium\lib\appium.js:279:49)
    at commandExecutor (C:\Users\SQE Labs\AppData\Roaming\npm\node_modules\appium\node_modules\@appium\base-driver\lib\basedriver\driver.ts:107:18)
    at AppiumDriver.executeCommand (C:\Users\SQE Labs\AppData\Roaming\npm\node_modules\appium\node_modules\@appium\base-driver\lib\basedriver\driver.ts:124:15)
    at processTicksAndRejections (node:internal/process/task_queues:95:5)
    at defaultBehavior (C:\Users\SQE Labs\AppData\Roaming\npm\node_modules\appium\lib\appium.js:718:16)
    at AppiumDriver.executeWrappedCommand (C:\Users\SQE Labs\AppData\Roaming\npm\node_modules\appium\lib\appium.js:828:16)
    at AppiumDriver.executeCommand (C:\Users\SQE Labs\AppData\Roaming\npm\node_modules\appium\lib\appium.js:734:17)
    at asyncHandler (C:\Users\SQE Labs\AppData\Roaming\npm\node_modules\appium\node_modules\@appium\base-driver\lib\protocol\protocol.js:393:19)]]>
            </message>
            <full-stacktrace>
              <![CDATA[org.openqa.selenium.InvalidArgumentException: 'automationName' can't be blank
Build info: version: '3.5.3', revision: 'a88d25fe6b', time: '2017-08-29T12:42:44.417Z'
System info: host: 'ankit-gupta', ip: '192.168.1.31', os.name: 'Windows 11', os.arch: 'amd64', os.version: '10.0', java.version: '17.0.5'
Driver info: driver.version: AndroidDriver
remote stacktrace: InvalidArgumentError: 'automationName' can't be blank
    at processCapabilities (C:\Users\SQE Labs\AppData\Roaming\npm\node_modules\appium\node_modules\@appium\base-driver\lib\basedriver\capabilities.js:345:13)
    at parseCapsForInnerDriver (C:\Users\SQE Labs\AppData\Roaming\npm\node_modules\appium\lib\utils.js:151:40)
    at AppiumDriver.createSession (C:\Users\SQE Labs\AppData\Roaming\npm\node_modules\appium\lib\appium.js:279:49)
    at commandExecutor (C:\Users\SQE Labs\AppData\Roaming\npm\node_modules\appium\node_modules\@appium\base-driver\lib\basedriver\driver.ts:107:18)
    at AppiumDriver.executeCommand (C:\Users\SQE Labs\AppData\Roaming\npm\node_modules\appium\node_modules\@appium\base-driver\lib\basedriver\driver.ts:124:15)
    at processTicksAndRejections (node:internal/process/task_queues:95:5)
    at defaultBehavior (C:\Users\SQE Labs\AppData\Roaming\npm\node_modules\appium\lib\appium.js:718:16)
    at AppiumDriver.executeWrappedCommand (C:\Users\SQE Labs\AppData\Roaming\npm\node_modules\appium\lib\appium.js:828:16)
    at AppiumDriver.executeCommand (C:\Users\SQE Labs\AppData\Roaming\npm\node_modules\appium\lib\appium.js:734:17)
    at asyncHandler (C:\Users\SQE Labs\AppData\Roaming\npm\node_modules\appium\node_modules\@appium\base-driver\lib\protocol\protocol.js:393:19)
	at java.base/jdk.internal.reflect.NativeConstructorAccessorImpl.newInstance0(Native Method)
	at java.base/jdk.internal.reflect.NativeConstructorAccessorImpl.newInstance(NativeConstructorAccessorImpl.java:77)
	at java.base/jdk.internal.reflect.DelegatingConstructorAccessorImpl.newInstance(DelegatingConstructorAccessorImpl.java:45)
	at java.base/java.lang.reflect.Constructor.newInstanceWithCaller(Constructor.java:499)
	at java.base/java.lang.reflect.Constructor.newInstance(Constructor.java:480)
	at org.openqa.selenium.remote.W3CHandshakeResponse.lambda$new$0(W3CHandshakeResponse.java:57)
	at org.openqa.selenium.remote.W3CHandshakeResponse.lambda$getResponseFunction$2(W3CHandshakeResponse.java:104)
	at org.openqa.selenium.remote.ProtocolHandshake.lambda$createSession$24(ProtocolHandshake.java:359)
	at java.base/java.util.stream.ReferencePipeline$3$1.accept(ReferencePipeline.java:197)
	at java.base/java.util.Spliterators$ArraySpliterator.tryAdvance(Spliterators.java:1002)
	at java.base/java.util.stream.ReferencePipeline.forEachWithCancel(ReferencePipeline.java:129)
	at java.base/java.util.stream.AbstractPipeline.copyIntoWithCancel(AbstractPipeline.java:527)
	at java.base/java.util.stream.AbstractPipeline.copyInto(AbstractPipeline.java:513)
	at java.base/java.util.stream.AbstractPipeline.wrapAndCopyInto(AbstractPipeline.java:499)
	at java.base/java.util.stream.FindOps$FindOp.evaluateSequential(FindOps.java:150)
	at java.base/java.util.stream.AbstractPipeline.evaluate(AbstractPipeline.java:234)
	at java.base/java.util.stream.ReferencePipeline.findFirst(ReferencePipeline.java:647)
	at org.openqa.selenium.remote.ProtocolHandshake.createSession(ProtocolHandshake.java:362)
[...]
	at org.testng.SuiteRunner.privateRun(SuiteRunner.java:326)
	at org.testng.SuiteRunner.run(SuiteRunner.java:289)
	at org.testng.SuiteRunnerWorker.runSuite(SuiteRunnerWorker.java:52)
	at org.testng.SuiteRunnerWorker.run(SuiteRunnerWorker.java:86)
	at org.testng.TestNG.runSuitesSequentially(TestNG.java:1301)
	at org.testng.TestNG.runSuitesLocally(TestNG.java:1226)
	at org.testng.TestNG.runSuites(TestNG.java:1144)
	at org.testng.TestNG.run(TestNG.java:1115)
	at org.apache.maven.surefire.testng.TestNGExecutor.run(TestNGExecutor.java:136)
	at org.apache.maven.surefire.testng.TestNGDirectoryTestSuite.executeMulti(TestNGDirectoryTestSuite.java:193)
	at org.apache.maven.surefire.testng.TestNGDirectoryTestSuite.execute(TestNGDirectoryTestSuite.java:94)
	at org.apache.maven.surefire.testng.TestNGProvider.invoke(TestNGProvider.java:145)
	at org.apache.maven.surefire.booter.ForkedBooter.runSuitesInProcess(ForkedBooter.java:428)
	at org.apache.maven.surefire.booter.ForkedBooter.execute(ForkedBooter.java:162)
	at org.apache.maven.surefire.booter.ForkedBooter.run(ForkedBooter.java:562)
	at org.apache.maven.surefire.booter.ForkedBooter.main(ForkedBooter.java:548)
]]>
            </full-stacktrace>
          </exception> <!-- org.openqa.selenium.InvalidArgumentException -->
          <reporter-output>
          </reporter-output>
        </test-method> <!-- privacy_PoLicy -->
        <test-method signature="termsAndConditioN()[pri:63, instance:testClasses.HumburgerMenuTest@c0c2f8d]" started-at="2023-08-31T16:01:40Z" name="termsAndConditioN" description="Verify that &#039;TERMS AND CONDTION&#039; page opens up" finished-at="2023-08-31T16:01:40Z" duration-ms="0" status="SKIP">
          <exception class="org.openqa.selenium.InvalidArgumentException">
            <message>
              <![CDATA['automationName' can't be blank
Build info: version: '3.5.3', revision: 'a88d25fe6b', time: '2017-08-29T12:42:44.417Z'
System info: host: 'ankit-gupta', ip: '192.168.1.31', os.name: 'Windows 11', os.arch: 'amd64', os.version: '10.0', java.version: '17.0.5'
Driver info: driver.version: AndroidDriver
remote stacktrace: InvalidArgumentError: 'automationName' can't be blank
    at processCapabilities (C:\Users\SQE Labs\AppData\Roaming\npm\node_modules\appium\node_modules\@appium\base-driver\lib\basedriver\capabilities.js:345:13)
    at parseCapsForInnerDriver (C:\Users\SQE Labs\AppData\Roaming\npm\node_modules\appium\lib\utils.js:151:40)
    at AppiumDriver.createSession (C:\Users\SQE Labs\AppData\Roaming\npm\node_modules\appium\lib\appium.js:279:49)
    at commandExecutor (C:\Users\SQE Labs\AppData\Roaming\npm\node_modules\appium\node_modules\@appium\base-driver\lib\basedriver\driver.ts:107:18)
    at AppiumDriver.executeCommand (C:\Users\SQE Labs\AppData\Roaming\npm\node_modules\appium\node_modules\@appium\base-driver\lib\basedriver\driver.ts:124:15)
    at processTicksAndRejections (node:internal/process/task_queues:95:5)
    at defaultBehavior (C:\Users\SQE Labs\AppData\Roaming\npm\node_modules\appium\lib\appium.js:718:16)
    at AppiumDriver.executeWrappedCommand (C:\Users\SQE Labs\AppData\Roaming\npm\node_modules\appium\lib\appium.js:828:16)
    at AppiumDriver.executeCommand (C:\Users\SQE Labs\AppData\Roaming\npm\node_modules\appium\lib\appium.js:734:17)
    at asyncHandler (C:\Users\SQE Labs\AppData\Roaming\npm\node_modules\appium\node_modules\@appium\base-driver\lib\protocol\protocol.js:393:19)]]>
            </message>
            <full-stacktrace>
              <![CDATA[org.openqa.selenium.InvalidArgumentException: 'automationName' can't be blank
Build info: version: '3.5.3', revision: 'a88d25fe6b', time: '2017-08-29T12:42:44.417Z'
System info: host: 'ankit-gupta', ip: '192.168.1.31', os.name: 'Windows 11', os.arch: 'amd64', os.version: '10.0', java.version: '17.0.5'
Driver info: driver.version: AndroidDriver
remote stacktrace: InvalidArgumentError: 'automationName' can't be blank
    at processCapabilities (C:\Users\SQE Labs\AppData\Roaming\npm\node_modules\appium\node_modules\@appium\base-driver\lib\basedriver\capabilities.js:345:13)
    at parseCapsForInnerDriver (C:\Users\SQE Labs\AppData\Roaming\npm\node_modules\appium\lib\utils.js:151:40)
    at AppiumDriver.createSession (C:\Users\SQE Labs\AppData\Roaming\npm\node_modules\appium\lib\appium.js:279:49)
    at commandExecutor (C:\Users\SQE Labs\AppData\Roaming\npm\node_modules\appium\node_modules\@appium\base-driver\lib\basedriver\driver.ts:107:18)
    at AppiumDriver.executeCommand (C:\Users\SQE Labs\AppData\Roaming\npm\node_modules\appium\node_modules\@appium\base-driver\lib\basedriver\driver.ts:124:15)
    at processTicksAndRejections (node:internal/process/task_queues:95:5)
    at defaultBehavior (C:\Users\SQE Labs\AppData\Roaming\npm\node_modules\appium\lib\appium.js:718:16)
    at AppiumDriver.executeWrappedCommand (C:\Users\SQE Labs\AppData\Roaming\npm\node_modules\appium\lib\appium.js:828:16)
    at AppiumDriver.executeCommand (C:\Users\SQE Labs\AppData\Roaming\npm\node_modules\appium\lib\appium.js:734:17)
    at asyncHandler (C:\Users\SQE Labs\AppData\Roaming\npm\node_modules\appium\node_modules\@appium\base-driver\lib\protocol\protocol.js:393:19)
	at java.base/jdk.internal.reflect.NativeConstructorAccessorImpl.newInstance0(Native Method)
	at java.base/jdk.internal.reflect.NativeConstructorAccessorImpl.newInstance(NativeConstructorAccessorImpl.java:77)
	at java.base/jdk.internal.reflect.DelegatingConstructorAccessorImpl.newInstance(DelegatingConstructorAccessorImpl.java:45)
	at java.base/java.lang.reflect.Constructor.newInstanceWithCaller(Constructor.java:499)
	at java.base/java.lang.reflect.Constructor.newInstance(Constructor.java:480)
	at org.openqa.selenium.remote.W3CHandshakeResponse.lambda$new$0(W3CHandshakeResponse.java:57)
	at org.openqa.selenium.remote.W3CHandshakeResponse.lambda$getResponseFunction$2(W3CHandshakeResponse.java:104)
	at org.openqa.selenium.remote.ProtocolHandshake.lambda$createSession$24(ProtocolHandshake.java:359)
	at java.base/java.util.stream.ReferencePipeline$3$1.accept(ReferencePipeline.java:197)
	at java.base/java.util.Spliterators$ArraySpliterator.tryAdvance(Spliterators.java:1002)
	at java.base/java.util.stream.ReferencePipeline.forEachWithCancel(ReferencePipeline.java:129)
	at java.base/java.util.stream.AbstractPipeline.copyIntoWithCancel(AbstractPipeline.java:527)
	at java.base/java.util.stream.AbstractPipeline.copyInto(AbstractPipeline.java:513)
	at java.base/java.util.stream.AbstractPipeline.wrapAndCopyInto(AbstractPipeline.java:499)
	at java.base/java.util.stream.FindOps$FindOp.evaluateSequential(FindOps.java:150)
	at java.base/java.util.stream.AbstractPipeline.evaluate(AbstractPipeline.java:234)
	at java.base/java.util.stream.ReferencePipeline.findFirst(ReferencePipeline.java:647)
	at org.openqa.selenium.remote.ProtocolHandshake.createSession(ProtocolHandshake.java:362)
	at org.openqa.selenium.remote.ProtocolHandshake.createSession(ProtocolHandshake.java:136)
	at org.openqa.selenium.remote.HttpCommandExecutor.execute(HttpCommandExecutor.java:142)
	at io.appium.java_client.remote.AppiumCommandExecutor.execute(AppiumCommandExecutor.java:52)
	at org.openqa.selenium.remote.RemoteWebDriver.execute(RemoteWebDriver.java:646)
	at io.appium.java_client.DefaultGenericMobileDriver.execute(DefaultGenericMobileDriver.java:42)
	at io.appium.java_client.AppiumDriver.execute(AppiumDriver.java:1)
	at io.appium.java_client.android.AndroidDriver.execute(AndroidDriver.java:1)
	at org.openqa.selenium.remote.RemoteWebDriver.startSession(RemoteWebDriver.java:255)
	at org.openqa.selenium.remote.RemoteWebDriver.startSession(RemoteWebDriver.java:237)
	at org.openqa.selenium.remote.RemoteWebDriver.<init>(RemoteWebDriver.java:138)
	at io.appium.java_client.DefaultGenericMobileDriver.<init>(DefaultGenericMobileDriver.java:37)
	at io.appium.java_client.AppiumDriver.<init>(AppiumDriver.java:160)
	at io.appium.java_client.AppiumDriver.<init>(AppiumDriver.java:168)
	at io.appium.java_client.android.AndroidDriver.<init>(AndroidDriver.java:69)
	at utilities.DriverManager.initializeDriver(DriverManager.java:56)
	at base.BaseTest.initialize(BaseTest.java:35)
	at java.base/jdk.internal.reflect.NativeMethodAccessorImpl.invoke0(Native Method)
	at java.base/jdk.internal.reflect.NativeMethodAccessorImpl.invoke(NativeMethodAccessorImpl.java:77)
	at java.base/jdk.internal.reflect.DelegatingMethodAccessorImpl.invoke(DelegatingMethodAccessorImpl.java:43)
	at java.base/java.lang.reflect.Method.invoke(Method.java:568)
	at org.testng.internal.MethodInvocationHelper.invokeMethod(MethodInvocationHelper.java:108)
	at org.testng.internal.Invoker.invokeConfigurationMethod(Invoker.java:523)
	at org.testng.internal.Invoker.invokeConfigurations(Invoker.java:224)
	at org.testng.internal.Invoker.invokeConfigurations(Invoker.java:146)
	at org.testng.SuiteRunner.privateRun(SuiteRunner.java:326)
	at org.testng.SuiteRunner.run(SuiteRunner.java:289)
	at org.testng.SuiteRunnerWorker.runSuite(SuiteRunnerWorker.java:52)
	at org.testng.SuiteRunnerWorker.run(SuiteRunnerWorker.java:86)
	at org.testng.TestNG.runSuitesSequentially(TestNG.java:1301)
	at org.testng.TestNG.runSuitesLocally(TestNG.java:1226)
	at org.testng.TestNG.runSuites(TestNG.java:1144)
	at org.testng.TestNG.run(TestNG.java:1115)
	at org.apache.maven.surefire.testng.TestNGExecutor.run(TestNGExecutor.java:136)
	at org.apache.maven.surefire.testng.TestNGDirectoryTestSuite.executeMulti(TestNGDirectoryTestSuite.java:193)
	at org.apache.maven.surefire.testng.TestNGDirectoryTestSuite.execute(TestNGDirectoryTestSuite.java:94)
	at org.apache.maven.surefire.testng.TestNGProvider.invoke(TestNGProvider.java:145)
	at org.apache.maven.surefire.booter.ForkedBooter.runSuitesInProcess(ForkedBooter.java:428)
	at org.apache.maven.surefire.booter.ForkedBooter.execute(ForkedBooter.java:162)
	at org.apache.maven.surefire.booter.ForkedBooter.run(ForkedBooter.java:562)
	at org.apache.maven.surefire.booter.ForkedBooter.main(ForkedBooter.java:548)
]]>
            </full-stacktrace>
          </exception> <!-- org.openqa.selenium.InvalidArgumentException -->
          <reporter-output>
          </reporter-output>
        </test-method> <!-- termsAndConditioN -->
        <test-method is-config="true" signature="beforeMethod(java.lang.reflect.Method)[pri:0, instance:testClasses.HumburgerMenuTest@c0c2f8d]" started-at="2023-08-31T16:01:40Z" name="beforeMethod" finished-at="2023-08-31T16:01:40Z" duration-ms="0" status="SKIP">
          <reporter-output>
          </reporter-output>
        </test-method> <!-- beforeMethod -->
        <test-method is-config="true" signature="beforeMethod(java.lang.reflect.Method)[pri:0, instance:testClasses.HumburgerMenuTest@c0c2f8d]" started-at="2023-08-31T16:01:40Z" name="beforeMethod" finished-at="2023-08-31T16:01:40Z" duration-ms="0" status="SKIP">
          <reporter-output>
          </reporter-output>
        </test-method> <!-- beforeMethod -->
      </class> <!-- testClasses.HumburgerMenuTest -->
      <class name="testClasses.SubscribedUserTest">
        <test-method signature="subscribedUser()[pri:8, instance:testClasses.SubscribedUserTest@66d18979]" started-at="2023-08-31T16:01:40Z" name="subscribedUser" finished-at="2023-08-31T16:01:40Z" duration-ms="0" status="SKIP">
          <exception class="org.openqa.selenium.InvalidArgumentException">
            <message>
              <![CDATA['automationName' can't be blank
Build info: version: '3.5.3', revision: 'a88d25fe6b', time: '2017-08-29T12:42:44.417Z'
System info: host: 'ankit-gupta', ip: '192.168.1.31', os.name: 'Windows 11', os.arch: 'amd64', os.version: '10.0', java.version: '17.0.5'
Driver info: driver.version: AndroidDriver
remote stacktrace: InvalidArgumentError: 'automationName' can't be blank
    at processCapabilities (C:\Users\SQE Labs\AppData\Roaming\npm\node_modules\appium\node_modules\@appium\base-driver\lib\basedriver\capabilities.js:345:13)
    at parseCapsForInnerDriver (C:\Users\SQE Labs\AppData\Roaming\npm\node_modules\appium\lib\utils.js:151:40)
    at AppiumDriver.createSession (C:\Users\SQE Labs\AppData\Roaming\npm\node_modules\appium\lib\appium.js:279:49)
    at commandExecutor (C:\Users\SQE Labs\AppData\Roaming\npm\node_modules\appium\node_modules\@appium\base-driver\lib\basedriver\driver.ts:107:18)
    at AppiumDriver.executeCommand (C:\Users\SQE Labs\AppData\Roaming\npm\node_modules\appium\node_modules\@appium\base-driver\lib\basedriver\driver.ts:124:15)
    at processTicksAndRejections (node:internal/process/task_queues:95:5)
    at defaultBehavior (C:\Users\SQE Labs\AppData\Roaming\npm\node_modules\appium\lib\appium.js:718:16)
    at AppiumDriver.executeWrappedCommand (C:\Users\SQE Labs\AppData\Roaming\npm\node_modules\appium\lib\appium.js:828:16)
    at AppiumDriver.executeCommand (C:\Users\SQE Labs\AppData\Roaming\npm\node_modules\appium\lib\appium.js:734:17)
    at asyncHandler (C:\Users\SQE Labs\AppData\Roaming\npm\node_modules\appium\node_modules\@appium\base-driver\lib\protocol\protocol.js:393:19)]]>
            </message>
            <full-stacktrace>
              <![CDATA[org.openqa.selenium.InvalidArgumentException: 'automationName' can't be blank
Build info: version: '3.5.3', revision: 'a88d25fe6b', time: '2017-08-29T12:42:44.417Z'
System info: host: 'ankit-gupta', ip: '192.168.1.31', os.name: 'Windows 11', os.arch: 'amd64', os.version: '10.0', java.version: '17.0.5'
Driver info: driver.version: AndroidDriver
remote stacktrace: InvalidArgumentError: 'automationName' can't be blank
    at processCapabilities (C:\Users\SQE Labs\AppData\Roaming\npm\node_modules\appium\node_modules\@appium\base-driver\lib\basedriver\capabilities.js:345:13)
    at parseCapsForInnerDriver (C:\Users\SQE Labs\AppData\Roaming\npm\node_modules\appium\lib\utils.js:151:40)
    at AppiumDriver.createSession (C:\Users\SQE Labs\AppData\Roaming\npm\node_modules\appium\lib\appium.js:279:49)
    at commandExecutor (C:\Users\SQE Labs\AppData\Roaming\npm\node_modules\appium\node_modules\@appium\base-driver\lib\basedriver\driver.ts:107:18)
    at AppiumDriver.executeCommand (C:\Users\SQE Labs\AppData\Roaming\npm\node_modules\appium\node_modules\@appium\base-driver\lib\basedriver\driver.ts:124:15)
    at processTicksAndRejections (node:internal/process/task_queues:95:5)
    at defaultBehavior (C:\Users\SQE Labs\AppData\Roaming\npm\node_modules\appium\lib\appium.js:718:16)
    at AppiumDriver.executeWrappedCommand (C:\Users\SQE Labs\AppData\Roaming\npm\node_modules\appium\lib\appium.js:828:16)
    at AppiumDriver.executeCommand (C:\Users\SQE Labs\AppData\Roaming\npm\node_modules\appium\lib\appium.js:734:17)
    at asyncHandler (C:\Users\SQE Labs\AppData\Roaming\npm\node_modules\appium\node_modules\@appium\base-driver\lib\protocol\protocol.js:393:19)
	at java.base/jdk.internal.reflect.NativeConstructorAccessorImpl.newInstance0(Native Method)
	at java.base/jdk.internal.reflect.NativeConstructorAccessorImpl.newInstance(NativeConstructorAccessorImpl.java:77)
	at java.base/jdk.internal.reflect.DelegatingConstructorAccessorImpl.newInstance(DelegatingConstructorAccessorImpl.java:45)
	at java.base/java.lang.reflect.Constructor.newInstanceWithCaller(Constructor.java:499)
	at java.base/java.lang.reflect.Constructor.newInstance(Constructor.java:480)
	at org.openqa.selenium.remote.W3CHandshakeResponse.lambda$new$0(W3CHandshakeResponse.java:57)
	at org.openqa.selenium.remote.W3CHandshakeResponse.lambda$getResponseFunction$2(W3CHandshakeResponse.java:104)
	at org.openqa.selenium.remote.ProtocolHandshake.lambda$createSession$24(ProtocolHandshake.java:359)
	at java.base/java.util.stream.ReferencePipeline$3$1.accept(ReferencePipeline.java:197)
	at java.base/java.util.Spliterators$ArraySpliterator.tryAdvance(Spliterators.java:1002)
	at java.base/java.util.stream.ReferencePipeline.forEachWithCancel(ReferencePipeline.java:129)
	at java.base/java.util.stream.AbstractPipeline.copyIntoWithCancel(AbstractPipeline.java:527)
	at java.base/java.util.stream.AbstractPipeline.copyInto(AbstractPipeline.java:513)
	at java.base/java.util.stream.AbstractPipeline.wrapAndCopyInto(AbstractPipeline.java:499)
	at java.base/java.util.stream.FindOps$FindOp.evaluateSequential(FindOps.java:150)
	at java.base/java.util.stream.AbstractPipeline.evaluate(AbstractPipeline.java:234)
	at java.base/java.util.stream.ReferencePipeline.findFirst(ReferencePipeline.java:647)
	at org.openqa.selenium.remote.ProtocolHandshake.createSession(ProtocolHandshake.java:362)
	at org.openqa.selenium.remote.ProtocolHandshake.createSession(ProtocolHandshake.java:136)
	at org.openqa.selenium.remote.HttpCommandExecutor.execute(HttpCommandExecutor.java:142)
	at io.appium.java_client.remote.AppiumCommandExecutor.execute(AppiumCommandExecutor.java:52)
	at org.openqa.selenium.remote.RemoteWebDriver.execute(RemoteWebDriver.java:646)
	at io.appium.java_client.DefaultGenericMobileDriver.execute(DefaultGenericMobileDriver.java:42)
	at io.appium.java_client.AppiumDriver.execute(AppiumDriver.java:1)
	at io.appium.java_client.android.AndroidDriver.execute(AndroidDriver.java:1)
	at org.openqa.selenium.remote.RemoteWebDriver.startSession(RemoteWebDriver.java:255)
	at org.openqa.selenium.remote.RemoteWebDriver.startSession(RemoteWebDriver.java:237)
	at org.openqa.selenium.remote.RemoteWebDriver.<init>(RemoteWebDriver.java:138)
	at io.appium.java_client.DefaultGenericMobileDriver.<init>(DefaultGenericMobileDriver.java:37)
	at io.appium.java_client.AppiumDriver.<init>(AppiumDriver.java:160)
	at io.appium.java_client.AppiumDriver.<init>(AppiumDriver.java:168)
	at io.appium.java_client.android.AndroidDriver.<init>(AndroidDriver.java:69)
	at utilities.DriverManager.initializeDriver(DriverManager.java:56)
	at base.BaseTest.initialize(BaseTest.java:35)
	at java.base/jdk.internal.reflect.NativeMethodAccessorImpl.invoke0(Native Method)
	at java.base/jdk.internal.reflect.NativeMethodAccessorImpl.invoke(NativeMethodAccessorImpl.java:77)
	at java.base/jdk.internal.reflect.DelegatingMethodAccessorImpl.invoke(DelegatingMethodAccessorImpl.java:43)
	at java.base/java.lang.reflect.Method.invoke(Method.java:568)
	at org.testng.internal.MethodInvocationHelper.invokeMethod(MethodInvocationHelper.java:108)
	at org.testng.internal.Invoker.invokeConfigurationMethod(Invoker.java:523)
	at org.testng.internal.Invoker.invokeConfigurations(Invoker.java:224)
	at org.testng.internal.Invoker.invokeConfigurations(Invoker.java:146)
	at org.testng.SuiteRunner.privateRun(SuiteRunner.java:326)
	at org.testng.SuiteRunner.run(SuiteRunner.java:289)
	at org.testng.SuiteRunnerWorker.runSuite(SuiteRunnerWorker.java:52)
	at org.testng.SuiteRunnerWorker.run(SuiteRunnerWorker.java:86)
	at org.testng.TestNG.runSuitesSequentially(TestNG.java:1301)
	at org.testng.TestNG.runSuitesLocally(TestNG.java:1226)
	at org.testng.TestNG.runSuites(TestNG.java:1144)
	at org.testng.TestNG.run(TestNG.java:1115)
	at org.apache.maven.surefire.testng.TestNGExecutor.run(TestNGExecutor.java:136)
	at org.apache.maven.surefire.testng.TestNGDirectoryTestSuite.executeMulti(TestNGDirectoryTestSuite.java:193)
	at org.apache.maven.surefire.testng.TestNGDirectoryTestSuite.execute(TestNGDirectoryTestSuite.java:94)
	at org.apache.maven.surefire.testng.TestNGProvider.invoke(TestNGProvider.java:145)
	at org.apache.maven.surefire.booter.ForkedBooter.runSuitesInProcess(ForkedBooter.java:428)
	at org.apache.maven.surefire.booter.ForkedBooter.execute(ForkedBooter.java:162)
	at org.apache.maven.surefire.booter.ForkedBooter.run(ForkedBooter.java:562)
	at org.apache.maven.surefire.booter.ForkedBooter.main(ForkedBooter.java:548)
]]>
            </full-stacktrace>
          </exception> <!-- org.openqa.selenium.InvalidArgumentException -->
          <reporter-output>
          </reporter-output>
        </test-method> <!-- subscribedUser -->
      </class> <!-- testClasses.SubscribedUserTest -->
    </test> <!-- Surefire test -->
  </suite> <!-- Surefire suite -->
</testng-results>
